
================================================================================
                        STARTING FINANCIAL DATA PIPELINE                        
================================================================================
2025-03-07 22:28:54,440 - pipeline_runner - INFO - [run_pipeline.py:119] - 
================================================================================
                        STARTING FINANCIAL DATA PIPELINE                        
================================================================================
Pipeline configuration:
2025-03-07 22:28:54,440 - pipeline_runner - INFO - [run_pipeline.py:315] - Pipeline configuration:
- Components: institution
2025-03-07 22:28:54,440 - pipeline_runner - INFO - [run_pipeline.py:316] - - Components: institution
- Watchlist only: False
2025-03-07 22:28:54,440 - pipeline_runner - INFO - [run_pipeline.py:317] - - Watchlist only: False
- Days to fetch: 5
2025-03-07 22:28:54,440 - pipeline_runner - INFO - [run_pipeline.py:318] - - Days to fetch: 5
- Limit per request: 10
2025-03-07 22:28:54,441 - pipeline_runner - INFO - [run_pipeline.py:319] - - Limit per request: 10

================================================================================
        RUNNING INSTITUTION FETCHER: Institutional holdings and activity        
================================================================================
2025-03-07 22:28:54,441 - pipeline_runner - INFO - [run_pipeline.py:119] - 
================================================================================
        RUNNING INSTITUTION FETCHER: Institutional holdings and activity        
================================================================================
Importing hedge_fund_fetcher...
2025-03-07 22:28:54,441 - pipeline_runner - INFO - [run_pipeline.py:208] - Importing hedge_fund_fetcher...
2025-03-07 22:28:54,719 - hedge_fund_fetcher - INFO - [hedge_fund_fetcher.py:55] - Successfully initialized Supabase client
✅ Module hedge_fund_fetcher imported successfully
2025-03-07 22:28:54,720 - pipeline_runner - INFO - [run_pipeline.py:212] - ✅ Module hedge_fund_fetcher imported successfully
✅ Class HedgeFundTradesFetcher found in module
2025-03-07 22:28:54,720 - pipeline_runner - INFO - [run_pipeline.py:221] - ✅ Class HedgeFundTradesFetcher found in module
Creating instance of HedgeFundTradesFetcher...
2025-03-07 22:28:54,720 - pipeline_runner - INFO - [run_pipeline.py:228] - Creating instance of HedgeFundTradesFetcher...
✅ Created instance of HedgeFundTradesFetcher
2025-03-07 22:28:54,720 - pipeline_runner - INFO - [run_pipeline.py:238] - ✅ Created instance of HedgeFundTradesFetcher
Running HedgeFundTradesFetcher.run()...
2025-03-07 22:28:54,720 - pipeline_runner - INFO - [run_pipeline.py:269] - Running HedgeFundTradesFetcher.run()...
2025-03-07 22:28:54,720 - hedge_fund_fetcher - INFO - [hedge_fund_fetcher.py:77] - Starting hedge fund trades fetching process
2025-03-07 22:28:54,720 - hedge_fund_fetcher - INFO - [hedge_fund_fetcher.py:95] - Fetching hedge fund trades from UnusualWhales API
2025-03-07 22:28:54,720 - unusual_whales_api - INFO - [unusual_whales_api.py:91] - Making request to https://api.unusualwhales.com/api/institutions with params {'tags': ['activist'], 'order_direction': 'desc', 'limit': 100}
2025-03-07 22:28:55,389 - unusual_whales_api - INFO - [unusual_whales_api.py:91] - Making request to https://api.unusualwhales.com/api/institutions with params {'order': 'total_value', 'order_direction': 'desc', 'limit': 100}
2025-03-07 22:28:55,697 - hedge_fund_fetcher - INFO - [hedge_fund_fetcher.py:105] - Retrieved 173 hedge funds from UnusualWhales API
2025-03-07 22:28:55,697 - hedge_fund_fetcher - ERROR - [hedge_fund_fetcher.py:134] - Error fetching from UnusualWhales API: type object 'datetime.datetime' has no attribute 'datetime'
2025-03-07 22:28:55,697 - hedge_fund_fetcher - INFO - [hedge_fund_fetcher.py:83] - Completed hedge fund trades fetching process
✅ institution: Completed successfully in 1.26s
2025-03-07 22:28:55,697 - pipeline_runner - INFO - [run_pipeline.py:289] - ✅ institution: Completed successfully in 1.26s

================================================================================
                           PIPELINE EXECUTION SUMMARY                           
================================================================================
2025-03-07 22:28:55,698 - pipeline_runner - INFO - [run_pipeline.py:119] - 
================================================================================
                           PIPELINE EXECUTION SUMMARY                           
================================================================================
institution    : ✅ SUCCESS
2025-03-07 22:28:55,698 - pipeline_runner - INFO - [run_pipeline.py:350] - institution    : ✅ SUCCESS

✅✅✅ ALL COMPONENTS COMPLETED SUCCESSFULLY: 1/1
2025-03-07 22:28:55,698 - pipeline_runner - INFO - [run_pipeline.py:355] - 
✅✅✅ ALL COMPONENTS COMPLETED SUCCESSFULLY: 1/1
Total pipeline execution time: 1.26 seconds
2025-03-07 22:28:55,698 - pipeline_runner - INFO - [run_pipeline.py:359] - Total pipeline execution time: 1.26 seconds
Complete log available at: logs/pipeline_20250307_222854.log
2025-03-07 22:28:55,698 - pipeline_runner - INFO - [run_pipeline.py:360] - Complete log available at: logs/pipeline_20250307_222854.log
