
================================================================================
                        STARTING FINANCIAL DATA PIPELINE                        
================================================================================
2025-03-07 22:36:56,118 - pipeline_runner - INFO - [run_pipeline.py:119] - 
================================================================================
                        STARTING FINANCIAL DATA PIPELINE                        
================================================================================
Pipeline configuration:
2025-03-07 22:36:56,118 - pipeline_runner - INFO - [run_pipeline.py:315] - Pipeline configuration:
- Components: institution
2025-03-07 22:36:56,118 - pipeline_runner - INFO - [run_pipeline.py:316] - - Components: institution
- Watchlist only: False
2025-03-07 22:36:56,118 - pipeline_runner - INFO - [run_pipeline.py:317] - - Watchlist only: False
- Days to fetch: 3
2025-03-07 22:36:56,118 - pipeline_runner - INFO - [run_pipeline.py:318] - - Days to fetch: 3
- Limit per request: 10
2025-03-07 22:36:56,118 - pipeline_runner - INFO - [run_pipeline.py:319] - - Limit per request: 10

================================================================================
        RUNNING INSTITUTION FETCHER: Institutional holdings and activity        
================================================================================
2025-03-07 22:36:56,118 - pipeline_runner - INFO - [run_pipeline.py:119] - 
================================================================================
        RUNNING INSTITUTION FETCHER: Institutional holdings and activity        
================================================================================
Importing hedge_fund_fetcher...
2025-03-07 22:36:56,118 - pipeline_runner - INFO - [run_pipeline.py:208] - Importing hedge_fund_fetcher...
2025-03-07 22:36:56,410 - hedge_fund_fetcher - INFO - [hedge_fund_fetcher.py:55] - Successfully initialized Supabase client
✅ Module hedge_fund_fetcher imported successfully
2025-03-07 22:36:56,410 - pipeline_runner - INFO - [run_pipeline.py:212] - ✅ Module hedge_fund_fetcher imported successfully
✅ Class HedgeFundTradesFetcher found in module
2025-03-07 22:36:56,410 - pipeline_runner - INFO - [run_pipeline.py:221] - ✅ Class HedgeFundTradesFetcher found in module
Creating instance of HedgeFundTradesFetcher...
2025-03-07 22:36:56,410 - pipeline_runner - INFO - [run_pipeline.py:228] - Creating instance of HedgeFundTradesFetcher...
✅ Created instance of HedgeFundTradesFetcher
2025-03-07 22:36:56,410 - pipeline_runner - INFO - [run_pipeline.py:238] - ✅ Created instance of HedgeFundTradesFetcher
Running HedgeFundTradesFetcher.run()...
2025-03-07 22:36:56,410 - pipeline_runner - INFO - [run_pipeline.py:269] - Running HedgeFundTradesFetcher.run()...
2025-03-07 22:36:56,410 - hedge_fund_fetcher - INFO - [hedge_fund_fetcher.py:77] - Starting hedge fund trades fetching process
2025-03-07 22:36:56,410 - hedge_fund_fetcher - INFO - [hedge_fund_fetcher.py:95] - Fetching hedge fund trades from UnusualWhales API
2025-03-07 22:36:56,411 - unusual_whales_api - INFO - [unusual_whales_api.py:87] - Using cached data for institutions
2025-03-07 22:36:56,412 - unusual_whales_api - INFO - [unusual_whales_api.py:87] - Using cached data for institutions
2025-03-07 22:36:56,412 - hedge_fund_fetcher - INFO - [hedge_fund_fetcher.py:105] - Retrieved 173 hedge funds from UnusualWhales API
2025-03-07 22:36:56,777 - httpx - INFO - [_client.py:1025] - HTTP Request: POST https://xtvfaileukqrdnnfghui.supabase.co/rest/v1/institutions?on_conflict=name&columns=%22filing_date%22%2C%22buy_value%22%2C%22people%22%2C%22sell_value%22%2C%22tags%22%2C%22call_value%22%2C%22fund_value%22%2C%22website%22%2C%22warrant_value%22%2C%22total_value%22%2C%22put_value%22%2C%22total_holdings%22%2C%22cik%22%2C%22logo_url%22%2C%22short_name%22%2C%22pfd_value%22%2C%22timestamp%22%2C%22is_hedge_fund%22%2C%22name%22%2C%22share_value%22%2C%22put_holdings%22%2C%22pfd_holdings%22%2C%22founder_img_url%22%2C%22debt_value%22%2C%22fund_holdings%22%2C%22debt_holdings%22%2C%22share_holdings%22%2C%22description%22%2C%22call_holdings%22%2C%22date%22%2C%22warrant_holdings%22 "HTTP/2 400 Bad Request"
2025-03-07 22:36:56,777 - hedge_fund_fetcher - ERROR - [hedge_fund_fetcher.py:217] - Error saving institutions to database: {'code': 'PGRST204', 'details': None, 'hint': None, 'message': "Could not find the 'buy_value' column of 'institutions' in the schema cache"}
2025-03-07 22:36:56,778 - unusual_whales_api - INFO - [unusual_whales_api.py:87] - Using cached data for institutions/latest_filings
2025-03-07 22:36:56,778 - hedge_fund_fetcher - INFO - [hedge_fund_fetcher.py:126] - Processing 22 hedge funds (prioritizing 2 recent filers)
2025-03-07 22:36:56,778 - hedge_fund_fetcher - INFO - [hedge_fund_fetcher.py:148] - Processing fund: LEGAL & GENERAL GROUP PLC
2025-03-07 22:36:56,782 - unusual_whales_api - INFO - [unusual_whales_api.py:87] - Using cached data for institution/LEGAL & GENERAL GROUP PLC/holdings
2025-03-07 22:36:56,782 - hedge_fund_fetcher - INFO - [hedge_fund_fetcher.py:158] - Retrieved 500 holdings for LEGAL & GENERAL GROUP PLC
2025-03-07 22:36:56,884 - httpx - INFO - [_client.py:1025] - HTTP Request: POST https://xtvfaileukqrdnnfghui.supabase.co/rest/v1/institution_holdings?on_conflict=id&columns=%22timestamp%22%2C%22ticker%22%2C%22historical_units%22%2C%22avg_price%22%2C%22units_change%22%2C%22close%22%2C%22full_name%22%2C%22shares_outstanding%22%2C%22security_type%22%2C%22price_first_buy%22%2C%22value%22%2C%22date%22%2C%22sector%22%2C%22units%22%2C%22first_buy%22%2C%22put_call%22 "HTTP/2 400 Bad Request"
2025-03-07 22:36:56,885 - hedge_fund_fetcher - ERROR - [hedge_fund_fetcher.py:250] - Error saving holdings to database for LEGAL & GENERAL GROUP PLC: {'code': 'PGRST204', 'details': None, 'hint': None, 'message': "Could not find the 'avg_price' column of 'institution_holdings' in the schema cache"}
2025-03-07 22:36:56,888 - unusual_whales_api - INFO - [unusual_whales_api.py:87] - Using cached data for institution/LEGAL & GENERAL GROUP PLC/activity
2025-03-07 22:36:56,888 - hedge_fund_fetcher - INFO - [hedge_fund_fetcher.py:171] - Retrieved 200 activity records for LEGAL & GENERAL GROUP PLC
2025-03-07 22:36:57,006 - httpx - INFO - [_client.py:1025] - HTTP Request: POST https://xtvfaileukqrdnnfghui.supabase.co/rest/v1/institution_activity?on_conflict=id&columns=%22timestamp%22%2C%22ticker%22%2C%22sell_price%22%2C%22buy_price%22%2C%22filing_date%22%2C%22avg_price%22%2C%22units_change%22%2C%22close%22%2C%22price_on_report%22%2C%22shares_outstanding%22%2C%22report_date%22%2C%22security_type%22%2C%22price_on_filing%22%2C%22units%22%2C%22put_call%22 "HTTP/2 400 Bad Request"
2025-03-07 22:36:57,006 - hedge_fund_fetcher - ERROR - [hedge_fund_fetcher.py:283] - Error saving activity to database for LEGAL & GENERAL GROUP PLC: {'code': 'PGRST204', 'details': None, 'hint': None, 'message': "Could not find the 'avg_price' column of 'institution_activity' in the schema cache"}
2025-03-07 22:36:57,006 - hedge_fund_fetcher - INFO - [hedge_fund_fetcher.py:331] - Generated 0 trades from activity data for LEGAL & GENERAL GROUP PLC
2025-03-07 22:36:57,508 - hedge_fund_fetcher - INFO - [hedge_fund_fetcher.py:148] - Processing fund: CTC LLC
2025-03-07 22:36:57,509 - unusual_whales_api - INFO - [unusual_whales_api.py:87] - Using cached data for institution/CTC LLC/holdings
2025-03-07 22:36:57,509 - hedge_fund_fetcher - INFO - [hedge_fund_fetcher.py:158] - Retrieved 77 holdings for CTC LLC
2025-03-07 22:36:57,651 - httpx - INFO - [_client.py:1025] - HTTP Request: POST https://xtvfaileukqrdnnfghui.supabase.co/rest/v1/institution_holdings?on_conflict=id&columns=%22timestamp%22%2C%22ticker%22%2C%22historical_units%22%2C%22avg_price%22%2C%22units_change%22%2C%22close%22%2C%22full_name%22%2C%22shares_outstanding%22%2C%22security_type%22%2C%22price_first_buy%22%2C%22value%22%2C%22date%22%2C%22sector%22%2C%22units%22%2C%22first_buy%22%2C%22put_call%22 "HTTP/2 400 Bad Request"
2025-03-07 22:36:57,651 - hedge_fund_fetcher - ERROR - [hedge_fund_fetcher.py:250] - Error saving holdings to database for CTC LLC: {'code': 'PGRST204', 'details': None, 'hint': None, 'message': "Could not find the 'avg_price' column of 'institution_holdings' in the schema cache"}
2025-03-07 22:36:57,652 - unusual_whales_api - INFO - [unusual_whales_api.py:87] - Using cached data for institution/CTC LLC/activity
2025-03-07 22:36:57,652 - hedge_fund_fetcher - INFO - [hedge_fund_fetcher.py:171] - Retrieved 200 activity records for CTC LLC
2025-03-07 22:36:57,786 - httpx - INFO - [_client.py:1025] - HTTP Request: POST https://xtvfaileukqrdnnfghui.supabase.co/rest/v1/institution_activity?on_conflict=id&columns=%22timestamp%22%2C%22ticker%22%2C%22sell_price%22%2C%22buy_price%22%2C%22filing_date%22%2C%22avg_price%22%2C%22units_change%22%2C%22close%22%2C%22price_on_report%22%2C%22shares_outstanding%22%2C%22report_date%22%2C%22security_type%22%2C%22price_on_filing%22%2C%22units%22%2C%22put_call%22 "HTTP/2 400 Bad Request"
2025-03-07 22:36:57,787 - hedge_fund_fetcher - ERROR - [hedge_fund_fetcher.py:283] - Error saving activity to database for CTC LLC: {'code': 'PGRST204', 'details': None, 'hint': None, 'message': "Could not find the 'avg_price' column of 'institution_activity' in the schema cache"}
2025-03-07 22:36:57,787 - hedge_fund_fetcher - INFO - [hedge_fund_fetcher.py:331] - Generated 0 trades from activity data for CTC LLC
2025-03-07 22:36:58,288 - hedge_fund_fetcher - INFO - [hedge_fund_fetcher.py:148] - Processing fund: FARALLON CAPITAL MANAGEMENT LLC
2025-03-07 22:36:58,291 - unusual_whales_api - INFO - [unusual_whales_api.py:87] - Using cached data for institution/FARALLON CAPITAL MANAGEMENT LLC/holdings
2025-03-07 22:36:58,292 - hedge_fund_fetcher - INFO - [hedge_fund_fetcher.py:158] - Retrieved 149 holdings for FARALLON CAPITAL MANAGEMENT LLC
2025-03-07 22:36:58,416 - httpx - INFO - [_client.py:1025] - HTTP Request: POST https://xtvfaileukqrdnnfghui.supabase.co/rest/v1/institution_holdings?on_conflict=id&columns=%22timestamp%22%2C%22ticker%22%2C%22historical_units%22%2C%22avg_price%22%2C%22units_change%22%2C%22close%22%2C%22full_name%22%2C%22shares_outstanding%22%2C%22security_type%22%2C%22price_first_buy%22%2C%22value%22%2C%22date%22%2C%22sector%22%2C%22units%22%2C%22first_buy%22%2C%22put_call%22 "HTTP/2 400 Bad Request"
2025-03-07 22:36:58,417 - hedge_fund_fetcher - ERROR - [hedge_fund_fetcher.py:250] - Error saving holdings to database for FARALLON CAPITAL MANAGEMENT LLC: {'code': 'PGRST204', 'details': None, 'hint': None, 'message': "Could not find the 'avg_price' column of 'institution_holdings' in the schema cache"}
2025-03-07 22:36:58,417 - unusual_whales_api - INFO - [unusual_whales_api.py:87] - Using cached data for institution/FARALLON CAPITAL MANAGEMENT LLC/activity
2025-03-07 22:36:58,417 - hedge_fund_fetcher - INFO - [hedge_fund_fetcher.py:171] - Retrieved 200 activity records for FARALLON CAPITAL MANAGEMENT LLC
2025-03-07 22:36:58,568 - httpx - INFO - [_client.py:1025] - HTTP Request: POST https://xtvfaileukqrdnnfghui.supabase.co/rest/v1/institution_activity?on_conflict=id&columns=%22timestamp%22%2C%22ticker%22%2C%22sell_price%22%2C%22buy_price%22%2C%22filing_date%22%2C%22avg_price%22%2C%22units_change%22%2C%22close%22%2C%22price_on_report%22%2C%22shares_outstanding%22%2C%22report_date%22%2C%22security_type%22%2C%22price_on_filing%22%2C%22units%22%2C%22put_call%22 "HTTP/2 400 Bad Request"
2025-03-07 22:36:58,569 - hedge_fund_fetcher - ERROR - [hedge_fund_fetcher.py:283] - Error saving activity to database for FARALLON CAPITAL MANAGEMENT LLC: {'code': 'PGRST204', 'details': None, 'hint': None, 'message': "Could not find the 'avg_price' column of 'institution_activity' in the schema cache"}
2025-03-07 22:36:58,569 - hedge_fund_fetcher - INFO - [hedge_fund_fetcher.py:331] - Generated 0 trades from activity data for FARALLON CAPITAL MANAGEMENT LLC
2025-03-07 22:36:59,070 - hedge_fund_fetcher - INFO - [hedge_fund_fetcher.py:148] - Processing fund: ICAHN CARL C
2025-03-07 22:36:59,071 - unusual_whales_api - INFO - [unusual_whales_api.py:87] - Using cached data for institution/ICAHN CARL C/holdings
2025-03-07 22:36:59,071 - hedge_fund_fetcher - INFO - [hedge_fund_fetcher.py:158] - Retrieved 14 holdings for ICAHN CARL C
2025-03-07 22:36:59,290 - httpx - INFO - [_client.py:1025] - HTTP Request: POST https://xtvfaileukqrdnnfghui.supabase.co/rest/v1/institution_holdings?on_conflict=id&columns=%22timestamp%22%2C%22ticker%22%2C%22historical_units%22%2C%22avg_price%22%2C%22units_change%22%2C%22close%22%2C%22full_name%22%2C%22shares_outstanding%22%2C%22security_type%22%2C%22price_first_buy%22%2C%22value%22%2C%22date%22%2C%22sector%22%2C%22units%22%2C%22first_buy%22%2C%22put_call%22 "HTTP/2 400 Bad Request"
2025-03-07 22:36:59,291 - hedge_fund_fetcher - ERROR - [hedge_fund_fetcher.py:250] - Error saving holdings to database for ICAHN CARL C: {'code': 'PGRST204', 'details': None, 'hint': None, 'message': "Could not find the 'avg_price' column of 'institution_holdings' in the schema cache"}
2025-03-07 22:36:59,291 - unusual_whales_api - INFO - [unusual_whales_api.py:87] - Using cached data for institution/ICAHN CARL C/activity
2025-03-07 22:36:59,291 - hedge_fund_fetcher - INFO - [hedge_fund_fetcher.py:171] - Retrieved 200 activity records for ICAHN CARL C
2025-03-07 22:36:59,434 - httpx - INFO - [_client.py:1025] - HTTP Request: POST https://xtvfaileukqrdnnfghui.supabase.co/rest/v1/institution_activity?on_conflict=id&columns=%22timestamp%22%2C%22ticker%22%2C%22sell_price%22%2C%22buy_price%22%2C%22filing_date%22%2C%22avg_price%22%2C%22units_change%22%2C%22close%22%2C%22price_on_report%22%2C%22shares_outstanding%22%2C%22report_date%22%2C%22security_type%22%2C%22price_on_filing%22%2C%22units%22%2C%22put_call%22 "HTTP/2 400 Bad Request"
2025-03-07 22:36:59,434 - hedge_fund_fetcher - ERROR - [hedge_fund_fetcher.py:283] - Error saving activity to database for ICAHN CARL C: {'code': 'PGRST204', 'details': None, 'hint': None, 'message': "Could not find the 'avg_price' column of 'institution_activity' in the schema cache"}
2025-03-07 22:36:59,434 - hedge_fund_fetcher - INFO - [hedge_fund_fetcher.py:331] - Generated 0 trades from activity data for ICAHN CARL C
2025-03-07 22:36:59,936 - hedge_fund_fetcher - INFO - [hedge_fund_fetcher.py:148] - Processing fund: TUDOR INVESTMENT CORP ET AL
2025-03-07 22:36:59,939 - unusual_whales_api - INFO - [unusual_whales_api.py:87] - Using cached data for institution/TUDOR INVESTMENT CORP ET AL/holdings
2025-03-07 22:36:59,939 - hedge_fund_fetcher - INFO - [hedge_fund_fetcher.py:158] - Retrieved 500 holdings for TUDOR INVESTMENT CORP ET AL
2025-03-07 22:37:00,026 - httpx - INFO - [_client.py:1025] - HTTP Request: POST https://xtvfaileukqrdnnfghui.supabase.co/rest/v1/institution_holdings?on_conflict=id&columns=%22timestamp%22%2C%22ticker%22%2C%22historical_units%22%2C%22avg_price%22%2C%22units_change%22%2C%22close%22%2C%22full_name%22%2C%22shares_outstanding%22%2C%22security_type%22%2C%22price_first_buy%22%2C%22value%22%2C%22date%22%2C%22sector%22%2C%22units%22%2C%22first_buy%22%2C%22put_call%22 "HTTP/2 400 Bad Request"
2025-03-07 22:37:00,027 - hedge_fund_fetcher - ERROR - [hedge_fund_fetcher.py:250] - Error saving holdings to database for TUDOR INVESTMENT CORP ET AL: {'code': 'PGRST204', 'details': None, 'hint': None, 'message': "Could not find the 'avg_price' column of 'institution_holdings' in the schema cache"}
2025-03-07 22:37:00,028 - unusual_whales_api - INFO - [unusual_whales_api.py:87] - Using cached data for institution/TUDOR INVESTMENT CORP ET AL/activity
2025-03-07 22:37:00,028 - hedge_fund_fetcher - INFO - [hedge_fund_fetcher.py:171] - Retrieved 200 activity records for TUDOR INVESTMENT CORP ET AL
2025-03-07 22:37:00,164 - httpx - INFO - [_client.py:1025] - HTTP Request: POST https://xtvfaileukqrdnnfghui.supabase.co/rest/v1/institution_activity?on_conflict=id&columns=%22timestamp%22%2C%22ticker%22%2C%22sell_price%22%2C%22buy_price%22%2C%22filing_date%22%2C%22avg_price%22%2C%22units_change%22%2C%22close%22%2C%22price_on_report%22%2C%22shares_outstanding%22%2C%22report_date%22%2C%22security_type%22%2C%22price_on_filing%22%2C%22units%22%2C%22put_call%22 "HTTP/2 400 Bad Request"
2025-03-07 22:37:00,165 - hedge_fund_fetcher - ERROR - [hedge_fund_fetcher.py:283] - Error saving activity to database for TUDOR INVESTMENT CORP ET AL: {'code': 'PGRST204', 'details': None, 'hint': None, 'message': "Could not find the 'avg_price' column of 'institution_activity' in the schema cache"}
2025-03-07 22:37:00,166 - hedge_fund_fetcher - INFO - [hedge_fund_fetcher.py:331] - Generated 0 trades from activity data for TUDOR INVESTMENT CORP ET AL
2025-03-07 22:37:00,668 - hedge_fund_fetcher - INFO - [hedge_fund_fetcher.py:148] - Processing fund: MAVERICK CAPITAL LTD
2025-03-07 22:37:00,672 - unusual_whales_api - INFO - [unusual_whales_api.py:87] - Using cached data for institution/MAVERICK CAPITAL LTD/holdings
2025-03-07 22:37:00,672 - hedge_fund_fetcher - INFO - [hedge_fund_fetcher.py:158] - Retrieved 303 holdings for MAVERICK CAPITAL LTD
2025-03-07 22:37:00,764 - httpx - INFO - [_client.py:1025] - HTTP Request: POST https://xtvfaileukqrdnnfghui.supabase.co/rest/v1/institution_holdings?on_conflict=id&columns=%22timestamp%22%2C%22ticker%22%2C%22historical_units%22%2C%22avg_price%22%2C%22units_change%22%2C%22close%22%2C%22full_name%22%2C%22shares_outstanding%22%2C%22security_type%22%2C%22price_first_buy%22%2C%22value%22%2C%22date%22%2C%22sector%22%2C%22units%22%2C%22first_buy%22%2C%22put_call%22 "HTTP/2 400 Bad Request"
2025-03-07 22:37:00,765 - hedge_fund_fetcher - ERROR - [hedge_fund_fetcher.py:250] - Error saving holdings to database for MAVERICK CAPITAL LTD: {'code': 'PGRST204', 'details': None, 'hint': None, 'message': "Could not find the 'avg_price' column of 'institution_holdings' in the schema cache"}
2025-03-07 22:37:00,766 - unusual_whales_api - INFO - [unusual_whales_api.py:87] - Using cached data for institution/MAVERICK CAPITAL LTD/activity
2025-03-07 22:37:00,766 - hedge_fund_fetcher - INFO - [hedge_fund_fetcher.py:171] - Retrieved 200 activity records for MAVERICK CAPITAL LTD
2025-03-07 22:37:01,083 - httpx - INFO - [_client.py:1025] - HTTP Request: POST https://xtvfaileukqrdnnfghui.supabase.co/rest/v1/institution_activity?on_conflict=id&columns=%22timestamp%22%2C%22ticker%22%2C%22sell_price%22%2C%22buy_price%22%2C%22filing_date%22%2C%22avg_price%22%2C%22units_change%22%2C%22close%22%2C%22price_on_report%22%2C%22shares_outstanding%22%2C%22report_date%22%2C%22security_type%22%2C%22price_on_filing%22%2C%22units%22%2C%22put_call%22 "HTTP/2 400 Bad Request"
2025-03-07 22:37:01,083 - hedge_fund_fetcher - ERROR - [hedge_fund_fetcher.py:283] - Error saving activity to database for MAVERICK CAPITAL LTD: {'code': 'PGRST204', 'details': None, 'hint': None, 'message': "Could not find the 'avg_price' column of 'institution_activity' in the schema cache"}
2025-03-07 22:37:01,083 - hedge_fund_fetcher - INFO - [hedge_fund_fetcher.py:331] - Generated 0 trades from activity data for MAVERICK CAPITAL LTD
2025-03-07 22:37:01,585 - hedge_fund_fetcher - INFO - [hedge_fund_fetcher.py:148] - Processing fund: ONTARIO TEACHERS PENSION PLAN BOARD
2025-03-07 22:37:01,585 - unusual_whales_api - INFO - [unusual_whales_api.py:91] - Making request to https://api.unusualwhales.com/api/institution/ONTARIO TEACHERS PENSION PLAN BOARD/holdings with params {'security_types': ['Share'], 'order_direction': 'desc', 'limit': 500}
2025-03-07 22:37:02,350 - hedge_fund_fetcher - INFO - [hedge_fund_fetcher.py:158] - Retrieved 476 holdings for ONTARIO TEACHERS PENSION PLAN BOARD
2025-03-07 22:37:02,516 - httpx - INFO - [_client.py:1025] - HTTP Request: POST https://xtvfaileukqrdnnfghui.supabase.co/rest/v1/institution_holdings?on_conflict=id&columns=%22timestamp%22%2C%22ticker%22%2C%22historical_units%22%2C%22avg_price%22%2C%22units_change%22%2C%22close%22%2C%22full_name%22%2C%22shares_outstanding%22%2C%22security_type%22%2C%22price_first_buy%22%2C%22value%22%2C%22date%22%2C%22sector%22%2C%22units%22%2C%22first_buy%22%2C%22put_call%22 "HTTP/2 400 Bad Request"
2025-03-07 22:37:02,517 - hedge_fund_fetcher - ERROR - [hedge_fund_fetcher.py:250] - Error saving holdings to database for ONTARIO TEACHERS PENSION PLAN BOARD: {'code': 'PGRST204', 'details': None, 'hint': None, 'message': "Could not find the 'avg_price' column of 'institution_holdings' in the schema cache"}
2025-03-07 22:37:02,517 - unusual_whales_api - INFO - [unusual_whales_api.py:91] - Making request to https://api.unusualwhales.com/api/institution/ONTARIO TEACHERS PENSION PLAN BOARD/activity with params {'limit': 200}
2025-03-07 22:37:03,028 - hedge_fund_fetcher - INFO - [hedge_fund_fetcher.py:171] - Retrieved 200 activity records for ONTARIO TEACHERS PENSION PLAN BOARD
2025-03-07 22:37:03,109 - httpx - INFO - [_client.py:1025] - HTTP Request: POST https://xtvfaileukqrdnnfghui.supabase.co/rest/v1/institution_activity?on_conflict=id&columns=%22timestamp%22%2C%22ticker%22%2C%22sell_price%22%2C%22buy_price%22%2C%22filing_date%22%2C%22avg_price%22%2C%22units_change%22%2C%22close%22%2C%22price_on_report%22%2C%22shares_outstanding%22%2C%22report_date%22%2C%22security_type%22%2C%22price_on_filing%22%2C%22units%22%2C%22put_call%22 "HTTP/2 400 Bad Request"
2025-03-07 22:37:03,109 - hedge_fund_fetcher - ERROR - [hedge_fund_fetcher.py:283] - Error saving activity to database for ONTARIO TEACHERS PENSION PLAN BOARD: {'code': 'PGRST204', 'details': None, 'hint': None, 'message': "Could not find the 'avg_price' column of 'institution_activity' in the schema cache"}
2025-03-07 22:37:03,109 - hedge_fund_fetcher - INFO - [hedge_fund_fetcher.py:331] - Generated 0 trades from activity data for ONTARIO TEACHERS PENSION PLAN BOARD
2025-03-07 22:37:03,611 - hedge_fund_fetcher - INFO - [hedge_fund_fetcher.py:148] - Processing fund: DEERFIELD MANAGEMENT COMPANY, L.P. (SERIES C)
2025-03-07 22:37:03,611 - unusual_whales_api - INFO - [unusual_whales_api.py:91] - Making request to https://api.unusualwhales.com/api/institution/DEERFIELD MANAGEMENT COMPANY, L.P. (SERIES C)/holdings with params {'security_types': ['Share'], 'order_direction': 'desc', 'limit': 500}
2025-03-07 22:37:03,996 - hedge_fund_fetcher - INFO - [hedge_fund_fetcher.py:158] - Retrieved 450 holdings for DEERFIELD MANAGEMENT COMPANY, L.P. (SERIES C)
2025-03-07 22:37:04,139 - httpx - INFO - [_client.py:1025] - HTTP Request: POST https://xtvfaileukqrdnnfghui.supabase.co/rest/v1/institution_holdings?on_conflict=id&columns=%22timestamp%22%2C%22ticker%22%2C%22historical_units%22%2C%22avg_price%22%2C%22units_change%22%2C%22close%22%2C%22full_name%22%2C%22shares_outstanding%22%2C%22security_type%22%2C%22price_first_buy%22%2C%22value%22%2C%22date%22%2C%22sector%22%2C%22units%22%2C%22first_buy%22%2C%22put_call%22 "HTTP/2 400 Bad Request"
2025-03-07 22:37:04,139 - hedge_fund_fetcher - ERROR - [hedge_fund_fetcher.py:250] - Error saving holdings to database for DEERFIELD MANAGEMENT COMPANY, L.P. (SERIES C): {'code': 'PGRST204', 'details': None, 'hint': None, 'message': "Could not find the 'avg_price' column of 'institution_holdings' in the schema cache"}
2025-03-07 22:37:04,139 - unusual_whales_api - INFO - [unusual_whales_api.py:91] - Making request to https://api.unusualwhales.com/api/institution/DEERFIELD MANAGEMENT COMPANY, L.P. (SERIES C)/activity with params {'limit': 200}
2025-03-07 22:37:04,564 - hedge_fund_fetcher - INFO - [hedge_fund_fetcher.py:171] - Retrieved 200 activity records for DEERFIELD MANAGEMENT COMPANY, L.P. (SERIES C)
2025-03-07 22:37:04,641 - httpx - INFO - [_client.py:1025] - HTTP Request: POST https://xtvfaileukqrdnnfghui.supabase.co/rest/v1/institution_activity?on_conflict=id&columns=%22timestamp%22%2C%22ticker%22%2C%22sell_price%22%2C%22buy_price%22%2C%22filing_date%22%2C%22avg_price%22%2C%22units_change%22%2C%22close%22%2C%22price_on_report%22%2C%22shares_outstanding%22%2C%22report_date%22%2C%22security_type%22%2C%22price_on_filing%22%2C%22units%22%2C%22put_call%22 "HTTP/2 400 Bad Request"
2025-03-07 22:37:04,641 - hedge_fund_fetcher - ERROR - [hedge_fund_fetcher.py:283] - Error saving activity to database for DEERFIELD MANAGEMENT COMPANY, L.P. (SERIES C): {'code': 'PGRST204', 'details': None, 'hint': None, 'message': "Could not find the 'avg_price' column of 'institution_activity' in the schema cache"}
2025-03-07 22:37:04,641 - hedge_fund_fetcher - INFO - [hedge_fund_fetcher.py:331] - Generated 0 trades from activity data for DEERFIELD MANAGEMENT COMPANY, L.P. (SERIES C)
2025-03-07 22:37:05,142 - hedge_fund_fetcher - INFO - [hedge_fund_fetcher.py:148] - Processing fund: SOROS FUND MANAGEMENT LLC
2025-03-07 22:37:05,143 - unusual_whales_api - INFO - [unusual_whales_api.py:91] - Making request to https://api.unusualwhales.com/api/institution/SOROS FUND MANAGEMENT LLC/holdings with params {'security_types': ['Share'], 'order_direction': 'desc', 'limit': 500}
2025-03-07 22:37:05,358 - hedge_fund_fetcher - INFO - [hedge_fund_fetcher.py:158] - Retrieved 188 holdings for SOROS FUND MANAGEMENT LLC
2025-03-07 22:37:05,440 - httpx - INFO - [_client.py:1025] - HTTP Request: POST https://xtvfaileukqrdnnfghui.supabase.co/rest/v1/institution_holdings?on_conflict=id&columns=%22timestamp%22%2C%22ticker%22%2C%22historical_units%22%2C%22avg_price%22%2C%22units_change%22%2C%22close%22%2C%22full_name%22%2C%22shares_outstanding%22%2C%22security_type%22%2C%22price_first_buy%22%2C%22value%22%2C%22date%22%2C%22sector%22%2C%22units%22%2C%22first_buy%22%2C%22put_call%22 "HTTP/2 400 Bad Request"
2025-03-07 22:37:05,441 - hedge_fund_fetcher - ERROR - [hedge_fund_fetcher.py:250] - Error saving holdings to database for SOROS FUND MANAGEMENT LLC: {'code': 'PGRST204', 'details': None, 'hint': None, 'message': "Could not find the 'avg_price' column of 'institution_holdings' in the schema cache"}
2025-03-07 22:37:05,442 - unusual_whales_api - INFO - [unusual_whales_api.py:91] - Making request to https://api.unusualwhales.com/api/institution/SOROS FUND MANAGEMENT LLC/activity with params {'limit': 200}
2025-03-07 22:37:06,308 - hedge_fund_fetcher - INFO - [hedge_fund_fetcher.py:171] - Retrieved 200 activity records for SOROS FUND MANAGEMENT LLC
2025-03-07 22:37:06,396 - httpx - INFO - [_client.py:1025] - HTTP Request: POST https://xtvfaileukqrdnnfghui.supabase.co/rest/v1/institution_activity?on_conflict=id&columns=%22timestamp%22%2C%22ticker%22%2C%22sell_price%22%2C%22buy_price%22%2C%22filing_date%22%2C%22avg_price%22%2C%22units_change%22%2C%22close%22%2C%22price_on_report%22%2C%22shares_outstanding%22%2C%22report_date%22%2C%22security_type%22%2C%22price_on_filing%22%2C%22units%22%2C%22put_call%22 "HTTP/2 400 Bad Request"
2025-03-07 22:37:06,396 - hedge_fund_fetcher - ERROR - [hedge_fund_fetcher.py:283] - Error saving activity to database for SOROS FUND MANAGEMENT LLC: {'code': 'PGRST204', 'details': None, 'hint': None, 'message': "Could not find the 'avg_price' column of 'institution_activity' in the schema cache"}
2025-03-07 22:37:06,397 - hedge_fund_fetcher - INFO - [hedge_fund_fetcher.py:331] - Generated 0 trades from activity data for SOROS FUND MANAGEMENT LLC
2025-03-07 22:37:06,898 - hedge_fund_fetcher - INFO - [hedge_fund_fetcher.py:148] - Processing fund: PAULSON & CO. INC.
2025-03-07 22:37:06,898 - unusual_whales_api - INFO - [unusual_whales_api.py:91] - Making request to https://api.unusualwhales.com/api/institution/PAULSON & CO. INC./holdings with params {'security_types': ['Share'], 'order_direction': 'desc', 'limit': 500}
2025-03-07 22:37:07,005 - hedge_fund_fetcher - INFO - [hedge_fund_fetcher.py:158] - Retrieved 17 holdings for PAULSON & CO. INC.
2025-03-07 22:37:07,101 - httpx - INFO - [_client.py:1025] - HTTP Request: POST https://xtvfaileukqrdnnfghui.supabase.co/rest/v1/institution_holdings?on_conflict=id&columns=%22timestamp%22%2C%22ticker%22%2C%22historical_units%22%2C%22avg_price%22%2C%22units_change%22%2C%22close%22%2C%22full_name%22%2C%22shares_outstanding%22%2C%22security_type%22%2C%22price_first_buy%22%2C%22value%22%2C%22date%22%2C%22sector%22%2C%22units%22%2C%22first_buy%22%2C%22put_call%22 "HTTP/2 400 Bad Request"
2025-03-07 22:37:07,102 - hedge_fund_fetcher - ERROR - [hedge_fund_fetcher.py:250] - Error saving holdings to database for PAULSON & CO. INC.: {'code': 'PGRST204', 'details': None, 'hint': None, 'message': "Could not find the 'avg_price' column of 'institution_holdings' in the schema cache"}
2025-03-07 22:37:07,102 - unusual_whales_api - INFO - [unusual_whales_api.py:91] - Making request to https://api.unusualwhales.com/api/institution/PAULSON & CO. INC./activity with params {'limit': 200}
2025-03-07 22:37:07,431 - hedge_fund_fetcher - INFO - [hedge_fund_fetcher.py:171] - Retrieved 200 activity records for PAULSON & CO. INC.
2025-03-07 22:37:07,542 - httpx - INFO - [_client.py:1025] - HTTP Request: POST https://xtvfaileukqrdnnfghui.supabase.co/rest/v1/institution_activity?on_conflict=id&columns=%22timestamp%22%2C%22ticker%22%2C%22sell_price%22%2C%22buy_price%22%2C%22filing_date%22%2C%22avg_price%22%2C%22units_change%22%2C%22close%22%2C%22price_on_report%22%2C%22shares_outstanding%22%2C%22report_date%22%2C%22security_type%22%2C%22price_on_filing%22%2C%22units%22%2C%22put_call%22 "HTTP/2 400 Bad Request"
2025-03-07 22:37:07,543 - hedge_fund_fetcher - ERROR - [hedge_fund_fetcher.py:283] - Error saving activity to database for PAULSON & CO. INC.: {'code': 'PGRST204', 'details': None, 'hint': None, 'message': "Could not find the 'avg_price' column of 'institution_activity' in the schema cache"}
2025-03-07 22:37:07,543 - hedge_fund_fetcher - INFO - [hedge_fund_fetcher.py:331] - Generated 0 trades from activity data for PAULSON & CO. INC.
2025-03-07 22:37:08,044 - hedge_fund_fetcher - INFO - [hedge_fund_fetcher.py:148] - Processing fund: THIRD POINT LLC
2025-03-07 22:37:08,045 - unusual_whales_api - INFO - [unusual_whales_api.py:91] - Making request to https://api.unusualwhales.com/api/institution/THIRD POINT LLC/holdings with params {'security_types': ['Share'], 'order_direction': 'desc', 'limit': 500}
2025-03-07 22:37:08,162 - hedge_fund_fetcher - INFO - [hedge_fund_fetcher.py:158] - Retrieved 43 holdings for THIRD POINT LLC
2025-03-07 22:37:08,241 - httpx - INFO - [_client.py:1025] - HTTP Request: POST https://xtvfaileukqrdnnfghui.supabase.co/rest/v1/institution_holdings?on_conflict=id&columns=%22timestamp%22%2C%22ticker%22%2C%22historical_units%22%2C%22avg_price%22%2C%22units_change%22%2C%22close%22%2C%22full_name%22%2C%22shares_outstanding%22%2C%22security_type%22%2C%22price_first_buy%22%2C%22value%22%2C%22date%22%2C%22sector%22%2C%22units%22%2C%22first_buy%22%2C%22put_call%22 "HTTP/2 400 Bad Request"
2025-03-07 22:37:08,242 - hedge_fund_fetcher - ERROR - [hedge_fund_fetcher.py:250] - Error saving holdings to database for THIRD POINT LLC: {'code': 'PGRST204', 'details': None, 'hint': None, 'message': "Could not find the 'avg_price' column of 'institution_holdings' in the schema cache"}
2025-03-07 22:37:08,243 - unusual_whales_api - INFO - [unusual_whales_api.py:91] - Making request to https://api.unusualwhales.com/api/institution/THIRD POINT LLC/activity with params {'limit': 200}
2025-03-07 22:37:08,509 - hedge_fund_fetcher - INFO - [hedge_fund_fetcher.py:171] - Retrieved 200 activity records for THIRD POINT LLC
2025-03-07 22:37:08,583 - httpx - INFO - [_client.py:1025] - HTTP Request: POST https://xtvfaileukqrdnnfghui.supabase.co/rest/v1/institution_activity?on_conflict=id&columns=%22timestamp%22%2C%22ticker%22%2C%22sell_price%22%2C%22buy_price%22%2C%22filing_date%22%2C%22avg_price%22%2C%22units_change%22%2C%22close%22%2C%22price_on_report%22%2C%22shares_outstanding%22%2C%22report_date%22%2C%22security_type%22%2C%22price_on_filing%22%2C%22units%22%2C%22put_call%22 "HTTP/2 400 Bad Request"
2025-03-07 22:37:08,585 - hedge_fund_fetcher - ERROR - [hedge_fund_fetcher.py:283] - Error saving activity to database for THIRD POINT LLC: {'code': 'PGRST204', 'details': None, 'hint': None, 'message': "Could not find the 'avg_price' column of 'institution_activity' in the schema cache"}
2025-03-07 22:37:08,585 - hedge_fund_fetcher - INFO - [hedge_fund_fetcher.py:331] - Generated 0 trades from activity data for THIRD POINT LLC
2025-03-07 22:37:09,087 - hedge_fund_fetcher - INFO - [hedge_fund_fetcher.py:148] - Processing fund: ORBIMED ADVISORS LLC
2025-03-07 22:37:09,087 - unusual_whales_api - INFO - [unusual_whales_api.py:91] - Making request to https://api.unusualwhales.com/api/institution/ORBIMED ADVISORS LLC/holdings with params {'security_types': ['Share'], 'order_direction': 'desc', 'limit': 500}
2025-03-07 22:37:09,296 - hedge_fund_fetcher - INFO - [hedge_fund_fetcher.py:158] - Retrieved 127 holdings for ORBIMED ADVISORS LLC
2025-03-07 22:37:09,397 - httpx - INFO - [_client.py:1025] - HTTP Request: POST https://xtvfaileukqrdnnfghui.supabase.co/rest/v1/institution_holdings?on_conflict=id&columns=%22timestamp%22%2C%22ticker%22%2C%22historical_units%22%2C%22avg_price%22%2C%22units_change%22%2C%22close%22%2C%22full_name%22%2C%22shares_outstanding%22%2C%22security_type%22%2C%22price_first_buy%22%2C%22value%22%2C%22date%22%2C%22sector%22%2C%22units%22%2C%22first_buy%22%2C%22put_call%22 "HTTP/2 400 Bad Request"
2025-03-07 22:37:09,398 - hedge_fund_fetcher - ERROR - [hedge_fund_fetcher.py:250] - Error saving holdings to database for ORBIMED ADVISORS LLC: {'code': 'PGRST204', 'details': None, 'hint': None, 'message': "Could not find the 'avg_price' column of 'institution_holdings' in the schema cache"}
2025-03-07 22:37:09,398 - unusual_whales_api - INFO - [unusual_whales_api.py:91] - Making request to https://api.unusualwhales.com/api/institution/ORBIMED ADVISORS LLC/activity with params {'limit': 200}
2025-03-07 22:37:09,786 - hedge_fund_fetcher - INFO - [hedge_fund_fetcher.py:171] - Retrieved 200 activity records for ORBIMED ADVISORS LLC
2025-03-07 22:37:09,871 - httpx - INFO - [_client.py:1025] - HTTP Request: POST https://xtvfaileukqrdnnfghui.supabase.co/rest/v1/institution_activity?on_conflict=id&columns=%22timestamp%22%2C%22ticker%22%2C%22sell_price%22%2C%22buy_price%22%2C%22filing_date%22%2C%22avg_price%22%2C%22units_change%22%2C%22close%22%2C%22price_on_report%22%2C%22shares_outstanding%22%2C%22report_date%22%2C%22security_type%22%2C%22price_on_filing%22%2C%22units%22%2C%22put_call%22 "HTTP/2 400 Bad Request"
2025-03-07 22:37:09,872 - hedge_fund_fetcher - ERROR - [hedge_fund_fetcher.py:283] - Error saving activity to database for ORBIMED ADVISORS LLC: {'code': 'PGRST204', 'details': None, 'hint': None, 'message': "Could not find the 'avg_price' column of 'institution_activity' in the schema cache"}
2025-03-07 22:37:09,872 - hedge_fund_fetcher - INFO - [hedge_fund_fetcher.py:331] - Generated 0 trades from activity data for ORBIMED ADVISORS LLC
