
================================================================================
                        STARTING FINANCIAL DATA PIPELINE                        
================================================================================
2025-03-07 22:29:26,232 - pipeline_runner - INFO - [run_pipeline.py:119] - 
================================================================================
                        STARTING FINANCIAL DATA PIPELINE                        
================================================================================
Pipeline configuration:
2025-03-07 22:29:26,232 - pipeline_runner - INFO - [run_pipeline.py:315] - Pipeline configuration:
- Components: institution
2025-03-07 22:29:26,232 - pipeline_runner - INFO - [run_pipeline.py:316] - - Components: institution
- Watchlist only: False
2025-03-07 22:29:26,232 - pipeline_runner - INFO - [run_pipeline.py:317] - - Watchlist only: False
- Days to fetch: 5
2025-03-07 22:29:26,232 - pipeline_runner - INFO - [run_pipeline.py:318] - - Days to fetch: 5
- Limit per request: 10
2025-03-07 22:29:26,232 - pipeline_runner - INFO - [run_pipeline.py:319] - - Limit per request: 10

================================================================================
        RUNNING INSTITUTION FETCHER: Institutional holdings and activity        
================================================================================
2025-03-07 22:29:26,232 - pipeline_runner - INFO - [run_pipeline.py:119] - 
================================================================================
        RUNNING INSTITUTION FETCHER: Institutional holdings and activity        
================================================================================
Importing hedge_fund_fetcher...
2025-03-07 22:29:26,232 - pipeline_runner - INFO - [run_pipeline.py:208] - Importing hedge_fund_fetcher...
2025-03-07 22:29:26,502 - hedge_fund_fetcher - INFO - [hedge_fund_fetcher.py:55] - Successfully initialized Supabase client
✅ Module hedge_fund_fetcher imported successfully
2025-03-07 22:29:26,502 - pipeline_runner - INFO - [run_pipeline.py:212] - ✅ Module hedge_fund_fetcher imported successfully
✅ Class HedgeFundTradesFetcher found in module
2025-03-07 22:29:26,502 - pipeline_runner - INFO - [run_pipeline.py:221] - ✅ Class HedgeFundTradesFetcher found in module
Creating instance of HedgeFundTradesFetcher...
2025-03-07 22:29:26,503 - pipeline_runner - INFO - [run_pipeline.py:228] - Creating instance of HedgeFundTradesFetcher...
✅ Created instance of HedgeFundTradesFetcher
2025-03-07 22:29:26,503 - pipeline_runner - INFO - [run_pipeline.py:238] - ✅ Created instance of HedgeFundTradesFetcher
Running HedgeFundTradesFetcher.run()...
2025-03-07 22:29:26,503 - pipeline_runner - INFO - [run_pipeline.py:269] - Running HedgeFundTradesFetcher.run()...
2025-03-07 22:29:26,503 - hedge_fund_fetcher - INFO - [hedge_fund_fetcher.py:77] - Starting hedge fund trades fetching process
2025-03-07 22:29:26,503 - hedge_fund_fetcher - INFO - [hedge_fund_fetcher.py:95] - Fetching hedge fund trades from UnusualWhales API
2025-03-07 22:29:26,503 - unusual_whales_api - INFO - [unusual_whales_api.py:87] - Using cached data for institutions
2025-03-07 22:29:26,504 - unusual_whales_api - INFO - [unusual_whales_api.py:87] - Using cached data for institutions
2025-03-07 22:29:26,504 - hedge_fund_fetcher - INFO - [hedge_fund_fetcher.py:105] - Retrieved 173 hedge funds from UnusualWhales API
2025-03-07 22:29:26,721 - httpx - INFO - [_client.py:1025] - HTTP Request: POST https://xtvfaileukqrdnnfghui.supabase.co/rest/v1/institutions?on_conflict=name&columns=%22people%22%2C%22name%22%2C%22logo_url%22%2C%22fund_holdings%22%2C%22timestamp%22%2C%22cik%22%2C%22short_name%22%2C%22call_holdings%22%2C%22warrant_holdings%22%2C%22call_value%22%2C%22buy_value%22%2C%22total_holdings%22%2C%22share_value%22%2C%22pfd_value%22%2C%22fund_value%22%2C%22put_value%22%2C%22founder_img_url%22%2C%22tags%22%2C%22filing_date%22%2C%22debt_value%22%2C%22description%22%2C%22sell_value%22%2C%22website%22%2C%22debt_holdings%22%2C%22warrant_value%22%2C%22total_value%22%2C%22pfd_holdings%22%2C%22share_holdings%22%2C%22put_holdings%22%2C%22is_hedge_fund%22%2C%22date%22 "HTTP/2 400 Bad Request"
2025-03-07 22:29:26,721 - hedge_fund_fetcher - ERROR - [hedge_fund_fetcher.py:213] - Error saving institutions to database: {'code': 'PGRST204', 'details': None, 'hint': None, 'message': "Could not find the 'buy_value' column of 'institutions' in the schema cache"}
2025-03-07 22:29:26,721 - unusual_whales_api - INFO - [unusual_whales_api.py:91] - Making request to https://api.unusualwhales.com/api/institutions/latest_filings with params {'order_direction': 'desc', 'limit': 200}
2025-03-07 22:29:27,746 - hedge_fund_fetcher - INFO - [hedge_fund_fetcher.py:122] - Processing 22 hedge funds (prioritizing 2 recent filers)
2025-03-07 22:29:27,746 - hedge_fund_fetcher - INFO - [hedge_fund_fetcher.py:144] - Processing fund: LEGAL & GENERAL GROUP PLC
2025-03-07 22:29:27,746 - unusual_whales_api - INFO - [unusual_whales_api.py:91] - Making request to https://api.unusualwhales.com/api/institution/LEGAL & GENERAL GROUP PLC/holdings with params {'security_types': ['Share'], 'order_direction': 'desc', 'limit': 500}
2025-03-07 22:29:29,090 - hedge_fund_fetcher - INFO - [hedge_fund_fetcher.py:154] - Retrieved 500 holdings for LEGAL & GENERAL GROUP PLC
2025-03-07 22:29:29,163 - httpx - INFO - [_client.py:1025] - HTTP Request: POST https://xtvfaileukqrdnnfghui.supabase.co/rest/v1/institution_holdings?on_conflict=id&columns=%22security_type%22%2C%22units_change%22%2C%22full_name%22%2C%22ticker%22%2C%22shares_outstanding%22%2C%22put_call%22%2C%22units%22%2C%22value%22%2C%22avg_price%22%2C%22close%22%2C%22sector%22%2C%22historical_units%22%2C%22timestamp%22%2C%22price_first_buy%22%2C%22first_buy%22%2C%22date%22 "HTTP/2 400 Bad Request"
2025-03-07 22:29:29,164 - hedge_fund_fetcher - ERROR - [hedge_fund_fetcher.py:246] - Error saving holdings to database for LEGAL & GENERAL GROUP PLC: {'code': 'PGRST204', 'details': None, 'hint': None, 'message': "Could not find the 'avg_price' column of 'institution_holdings' in the schema cache"}
2025-03-07 22:29:29,164 - unusual_whales_api - INFO - [unusual_whales_api.py:91] - Making request to https://api.unusualwhales.com/api/institution/LEGAL & GENERAL GROUP PLC/activity with params {'limit': 200}
2025-03-07 22:29:29,392 - hedge_fund_fetcher - INFO - [hedge_fund_fetcher.py:167] - Retrieved 200 activity records for LEGAL & GENERAL GROUP PLC
2025-03-07 22:29:29,455 - httpx - INFO - [_client.py:1025] - HTTP Request: POST https://xtvfaileukqrdnnfghui.supabase.co/rest/v1/institution_activity?on_conflict=id&columns=%22sell_price%22%2C%22security_type%22%2C%22units_change%22%2C%22price_on_report%22%2C%22price_on_filing%22%2C%22ticker%22%2C%22shares_outstanding%22%2C%22put_call%22%2C%22avg_price%22%2C%22close%22%2C%22filing_date%22%2C%22buy_price%22%2C%22timestamp%22%2C%22report_date%22%2C%22units%22 "HTTP/2 400 Bad Request"
2025-03-07 22:29:29,456 - hedge_fund_fetcher - ERROR - [hedge_fund_fetcher.py:279] - Error saving activity to database for LEGAL & GENERAL GROUP PLC: {'code': 'PGRST204', 'details': None, 'hint': None, 'message': "Could not find the 'avg_price' column of 'institution_activity' in the schema cache"}
2025-03-07 22:29:29,456 - hedge_fund_fetcher - INFO - [hedge_fund_fetcher.py:327] - Generated 0 trades from activity data for LEGAL & GENERAL GROUP PLC
2025-03-07 22:29:29,957 - hedge_fund_fetcher - INFO - [hedge_fund_fetcher.py:144] - Processing fund: CTC LLC
2025-03-07 22:29:29,958 - unusual_whales_api - INFO - [unusual_whales_api.py:91] - Making request to https://api.unusualwhales.com/api/institution/CTC LLC/holdings with params {'security_types': ['Share'], 'order_direction': 'desc', 'limit': 500}
2025-03-07 22:29:30,092 - hedge_fund_fetcher - INFO - [hedge_fund_fetcher.py:154] - Retrieved 77 holdings for CTC LLC
2025-03-07 22:29:30,157 - httpx - INFO - [_client.py:1025] - HTTP Request: POST https://xtvfaileukqrdnnfghui.supabase.co/rest/v1/institution_holdings?on_conflict=id&columns=%22security_type%22%2C%22units_change%22%2C%22full_name%22%2C%22ticker%22%2C%22shares_outstanding%22%2C%22put_call%22%2C%22units%22%2C%22value%22%2C%22avg_price%22%2C%22close%22%2C%22sector%22%2C%22historical_units%22%2C%22timestamp%22%2C%22price_first_buy%22%2C%22first_buy%22%2C%22date%22 "HTTP/2 400 Bad Request"
2025-03-07 22:29:30,158 - hedge_fund_fetcher - ERROR - [hedge_fund_fetcher.py:246] - Error saving holdings to database for CTC LLC: {'code': 'PGRST204', 'details': None, 'hint': None, 'message': "Could not find the 'avg_price' column of 'institution_holdings' in the schema cache"}
2025-03-07 22:29:30,159 - unusual_whales_api - INFO - [unusual_whales_api.py:91] - Making request to https://api.unusualwhales.com/api/institution/CTC LLC/activity with params {'limit': 200}
2025-03-07 22:29:30,515 - hedge_fund_fetcher - INFO - [hedge_fund_fetcher.py:167] - Retrieved 200 activity records for CTC LLC
2025-03-07 22:29:30,578 - httpx - INFO - [_client.py:1025] - HTTP Request: POST https://xtvfaileukqrdnnfghui.supabase.co/rest/v1/institution_activity?on_conflict=id&columns=%22sell_price%22%2C%22security_type%22%2C%22units_change%22%2C%22price_on_report%22%2C%22price_on_filing%22%2C%22ticker%22%2C%22shares_outstanding%22%2C%22put_call%22%2C%22avg_price%22%2C%22close%22%2C%22filing_date%22%2C%22buy_price%22%2C%22timestamp%22%2C%22report_date%22%2C%22units%22 "HTTP/2 400 Bad Request"
2025-03-07 22:29:30,579 - hedge_fund_fetcher - ERROR - [hedge_fund_fetcher.py:279] - Error saving activity to database for CTC LLC: {'code': 'PGRST204', 'details': None, 'hint': None, 'message': "Could not find the 'avg_price' column of 'institution_activity' in the schema cache"}
2025-03-07 22:29:30,579 - hedge_fund_fetcher - INFO - [hedge_fund_fetcher.py:327] - Generated 0 trades from activity data for CTC LLC
2025-03-07 22:29:31,080 - hedge_fund_fetcher - INFO - [hedge_fund_fetcher.py:144] - Processing fund: FARALLON CAPITAL MANAGEMENT LLC
2025-03-07 22:29:31,081 - unusual_whales_api - INFO - [unusual_whales_api.py:91] - Making request to https://api.unusualwhales.com/api/institution/FARALLON CAPITAL MANAGEMENT LLC/holdings with params {'security_types': ['Share'], 'order_direction': 'desc', 'limit': 500}
2025-03-07 22:29:31,362 - hedge_fund_fetcher - INFO - [hedge_fund_fetcher.py:154] - Retrieved 149 holdings for FARALLON CAPITAL MANAGEMENT LLC
2025-03-07 22:29:31,438 - httpx - INFO - [_client.py:1025] - HTTP Request: POST https://xtvfaileukqrdnnfghui.supabase.co/rest/v1/institution_holdings?on_conflict=id&columns=%22security_type%22%2C%22units_change%22%2C%22full_name%22%2C%22ticker%22%2C%22shares_outstanding%22%2C%22put_call%22%2C%22units%22%2C%22value%22%2C%22avg_price%22%2C%22close%22%2C%22sector%22%2C%22historical_units%22%2C%22timestamp%22%2C%22price_first_buy%22%2C%22first_buy%22%2C%22date%22 "HTTP/2 400 Bad Request"
2025-03-07 22:29:31,439 - hedge_fund_fetcher - ERROR - [hedge_fund_fetcher.py:246] - Error saving holdings to database for FARALLON CAPITAL MANAGEMENT LLC: {'code': 'PGRST204', 'details': None, 'hint': None, 'message': "Could not find the 'avg_price' column of 'institution_holdings' in the schema cache"}
2025-03-07 22:29:31,439 - unusual_whales_api - INFO - [unusual_whales_api.py:91] - Making request to https://api.unusualwhales.com/api/institution/FARALLON CAPITAL MANAGEMENT LLC/activity with params {'limit': 200}
2025-03-07 22:29:31,833 - hedge_fund_fetcher - INFO - [hedge_fund_fetcher.py:167] - Retrieved 200 activity records for FARALLON CAPITAL MANAGEMENT LLC
2025-03-07 22:29:31,895 - httpx - INFO - [_client.py:1025] - HTTP Request: POST https://xtvfaileukqrdnnfghui.supabase.co/rest/v1/institution_activity?on_conflict=id&columns=%22sell_price%22%2C%22security_type%22%2C%22units_change%22%2C%22price_on_report%22%2C%22price_on_filing%22%2C%22ticker%22%2C%22shares_outstanding%22%2C%22put_call%22%2C%22avg_price%22%2C%22close%22%2C%22filing_date%22%2C%22buy_price%22%2C%22timestamp%22%2C%22report_date%22%2C%22units%22 "HTTP/2 400 Bad Request"
2025-03-07 22:29:31,895 - hedge_fund_fetcher - ERROR - [hedge_fund_fetcher.py:279] - Error saving activity to database for FARALLON CAPITAL MANAGEMENT LLC: {'code': 'PGRST204', 'details': None, 'hint': None, 'message': "Could not find the 'avg_price' column of 'institution_activity' in the schema cache"}
2025-03-07 22:29:31,895 - hedge_fund_fetcher - INFO - [hedge_fund_fetcher.py:327] - Generated 0 trades from activity data for FARALLON CAPITAL MANAGEMENT LLC
2025-03-07 22:29:32,396 - hedge_fund_fetcher - INFO - [hedge_fund_fetcher.py:144] - Processing fund: ICAHN CARL C
2025-03-07 22:29:32,397 - unusual_whales_api - INFO - [unusual_whales_api.py:91] - Making request to https://api.unusualwhales.com/api/institution/ICAHN CARL C/holdings with params {'security_types': ['Share'], 'order_direction': 'desc', 'limit': 500}
2025-03-07 22:29:32,519 - hedge_fund_fetcher - INFO - [hedge_fund_fetcher.py:154] - Retrieved 14 holdings for ICAHN CARL C
2025-03-07 22:29:32,576 - httpx - INFO - [_client.py:1025] - HTTP Request: POST https://xtvfaileukqrdnnfghui.supabase.co/rest/v1/institution_holdings?on_conflict=id&columns=%22security_type%22%2C%22units_change%22%2C%22full_name%22%2C%22ticker%22%2C%22shares_outstanding%22%2C%22put_call%22%2C%22units%22%2C%22value%22%2C%22avg_price%22%2C%22close%22%2C%22sector%22%2C%22historical_units%22%2C%22timestamp%22%2C%22price_first_buy%22%2C%22first_buy%22%2C%22date%22 "HTTP/2 400 Bad Request"
2025-03-07 22:29:32,577 - hedge_fund_fetcher - ERROR - [hedge_fund_fetcher.py:246] - Error saving holdings to database for ICAHN CARL C: {'code': 'PGRST204', 'details': None, 'hint': None, 'message': "Could not find the 'avg_price' column of 'institution_holdings' in the schema cache"}
2025-03-07 22:29:32,578 - unusual_whales_api - INFO - [unusual_whales_api.py:91] - Making request to https://api.unusualwhales.com/api/institution/ICAHN CARL C/activity with params {'limit': 200}
2025-03-07 22:29:32,887 - hedge_fund_fetcher - INFO - [hedge_fund_fetcher.py:167] - Retrieved 200 activity records for ICAHN CARL C
2025-03-07 22:29:32,949 - httpx - INFO - [_client.py:1025] - HTTP Request: POST https://xtvfaileukqrdnnfghui.supabase.co/rest/v1/institution_activity?on_conflict=id&columns=%22sell_price%22%2C%22security_type%22%2C%22units_change%22%2C%22price_on_report%22%2C%22price_on_filing%22%2C%22ticker%22%2C%22shares_outstanding%22%2C%22put_call%22%2C%22avg_price%22%2C%22close%22%2C%22filing_date%22%2C%22buy_price%22%2C%22timestamp%22%2C%22report_date%22%2C%22units%22 "HTTP/2 400 Bad Request"
2025-03-07 22:29:32,950 - hedge_fund_fetcher - ERROR - [hedge_fund_fetcher.py:279] - Error saving activity to database for ICAHN CARL C: {'code': 'PGRST204', 'details': None, 'hint': None, 'message': "Could not find the 'avg_price' column of 'institution_activity' in the schema cache"}
2025-03-07 22:29:32,951 - hedge_fund_fetcher - INFO - [hedge_fund_fetcher.py:327] - Generated 0 trades from activity data for ICAHN CARL C
2025-03-07 22:29:33,452 - hedge_fund_fetcher - INFO - [hedge_fund_fetcher.py:144] - Processing fund: TUDOR INVESTMENT CORP ET AL
2025-03-07 22:29:33,453 - unusual_whales_api - INFO - [unusual_whales_api.py:91] - Making request to https://api.unusualwhales.com/api/institution/TUDOR INVESTMENT CORP ET AL/holdings with params {'security_types': ['Share'], 'order_direction': 'desc', 'limit': 500}
2025-03-07 22:29:34,025 - hedge_fund_fetcher - INFO - [hedge_fund_fetcher.py:154] - Retrieved 500 holdings for TUDOR INVESTMENT CORP ET AL
2025-03-07 22:29:34,097 - httpx - INFO - [_client.py:1025] - HTTP Request: POST https://xtvfaileukqrdnnfghui.supabase.co/rest/v1/institution_holdings?on_conflict=id&columns=%22security_type%22%2C%22units_change%22%2C%22full_name%22%2C%22ticker%22%2C%22shares_outstanding%22%2C%22put_call%22%2C%22units%22%2C%22value%22%2C%22avg_price%22%2C%22close%22%2C%22sector%22%2C%22historical_units%22%2C%22timestamp%22%2C%22price_first_buy%22%2C%22first_buy%22%2C%22date%22 "HTTP/2 400 Bad Request"
2025-03-07 22:29:34,097 - hedge_fund_fetcher - ERROR - [hedge_fund_fetcher.py:246] - Error saving holdings to database for TUDOR INVESTMENT CORP ET AL: {'code': 'PGRST204', 'details': None, 'hint': None, 'message': "Could not find the 'avg_price' column of 'institution_holdings' in the schema cache"}
2025-03-07 22:29:34,097 - unusual_whales_api - INFO - [unusual_whales_api.py:91] - Making request to https://api.unusualwhales.com/api/institution/TUDOR INVESTMENT CORP ET AL/activity with params {'limit': 200}
2025-03-07 22:29:34,238 - hedge_fund_fetcher - INFO - [hedge_fund_fetcher.py:167] - Retrieved 200 activity records for TUDOR INVESTMENT CORP ET AL
2025-03-07 22:29:34,294 - httpx - INFO - [_client.py:1025] - HTTP Request: POST https://xtvfaileukqrdnnfghui.supabase.co/rest/v1/institution_activity?on_conflict=id&columns=%22sell_price%22%2C%22security_type%22%2C%22units_change%22%2C%22price_on_report%22%2C%22price_on_filing%22%2C%22ticker%22%2C%22shares_outstanding%22%2C%22put_call%22%2C%22avg_price%22%2C%22close%22%2C%22filing_date%22%2C%22buy_price%22%2C%22timestamp%22%2C%22report_date%22%2C%22units%22 "HTTP/2 400 Bad Request"
2025-03-07 22:29:34,294 - hedge_fund_fetcher - ERROR - [hedge_fund_fetcher.py:279] - Error saving activity to database for TUDOR INVESTMENT CORP ET AL: {'code': 'PGRST204', 'details': None, 'hint': None, 'message': "Could not find the 'avg_price' column of 'institution_activity' in the schema cache"}
2025-03-07 22:29:34,294 - hedge_fund_fetcher - INFO - [hedge_fund_fetcher.py:327] - Generated 0 trades from activity data for TUDOR INVESTMENT CORP ET AL
2025-03-07 22:29:34,796 - hedge_fund_fetcher - INFO - [hedge_fund_fetcher.py:144] - Processing fund: MAVERICK CAPITAL LTD
2025-03-07 22:29:34,796 - unusual_whales_api - INFO - [unusual_whales_api.py:91] - Making request to https://api.unusualwhales.com/api/institution/MAVERICK CAPITAL LTD/holdings with params {'security_types': ['Share'], 'order_direction': 'desc', 'limit': 500}
2025-03-07 22:29:35,121 - hedge_fund_fetcher - INFO - [hedge_fund_fetcher.py:154] - Retrieved 303 holdings for MAVERICK CAPITAL LTD
2025-03-07 22:29:35,188 - httpx - INFO - [_client.py:1025] - HTTP Request: POST https://xtvfaileukqrdnnfghui.supabase.co/rest/v1/institution_holdings?on_conflict=id&columns=%22security_type%22%2C%22units_change%22%2C%22full_name%22%2C%22ticker%22%2C%22shares_outstanding%22%2C%22put_call%22%2C%22units%22%2C%22value%22%2C%22avg_price%22%2C%22close%22%2C%22sector%22%2C%22historical_units%22%2C%22timestamp%22%2C%22price_first_buy%22%2C%22first_buy%22%2C%22date%22 "HTTP/2 400 Bad Request"
2025-03-07 22:29:35,188 - hedge_fund_fetcher - ERROR - [hedge_fund_fetcher.py:246] - Error saving holdings to database for MAVERICK CAPITAL LTD: {'code': 'PGRST204', 'details': None, 'hint': None, 'message': "Could not find the 'avg_price' column of 'institution_holdings' in the schema cache"}
2025-03-07 22:29:35,188 - unusual_whales_api - INFO - [unusual_whales_api.py:91] - Making request to https://api.unusualwhales.com/api/institution/MAVERICK CAPITAL LTD/activity with params {'limit': 200}
2025-03-07 22:29:36,042 - hedge_fund_fetcher - INFO - [hedge_fund_fetcher.py:167] - Retrieved 200 activity records for MAVERICK CAPITAL LTD
2025-03-07 22:29:36,106 - httpx - INFO - [_client.py:1025] - HTTP Request: POST https://xtvfaileukqrdnnfghui.supabase.co/rest/v1/institution_activity?on_conflict=id&columns=%22sell_price%22%2C%22security_type%22%2C%22units_change%22%2C%22price_on_report%22%2C%22price_on_filing%22%2C%22ticker%22%2C%22shares_outstanding%22%2C%22put_call%22%2C%22avg_price%22%2C%22close%22%2C%22filing_date%22%2C%22buy_price%22%2C%22timestamp%22%2C%22report_date%22%2C%22units%22 "HTTP/2 400 Bad Request"
2025-03-07 22:29:36,108 - hedge_fund_fetcher - ERROR - [hedge_fund_fetcher.py:279] - Error saving activity to database for MAVERICK CAPITAL LTD: {'code': 'PGRST204', 'details': None, 'hint': None, 'message': "Could not find the 'avg_price' column of 'institution_activity' in the schema cache"}
2025-03-07 22:29:36,108 - hedge_fund_fetcher - INFO - [hedge_fund_fetcher.py:327] - Generated 0 trades from activity data for MAVERICK CAPITAL LTD
2025-03-07 22:29:36,610 - hedge_fund_fetcher - INFO - [hedge_fund_fetcher.py:144] - Processing fund: ONTARIO TEACHERS PENSION PLAN BOARD
2025-03-07 22:29:36,611 - unusual_whales_api - INFO - [unusual_whales_api.py:91] - Making request to https://api.unusualwhales.com/api/institution/ONTARIO TEACHERS PENSION PLAN BOARD/holdings with params {'security_types': ['Share'], 'order_direction': 'desc', 'limit': 500}
