
================================================================================
                        STARTING FINANCIAL DATA PIPELINE                        
================================================================================
2025-03-07 23:15:34,114 - pipeline_runner - INFO - [run_pipeline.py:119] - 
================================================================================
                        STARTING FINANCIAL DATA PIPELINE                        
================================================================================
Pipeline configuration:
2025-03-07 23:15:34,114 - pipeline_runner - INFO - [run_pipeline.py:315] - Pipeline configuration:
- Components: insider, analyst, economic, fda, darkpool, options, political, institution
2025-03-07 23:15:34,114 - pipeline_runner - INFO - [run_pipeline.py:316] - - Components: insider, analyst, economic, fda, darkpool, options, political, institution
- Watchlist only: False
2025-03-07 23:15:34,114 - pipeline_runner - INFO - [run_pipeline.py:317] - - Watchlist only: False
- Days to fetch: 3
2025-03-07 23:15:34,114 - pipeline_runner - INFO - [run_pipeline.py:318] - - Days to fetch: 3
- Limit per request: 5
2025-03-07 23:15:34,114 - pipeline_runner - INFO - [run_pipeline.py:319] - - Limit per request: 5

================================================================================
               RUNNING INSIDER FETCHER: Insider trading activity                
================================================================================
2025-03-07 23:15:34,114 - pipeline_runner - INFO - [run_pipeline.py:119] - 
================================================================================
               RUNNING INSIDER FETCHER: Insider trading activity                
================================================================================
Importing insider_trades_fetcher...
2025-03-07 23:15:34,114 - pipeline_runner - INFO - [run_pipeline.py:208] - Importing insider_trades_fetcher...
2025-03-07 23:15:34,338 - insider_trades_fetcher - INFO - [insider_trades_fetcher.py:52] - Successfully initialized Supabase client
✅ Module insider_trades_fetcher imported successfully
2025-03-07 23:15:34,338 - pipeline_runner - INFO - [run_pipeline.py:212] - ✅ Module insider_trades_fetcher imported successfully
✅ Class InsiderTradesFetcher found in module
2025-03-07 23:15:34,338 - pipeline_runner - INFO - [run_pipeline.py:221] - ✅ Class InsiderTradesFetcher found in module
Creating instance of InsiderTradesFetcher...
2025-03-07 23:15:34,338 - pipeline_runner - INFO - [run_pipeline.py:228] - Creating instance of InsiderTradesFetcher...
✅ Created instance of InsiderTradesFetcher
2025-03-07 23:15:34,338 - pipeline_runner - INFO - [run_pipeline.py:238] - ✅ Created instance of InsiderTradesFetcher
Running InsiderTradesFetcher.run()...
2025-03-07 23:15:34,338 - pipeline_runner - INFO - [run_pipeline.py:269] - Running InsiderTradesFetcher.run()...
2025-03-07 23:15:34,338 - insider_trades_fetcher - INFO - [insider_trades_fetcher.py:73] - Starting insider trades fetching process
2025-03-07 23:15:34,338 - insider_trades_fetcher - INFO - [insider_trades_fetcher.py:89] - Fetching insider trades from UnusualWhales API
2025-03-07 23:15:34,338 - unusual_whales_api - INFO - [unusual_whales_api.py:87] - Using cached data for insider/transactions
2025-03-07 23:15:34,338 - insider_trades_fetcher - INFO - [insider_trades_fetcher.py:100] - Retrieved 50 insider transactions from UnusualWhales API
2025-03-07 23:15:34,520 - httpx - INFO - [_client.py:1025] - HTTP Request: GET https://xtvfaileukqrdnnfghui.supabase.co/rest/v1/insider_trades?select=id&filing_id=eq.64a035a8-230c-42e8-925e-1b414f0e17e5 "HTTP/2 200 OK"
2025-03-07 23:15:34,617 - httpx - INFO - [_client.py:1025] - HTTP Request: GET https://xtvfaileukqrdnnfghui.supabase.co/rest/v1/insider_trades?select=id&filing_id=eq.20a1ca17-5b47-4405-b493-a31c16dc0972 "HTTP/2 200 OK"
2025-03-07 23:15:34,707 - httpx - INFO - [_client.py:1025] - HTTP Request: GET https://xtvfaileukqrdnnfghui.supabase.co/rest/v1/insider_trades?select=id&filing_id=eq.fa27c4a1-257b-4433-b3bd-442acc3a1128 "HTTP/2 200 OK"
2025-03-07 23:15:34,816 - httpx - INFO - [_client.py:1025] - HTTP Request: GET https://xtvfaileukqrdnnfghui.supabase.co/rest/v1/insider_trades?select=id&filing_id=eq.cc0f9b96-2c4d-4421-b0e7-f0bd354eb38e "HTTP/2 200 OK"
2025-03-07 23:15:34,909 - httpx - INFO - [_client.py:1025] - HTTP Request: GET https://xtvfaileukqrdnnfghui.supabase.co/rest/v1/insider_trades?select=id&filing_id=eq.42684cd5-7449-49d1-86b8-270709a00bbb "HTTP/2 200 OK"
2025-03-07 23:15:34,990 - httpx - INFO - [_client.py:1025] - HTTP Request: GET https://xtvfaileukqrdnnfghui.supabase.co/rest/v1/insider_trades?select=id&filing_id=eq.2d7b0d2d-896b-422b-9a29-de81214927c7 "HTTP/2 200 OK"
2025-03-07 23:15:35,100 - httpx - INFO - [_client.py:1025] - HTTP Request: GET https://xtvfaileukqrdnnfghui.supabase.co/rest/v1/insider_trades?select=id&filing_id=eq.c6db54cd-0751-4f10-ac1e-22311f786655 "HTTP/2 200 OK"
2025-03-07 23:15:35,196 - httpx - INFO - [_client.py:1025] - HTTP Request: GET https://xtvfaileukqrdnnfghui.supabase.co/rest/v1/insider_trades?select=id&filing_id=eq.0ac12d04-f325-4b3d-8fd4-770417ee941b "HTTP/2 200 OK"
2025-03-07 23:15:35,294 - httpx - INFO - [_client.py:1025] - HTTP Request: GET https://xtvfaileukqrdnnfghui.supabase.co/rest/v1/insider_trades?select=id&filing_id=eq.acbcabce-30ea-4f82-b602-a8a49225874f "HTTP/2 200 OK"
2025-03-07 23:15:35,402 - httpx - INFO - [_client.py:1025] - HTTP Request: GET https://xtvfaileukqrdnnfghui.supabase.co/rest/v1/insider_trades?select=id&filing_id=eq.17274813-1c11-436e-a940-55921034725c "HTTP/2 200 OK"
2025-03-07 23:15:35,474 - httpx - INFO - [_client.py:1025] - HTTP Request: GET https://xtvfaileukqrdnnfghui.supabase.co/rest/v1/insider_trades?select=id&filing_id=eq.52b65a36-25a7-4394-82e3-aee25a1124be "HTTP/2 200 OK"
2025-03-07 23:15:35,567 - httpx - INFO - [_client.py:1025] - HTTP Request: GET https://xtvfaileukqrdnnfghui.supabase.co/rest/v1/insider_trades?select=id&filing_id=eq.559ed51a-fd14-4b0f-9c2c-dac23d122d2b "HTTP/2 200 OK"
2025-03-07 23:15:35,645 - httpx - INFO - [_client.py:1025] - HTTP Request: GET https://xtvfaileukqrdnnfghui.supabase.co/rest/v1/insider_trades?select=id&filing_id=eq.11fd1aba-93d5-4c2d-9d11-418490c13827 "HTTP/2 200 OK"
2025-03-07 23:15:35,747 - httpx - INFO - [_client.py:1025] - HTTP Request: GET https://xtvfaileukqrdnnfghui.supabase.co/rest/v1/insider_trades?select=id&filing_id=eq.cab31e17-9ec6-47aa-8e14-811cf4b92802 "HTTP/2 200 OK"
2025-03-07 23:15:35,843 - httpx - INFO - [_client.py:1025] - HTTP Request: GET https://xtvfaileukqrdnnfghui.supabase.co/rest/v1/insider_trades?select=id&filing_id=eq.d77b7854-5886-49bd-ad5e-16885a05b8a6 "HTTP/2 200 OK"
2025-03-07 23:15:35,912 - httpx - INFO - [_client.py:1025] - HTTP Request: GET https://xtvfaileukqrdnnfghui.supabase.co/rest/v1/insider_trades?select=id&filing_id=eq.8801e91a-d886-4437-95ca-175946c27d8d "HTTP/2 200 OK"
2025-03-07 23:15:36,005 - httpx - INFO - [_client.py:1025] - HTTP Request: GET https://xtvfaileukqrdnnfghui.supabase.co/rest/v1/insider_trades?select=id&filing_id=eq.2fd18deb-b280-4760-9969-6c70c967e201 "HTTP/2 200 OK"
2025-03-07 23:15:36,065 - httpx - INFO - [_client.py:1025] - HTTP Request: GET https://xtvfaileukqrdnnfghui.supabase.co/rest/v1/insider_trades?select=id&filing_id=eq.6f2cfac1-3b50-4f21-ad2b-bf227ed71ba2 "HTTP/2 200 OK"
2025-03-07 23:15:36,146 - httpx - INFO - [_client.py:1025] - HTTP Request: GET https://xtvfaileukqrdnnfghui.supabase.co/rest/v1/insider_trades?select=id&filing_id=eq.75a22f9d-d674-4f6e-952c-6de8d47d7d17 "HTTP/2 200 OK"
2025-03-07 23:15:36,224 - httpx - INFO - [_client.py:1025] - HTTP Request: GET https://xtvfaileukqrdnnfghui.supabase.co/rest/v1/insider_trades?select=id&filing_id=eq.f5bd3e6d-5c54-45dc-bc5d-990a2d31e758 "HTTP/2 200 OK"
2025-03-07 23:15:36,316 - httpx - INFO - [_client.py:1025] - HTTP Request: GET https://xtvfaileukqrdnnfghui.supabase.co/rest/v1/insider_trades?select=id&filing_id=eq.6afd4bdf-8da0-4bbc-bcac-2201f3971775 "HTTP/2 200 OK"
2025-03-07 23:15:36,395 - httpx - INFO - [_client.py:1025] - HTTP Request: GET https://xtvfaileukqrdnnfghui.supabase.co/rest/v1/insider_trades?select=id&filing_id=eq.07089c7c-28ae-4dca-a653-571792836493 "HTTP/2 200 OK"
2025-03-07 23:15:36,468 - httpx - INFO - [_client.py:1025] - HTTP Request: GET https://xtvfaileukqrdnnfghui.supabase.co/rest/v1/insider_trades?select=id&filing_id=eq.2d2e5c72-1111-490d-9cba-e5e5f39a30c9 "HTTP/2 200 OK"
2025-03-07 23:15:36,589 - httpx - INFO - [_client.py:1025] - HTTP Request: GET https://xtvfaileukqrdnnfghui.supabase.co/rest/v1/insider_trades?select=id&filing_id=eq.4e9d5944-67c5-4e5c-aa39-28f404314aae "HTTP/2 200 OK"
2025-03-07 23:15:36,651 - httpx - INFO - [_client.py:1025] - HTTP Request: GET https://xtvfaileukqrdnnfghui.supabase.co/rest/v1/insider_trades?select=id&filing_id=eq.3fe61bdd-5b6d-48a1-89d2-0a12440f870f "HTTP/2 200 OK"
2025-03-07 23:15:36,722 - httpx - INFO - [_client.py:1025] - HTTP Request: GET https://xtvfaileukqrdnnfghui.supabase.co/rest/v1/insider_trades?select=id&filing_id=eq.15fa41e7-2310-40e1-b0bd-a7ef50f170d3 "HTTP/2 200 OK"
2025-03-07 23:15:36,821 - httpx - INFO - [_client.py:1025] - HTTP Request: GET https://xtvfaileukqrdnnfghui.supabase.co/rest/v1/insider_trades?select=id&filing_id=eq.81640298-7084-4990-8902-45b0b3d8f95c "HTTP/2 200 OK"
2025-03-07 23:15:36,907 - httpx - INFO - [_client.py:1025] - HTTP Request: GET https://xtvfaileukqrdnnfghui.supabase.co/rest/v1/insider_trades?select=id&filing_id=eq.90847280-fe25-4ff1-bbb4-148e49f2887d "HTTP/2 200 OK"
2025-03-07 23:15:37,013 - httpx - INFO - [_client.py:1025] - HTTP Request: GET https://xtvfaileukqrdnnfghui.supabase.co/rest/v1/insider_trades?select=id&filing_id=eq.2e8087c3-a263-4762-b7df-38ba3f162832 "HTTP/2 200 OK"
2025-03-07 23:15:37,146 - httpx - INFO - [_client.py:1025] - HTTP Request: GET https://xtvfaileukqrdnnfghui.supabase.co/rest/v1/insider_trades?select=id&filing_id=eq.a2629a4e-06a3-43e3-85b4-7203cd5f980f "HTTP/2 200 OK"
2025-03-07 23:15:37,228 - httpx - INFO - [_client.py:1025] - HTTP Request: GET https://xtvfaileukqrdnnfghui.supabase.co/rest/v1/insider_trades?select=id&filing_id=eq.aa67cdd1-ddaa-4a38-af53-dc11bea455f8 "HTTP/2 200 OK"
2025-03-07 23:15:37,343 - httpx - INFO - [_client.py:1025] - HTTP Request: GET https://xtvfaileukqrdnnfghui.supabase.co/rest/v1/insider_trades?select=id&filing_id=eq.a41a0c95-b5a3-474f-a76f-2b62a6b9c8a3 "HTTP/2 200 OK"
2025-03-07 23:15:37,504 - httpx - INFO - [_client.py:1025] - HTTP Request: GET https://xtvfaileukqrdnnfghui.supabase.co/rest/v1/insider_trades?select=id&filing_id=eq.5341f23e-047e-4423-8629-117ca1beee8b "HTTP/2 200 OK"
2025-03-07 23:15:37,609 - httpx - INFO - [_client.py:1025] - HTTP Request: GET https://xtvfaileukqrdnnfghui.supabase.co/rest/v1/insider_trades?select=id&filing_id=eq.14a9c610-39c2-467c-a10d-e2c341ce5ed9 "HTTP/2 200 OK"
2025-03-07 23:15:37,698 - httpx - INFO - [_client.py:1025] - HTTP Request: GET https://xtvfaileukqrdnnfghui.supabase.co/rest/v1/insider_trades?select=id&filing_id=eq.8693f6ad-e61e-4abe-a498-7d784e516aa1 "HTTP/2 200 OK"
2025-03-07 23:15:37,756 - httpx - INFO - [_client.py:1025] - HTTP Request: GET https://xtvfaileukqrdnnfghui.supabase.co/rest/v1/insider_trades?select=id&filing_id=eq.946b6b14-840a-4368-9ecb-dfce65eb60bd "HTTP/2 200 OK"
2025-03-07 23:15:37,847 - httpx - INFO - [_client.py:1025] - HTTP Request: GET https://xtvfaileukqrdnnfghui.supabase.co/rest/v1/insider_trades?select=id&filing_id=eq.96b5bb72-a0ef-4f40-8a5e-f1bd53c9abfa "HTTP/2 200 OK"
2025-03-07 23:15:37,912 - httpx - INFO - [_client.py:1025] - HTTP Request: GET https://xtvfaileukqrdnnfghui.supabase.co/rest/v1/insider_trades?select=id&filing_id=eq.dfdd72b6-fc24-45b8-87df-ca3c2af94d14 "HTTP/2 200 OK"
2025-03-07 23:15:37,989 - httpx - INFO - [_client.py:1025] - HTTP Request: GET https://xtvfaileukqrdnnfghui.supabase.co/rest/v1/insider_trades?select=id&filing_id=eq.f824d316-7007-417a-9419-7344fc3342ff "HTTP/2 200 OK"
2025-03-07 23:15:38,083 - httpx - INFO - [_client.py:1025] - HTTP Request: GET https://xtvfaileukqrdnnfghui.supabase.co/rest/v1/insider_trades?select=id&filing_id=eq.34371777-a4f7-4095-9e42-8543df3a1dfd "HTTP/2 200 OK"
2025-03-07 23:15:38,172 - httpx - INFO - [_client.py:1025] - HTTP Request: GET https://xtvfaileukqrdnnfghui.supabase.co/rest/v1/insider_trades?select=id&filing_id=eq.fbcd8308-827b-48d2-a3b0-c6ed32f2693d "HTTP/2 200 OK"
2025-03-07 23:15:38,256 - httpx - INFO - [_client.py:1025] - HTTP Request: GET https://xtvfaileukqrdnnfghui.supabase.co/rest/v1/insider_trades?select=id&filing_id=eq.2b2b012c-40f8-4a4c-994d-80b7a644a7ba "HTTP/2 200 OK"
2025-03-07 23:15:38,327 - httpx - INFO - [_client.py:1025] - HTTP Request: GET https://xtvfaileukqrdnnfghui.supabase.co/rest/v1/insider_trades?select=id&filing_id=eq.b4ca4f49-c6c6-4c70-88d5-582951b7d6f6 "HTTP/2 200 OK"
2025-03-07 23:15:38,419 - httpx - INFO - [_client.py:1025] - HTTP Request: GET https://xtvfaileukqrdnnfghui.supabase.co/rest/v1/insider_trades?select=id&filing_id=eq.28b48512-a48d-4cd3-ab56-036a66665b31 "HTTP/2 200 OK"
2025-03-07 23:15:38,486 - httpx - INFO - [_client.py:1025] - HTTP Request: GET https://xtvfaileukqrdnnfghui.supabase.co/rest/v1/insider_trades?select=id&filing_id=eq.80ad8346-43fc-4273-9cde-44d327927e2f "HTTP/2 200 OK"
2025-03-07 23:15:38,663 - httpx - INFO - [_client.py:1025] - HTTP Request: GET https://xtvfaileukqrdnnfghui.supabase.co/rest/v1/insider_trades?select=id&filing_id=eq.e6841290-a70d-4819-9d4e-9f570734b8e9 "HTTP/2 200 OK"
2025-03-07 23:15:38,750 - httpx - INFO - [_client.py:1025] - HTTP Request: GET https://xtvfaileukqrdnnfghui.supabase.co/rest/v1/insider_trades?select=id&filing_id=eq.7e8d2679-9d7c-4fc4-ac17-7cf7f77e9a03 "HTTP/2 200 OK"
2025-03-07 23:15:38,859 - httpx - INFO - [_client.py:1025] - HTTP Request: GET https://xtvfaileukqrdnnfghui.supabase.co/rest/v1/insider_trades?select=id&filing_id=eq.2b733b95-45b2-49fc-ac25-681f717058e3 "HTTP/2 200 OK"
2025-03-07 23:15:38,970 - httpx - INFO - [_client.py:1025] - HTTP Request: GET https://xtvfaileukqrdnnfghui.supabase.co/rest/v1/insider_trades?select=id&filing_id=eq.c68194c5-3c40-42c3-9505-451cd96db926 "HTTP/2 200 OK"
2025-03-07 23:15:39,046 - httpx - INFO - [_client.py:1025] - HTTP Request: GET https://xtvfaileukqrdnnfghui.supabase.co/rest/v1/insider_trades?select=id&filing_id=eq.9524cf14-775d-4cb6-aa88-f7a422d77ca5 "HTTP/2 200 OK"
2025-03-07 23:15:39,047 - insider_trades_fetcher - INFO - [insider_trades_fetcher.py:163] - Inserted 0 new insider trades from UnusualWhales API
2025-03-07 23:15:39,151 - httpx - INFO - [_client.py:1025] - HTTP Request: GET https://xtvfaileukqrdnnfghui.supabase.co/rest/v1/watchlists?select=ticker "HTTP/2 200 OK"
2025-03-07 23:15:39,152 - insider_trades_fetcher - INFO - [insider_trades_fetcher.py:199] - Fetching insider flow for 8 tickers
2025-03-07 23:15:39,152 - unusual_whales_api - INFO - [unusual_whales_api.py:87] - Using cached data for insider/AAPL/ticker-flow
2025-03-07 23:15:39,152 - insider_trades_fetcher - INFO - [insider_trades_fetcher.py:212] - Retrieved 64 insider flow records for AAPL
2025-03-07 23:15:39,152 - unusual_whales_api - INFO - [unusual_whales_api.py:87] - Using cached data for insider/AAPL
2025-03-07 23:15:39,152 - insider_trades_fetcher - INFO - [insider_trades_fetcher.py:236] - Retrieved 47 insiders for AAPL
2025-03-07 23:15:39,654 - unusual_whales_api - INFO - [unusual_whales_api.py:87] - Using cached data for insider/MSFT/ticker-flow
2025-03-07 23:15:39,654 - insider_trades_fetcher - INFO - [insider_trades_fetcher.py:212] - Retrieved 68 insider flow records for MSFT
2025-03-07 23:15:39,655 - unusual_whales_api - INFO - [unusual_whales_api.py:87] - Using cached data for insider/MSFT
2025-03-07 23:15:39,655 - insider_trades_fetcher - INFO - [insider_trades_fetcher.py:236] - Retrieved 75 insiders for MSFT
2025-03-07 23:15:40,157 - unusual_whales_api - INFO - [unusual_whales_api.py:87] - Using cached data for insider/AMZN/ticker-flow
2025-03-07 23:15:40,158 - insider_trades_fetcher - INFO - [insider_trades_fetcher.py:212] - Retrieved 228 insider flow records for AMZN
2025-03-07 23:15:40,159 - unusual_whales_api - INFO - [unusual_whales_api.py:87] - Using cached data for insider/AMZN
2025-03-07 23:15:40,160 - insider_trades_fetcher - INFO - [insider_trades_fetcher.py:236] - Retrieved 61 insiders for AMZN
2025-03-07 23:15:40,662 - unusual_whales_api - INFO - [unusual_whales_api.py:87] - Using cached data for insider/GOOGL/ticker-flow
2025-03-07 23:15:40,663 - insider_trades_fetcher - INFO - [insider_trades_fetcher.py:212] - Retrieved 103 insider flow records for GOOGL
2025-03-07 23:15:40,665 - unusual_whales_api - INFO - [unusual_whales_api.py:87] - Using cached data for insider/GOOGL
2025-03-07 23:15:40,665 - insider_trades_fetcher - INFO - [insider_trades_fetcher.py:236] - Retrieved 60 insiders for GOOGL
2025-03-07 23:15:41,169 - unusual_whales_api - INFO - [unusual_whales_api.py:87] - Using cached data for insider/META/ticker-flow
2025-03-07 23:15:41,169 - insider_trades_fetcher - INFO - [insider_trades_fetcher.py:212] - Retrieved 349 insider flow records for META
2025-03-07 23:15:41,173 - unusual_whales_api - INFO - [unusual_whales_api.py:87] - Using cached data for insider/META
2025-03-07 23:15:41,173 - insider_trades_fetcher - INFO - [insider_trades_fetcher.py:236] - Retrieved 59 insiders for META
2025-03-07 23:15:41,676 - unusual_whales_api - INFO - [unusual_whales_api.py:87] - Using cached data for insider/TSLA/ticker-flow
2025-03-07 23:15:41,676 - insider_trades_fetcher - INFO - [insider_trades_fetcher.py:212] - Retrieved 208 insider flow records for TSLA
2025-03-07 23:15:41,678 - unusual_whales_api - INFO - [unusual_whales_api.py:87] - Using cached data for insider/TSLA
2025-03-07 23:15:41,679 - insider_trades_fetcher - INFO - [insider_trades_fetcher.py:236] - Retrieved 42 insiders for TSLA
2025-03-07 23:15:42,180 - unusual_whales_api - INFO - [unusual_whales_api.py:87] - Using cached data for insider/NVDA/ticker-flow
2025-03-07 23:15:42,181 - insider_trades_fetcher - INFO - [insider_trades_fetcher.py:212] - Retrieved 186 insider flow records for NVDA
2025-03-07 23:15:42,182 - unusual_whales_api - INFO - [unusual_whales_api.py:87] - Using cached data for insider/NVDA
2025-03-07 23:15:42,182 - insider_trades_fetcher - INFO - [insider_trades_fetcher.py:236] - Retrieved 53 insiders for NVDA
2025-03-07 23:15:42,685 - unusual_whales_api - INFO - [unusual_whales_api.py:87] - Using cached data for insider/AMD/ticker-flow
2025-03-07 23:15:42,685 - insider_trades_fetcher - INFO - [insider_trades_fetcher.py:212] - Retrieved 151 insider flow records for AMD
2025-03-07 23:15:42,687 - unusual_whales_api - INFO - [unusual_whales_api.py:87] - Using cached data for insider/AMD
2025-03-07 23:15:42,687 - insider_trades_fetcher - INFO - [insider_trades_fetcher.py:236] - Retrieved 74 insiders for AMD
2025-03-07 23:15:43,309 - httpx - INFO - [_client.py:1025] - HTTP Request: POST https://xtvfaileukqrdnnfghui.supabase.co/rest/v1/insider_flow?columns=%22updated_at%22%2C%22avg_price%22%2C%22ticker%22%2C%22transactions%22%2C%22date%22%2C%22volume%22%2C%22buy_sell%22%2C%22created_at%22%2C%22premium%22%2C%22unique_insiders%22 "HTTP/2 201 Created"
2025-03-07 23:15:43,310 - insider_trades_fetcher - INFO - [insider_trades_fetcher.py:283] - Successfully inserted/updated 50 insider flow records
2025-03-07 23:15:43,892 - httpx - INFO - [_client.py:1025] - HTTP Request: POST https://xtvfaileukqrdnnfghui.supabase.co/rest/v1/insider_flow?columns=%22updated_at%22%2C%22avg_price%22%2C%22ticker%22%2C%22transactions%22%2C%22date%22%2C%22volume%22%2C%22buy_sell%22%2C%22created_at%22%2C%22premium%22%2C%22unique_insiders%22 "HTTP/2 201 Created"
2025-03-07 23:15:43,892 - insider_trades_fetcher - INFO - [insider_trades_fetcher.py:283] - Successfully inserted/updated 50 insider flow records
2025-03-07 23:15:44,473 - httpx - INFO - [_client.py:1025] - HTTP Request: POST https://xtvfaileukqrdnnfghui.supabase.co/rest/v1/insider_flow?columns=%22updated_at%22%2C%22avg_price%22%2C%22ticker%22%2C%22transactions%22%2C%22date%22%2C%22volume%22%2C%22buy_sell%22%2C%22created_at%22%2C%22premium%22%2C%22unique_insiders%22 "HTTP/2 201 Created"
2025-03-07 23:15:44,474 - insider_trades_fetcher - INFO - [insider_trades_fetcher.py:283] - Successfully inserted/updated 50 insider flow records
2025-03-07 23:15:45,062 - httpx - INFO - [_client.py:1025] - HTTP Request: POST https://xtvfaileukqrdnnfghui.supabase.co/rest/v1/insider_flow?columns=%22updated_at%22%2C%22avg_price%22%2C%22ticker%22%2C%22transactions%22%2C%22date%22%2C%22volume%22%2C%22buy_sell%22%2C%22created_at%22%2C%22premium%22%2C%22unique_insiders%22 "HTTP/2 201 Created"
2025-03-07 23:15:45,063 - insider_trades_fetcher - INFO - [insider_trades_fetcher.py:283] - Successfully inserted/updated 50 insider flow records
2025-03-07 23:15:45,656 - httpx - INFO - [_client.py:1025] - HTTP Request: POST https://xtvfaileukqrdnnfghui.supabase.co/rest/v1/insider_flow?columns=%22updated_at%22%2C%22avg_price%22%2C%22ticker%22%2C%22transactions%22%2C%22date%22%2C%22volume%22%2C%22buy_sell%22%2C%22created_at%22%2C%22premium%22%2C%22unique_insiders%22 "HTTP/2 201 Created"
2025-03-07 23:15:45,657 - insider_trades_fetcher - INFO - [insider_trades_fetcher.py:283] - Successfully inserted/updated 50 insider flow records
2025-03-07 23:15:46,230 - httpx - INFO - [_client.py:1025] - HTTP Request: POST https://xtvfaileukqrdnnfghui.supabase.co/rest/v1/insider_flow?columns=%22updated_at%22%2C%22avg_price%22%2C%22ticker%22%2C%22transactions%22%2C%22date%22%2C%22volume%22%2C%22buy_sell%22%2C%22created_at%22%2C%22premium%22%2C%22unique_insiders%22 "HTTP/2 201 Created"
2025-03-07 23:15:46,230 - insider_trades_fetcher - INFO - [insider_trades_fetcher.py:283] - Successfully inserted/updated 50 insider flow records
2025-03-07 23:15:46,811 - httpx - INFO - [_client.py:1025] - HTTP Request: POST https://xtvfaileukqrdnnfghui.supabase.co/rest/v1/insider_flow?columns=%22updated_at%22%2C%22avg_price%22%2C%22ticker%22%2C%22transactions%22%2C%22date%22%2C%22volume%22%2C%22buy_sell%22%2C%22created_at%22%2C%22premium%22%2C%22unique_insiders%22 "HTTP/2 201 Created"
2025-03-07 23:15:46,811 - insider_trades_fetcher - INFO - [insider_trades_fetcher.py:283] - Successfully inserted/updated 50 insider flow records
2025-03-07 23:15:47,388 - httpx - INFO - [_client.py:1025] - HTTP Request: POST https://xtvfaileukqrdnnfghui.supabase.co/rest/v1/insider_flow?columns=%22updated_at%22%2C%22avg_price%22%2C%22ticker%22%2C%22transactions%22%2C%22date%22%2C%22volume%22%2C%22buy_sell%22%2C%22created_at%22%2C%22premium%22%2C%22unique_insiders%22 "HTTP/2 201 Created"
2025-03-07 23:15:47,390 - insider_trades_fetcher - INFO - [insider_trades_fetcher.py:283] - Successfully inserted/updated 50 insider flow records
2025-03-07 23:15:47,964 - httpx - INFO - [_client.py:1025] - HTTP Request: POST https://xtvfaileukqrdnnfghui.supabase.co/rest/v1/insider_flow?columns=%22updated_at%22%2C%22avg_price%22%2C%22ticker%22%2C%22transactions%22%2C%22date%22%2C%22volume%22%2C%22buy_sell%22%2C%22created_at%22%2C%22premium%22%2C%22unique_insiders%22 "HTTP/2 201 Created"
2025-03-07 23:15:47,967 - insider_trades_fetcher - INFO - [insider_trades_fetcher.py:283] - Successfully inserted/updated 50 insider flow records
2025-03-07 23:15:48,557 - httpx - INFO - [_client.py:1025] - HTTP Request: POST https://xtvfaileukqrdnnfghui.supabase.co/rest/v1/insider_flow?columns=%22updated_at%22%2C%22avg_price%22%2C%22ticker%22%2C%22transactions%22%2C%22date%22%2C%22volume%22%2C%22buy_sell%22%2C%22created_at%22%2C%22premium%22%2C%22unique_insiders%22 "HTTP/2 201 Created"
2025-03-07 23:15:48,559 - insider_trades_fetcher - INFO - [insider_trades_fetcher.py:283] - Successfully inserted/updated 50 insider flow records
2025-03-07 23:15:49,147 - httpx - INFO - [_client.py:1025] - HTTP Request: POST https://xtvfaileukqrdnnfghui.supabase.co/rest/v1/insider_flow?columns=%22updated_at%22%2C%22avg_price%22%2C%22ticker%22%2C%22transactions%22%2C%22date%22%2C%22volume%22%2C%22buy_sell%22%2C%22created_at%22%2C%22premium%22%2C%22unique_insiders%22 "HTTP/2 201 Created"
2025-03-07 23:15:49,147 - insider_trades_fetcher - INFO - [insider_trades_fetcher.py:283] - Successfully inserted/updated 50 insider flow records
2025-03-07 23:15:49,725 - httpx - INFO - [_client.py:1025] - HTTP Request: POST https://xtvfaileukqrdnnfghui.supabase.co/rest/v1/insider_flow?columns=%22updated_at%22%2C%22avg_price%22%2C%22ticker%22%2C%22transactions%22%2C%22date%22%2C%22volume%22%2C%22buy_sell%22%2C%22created_at%22%2C%22premium%22%2C%22unique_insiders%22 "HTTP/2 201 Created"
2025-03-07 23:15:49,731 - insider_trades_fetcher - INFO - [insider_trades_fetcher.py:283] - Successfully inserted/updated 50 insider flow records
2025-03-07 23:15:50,323 - httpx - INFO - [_client.py:1025] - HTTP Request: POST https://xtvfaileukqrdnnfghui.supabase.co/rest/v1/insider_flow?columns=%22updated_at%22%2C%22avg_price%22%2C%22ticker%22%2C%22transactions%22%2C%22date%22%2C%22volume%22%2C%22buy_sell%22%2C%22created_at%22%2C%22premium%22%2C%22unique_insiders%22 "HTTP/2 201 Created"
2025-03-07 23:15:50,323 - insider_trades_fetcher - INFO - [insider_trades_fetcher.py:283] - Successfully inserted/updated 50 insider flow records
2025-03-07 23:15:50,959 - httpx - INFO - [_client.py:1025] - HTTP Request: POST https://xtvfaileukqrdnnfghui.supabase.co/rest/v1/insider_flow?columns=%22updated_at%22%2C%22avg_price%22%2C%22ticker%22%2C%22transactions%22%2C%22date%22%2C%22volume%22%2C%22buy_sell%22%2C%22created_at%22%2C%22premium%22%2C%22unique_insiders%22 "HTTP/2 201 Created"
2025-03-07 23:15:50,960 - insider_trades_fetcher - INFO - [insider_trades_fetcher.py:283] - Successfully inserted/updated 50 insider flow records
2025-03-07 23:15:51,552 - httpx - INFO - [_client.py:1025] - HTTP Request: POST https://xtvfaileukqrdnnfghui.supabase.co/rest/v1/insider_flow?columns=%22updated_at%22%2C%22avg_price%22%2C%22ticker%22%2C%22transactions%22%2C%22date%22%2C%22volume%22%2C%22buy_sell%22%2C%22created_at%22%2C%22premium%22%2C%22unique_insiders%22 "HTTP/2 201 Created"
2025-03-07 23:15:51,553 - insider_trades_fetcher - INFO - [insider_trades_fetcher.py:283] - Successfully inserted/updated 50 insider flow records
2025-03-07 23:15:52,149 - httpx - INFO - [_client.py:1025] - HTTP Request: POST https://xtvfaileukqrdnnfghui.supabase.co/rest/v1/insider_flow?columns=%22updated_at%22%2C%22avg_price%22%2C%22ticker%22%2C%22transactions%22%2C%22date%22%2C%22volume%22%2C%22buy_sell%22%2C%22created_at%22%2C%22premium%22%2C%22unique_insiders%22 "HTTP/2 201 Created"
2025-03-07 23:15:52,150 - insider_trades_fetcher - INFO - [insider_trades_fetcher.py:283] - Successfully inserted/updated 50 insider flow records
2025-03-07 23:15:52,748 - httpx - INFO - [_client.py:1025] - HTTP Request: POST https://xtvfaileukqrdnnfghui.supabase.co/rest/v1/insider_flow?columns=%22updated_at%22%2C%22avg_price%22%2C%22ticker%22%2C%22transactions%22%2C%22date%22%2C%22volume%22%2C%22buy_sell%22%2C%22created_at%22%2C%22premium%22%2C%22unique_insiders%22 "HTTP/2 201 Created"
2025-03-07 23:15:52,750 - insider_trades_fetcher - INFO - [insider_trades_fetcher.py:283] - Successfully inserted/updated 50 insider flow records
2025-03-07 23:15:53,340 - httpx - INFO - [_client.py:1025] - HTTP Request: POST https://xtvfaileukqrdnnfghui.supabase.co/rest/v1/insider_flow?columns=%22updated_at%22%2C%22avg_price%22%2C%22ticker%22%2C%22transactions%22%2C%22date%22%2C%22volume%22%2C%22buy_sell%22%2C%22created_at%22%2C%22premium%22%2C%22unique_insiders%22 "HTTP/2 201 Created"
2025-03-07 23:15:53,341 - insider_trades_fetcher - INFO - [insider_trades_fetcher.py:283] - Successfully inserted/updated 50 insider flow records
2025-03-07 23:15:53,923 - httpx - INFO - [_client.py:1025] - HTTP Request: POST https://xtvfaileukqrdnnfghui.supabase.co/rest/v1/insider_flow?columns=%22updated_at%22%2C%22avg_price%22%2C%22ticker%22%2C%22transactions%22%2C%22date%22%2C%22volume%22%2C%22buy_sell%22%2C%22created_at%22%2C%22premium%22%2C%22unique_insiders%22 "HTTP/2 201 Created"
2025-03-07 23:15:53,924 - insider_trades_fetcher - INFO - [insider_trades_fetcher.py:283] - Successfully inserted/updated 50 insider flow records
2025-03-07 23:15:54,536 - httpx - INFO - [_client.py:1025] - HTTP Request: POST https://xtvfaileukqrdnnfghui.supabase.co/rest/v1/insider_flow?columns=%22updated_at%22%2C%22avg_price%22%2C%22ticker%22%2C%22transactions%22%2C%22date%22%2C%22volume%22%2C%22buy_sell%22%2C%22created_at%22%2C%22premium%22%2C%22unique_insiders%22 "HTTP/2 201 Created"
2025-03-07 23:15:54,537 - insider_trades_fetcher - INFO - [insider_trades_fetcher.py:283] - Successfully inserted/updated 50 insider flow records
2025-03-07 23:15:55,190 - httpx - INFO - [_client.py:1025] - HTTP Request: POST https://xtvfaileukqrdnnfghui.supabase.co/rest/v1/insider_flow?columns=%22updated_at%22%2C%22avg_price%22%2C%22ticker%22%2C%22transactions%22%2C%22date%22%2C%22volume%22%2C%22buy_sell%22%2C%22created_at%22%2C%22premium%22%2C%22unique_insiders%22 "HTTP/2 201 Created"
2025-03-07 23:15:55,190 - insider_trades_fetcher - INFO - [insider_trades_fetcher.py:283] - Successfully inserted/updated 50 insider flow records
2025-03-07 23:15:55,800 - httpx - INFO - [_client.py:1025] - HTTP Request: POST https://xtvfaileukqrdnnfghui.supabase.co/rest/v1/insider_flow?columns=%22updated_at%22%2C%22avg_price%22%2C%22ticker%22%2C%22transactions%22%2C%22date%22%2C%22volume%22%2C%22buy_sell%22%2C%22created_at%22%2C%22premium%22%2C%22unique_insiders%22 "HTTP/2 201 Created"
2025-03-07 23:15:55,801 - insider_trades_fetcher - INFO - [insider_trades_fetcher.py:283] - Successfully inserted/updated 50 insider flow records
2025-03-07 23:15:56,444 - httpx - INFO - [_client.py:1025] - HTTP Request: POST https://xtvfaileukqrdnnfghui.supabase.co/rest/v1/insider_flow?columns=%22updated_at%22%2C%22avg_price%22%2C%22ticker%22%2C%22transactions%22%2C%22date%22%2C%22volume%22%2C%22buy_sell%22%2C%22created_at%22%2C%22premium%22%2C%22unique_insiders%22 "HTTP/2 201 Created"
2025-03-07 23:15:56,445 - insider_trades_fetcher - INFO - [insider_trades_fetcher.py:283] - Successfully inserted/updated 50 insider flow records
2025-03-07 23:15:57,051 - httpx - INFO - [_client.py:1025] - HTTP Request: POST https://xtvfaileukqrdnnfghui.supabase.co/rest/v1/insider_flow?columns=%22updated_at%22%2C%22avg_price%22%2C%22ticker%22%2C%22transactions%22%2C%22date%22%2C%22volume%22%2C%22buy_sell%22%2C%22created_at%22%2C%22premium%22%2C%22unique_insiders%22 "HTTP/2 201 Created"
2025-03-07 23:15:57,052 - insider_trades_fetcher - INFO - [insider_trades_fetcher.py:283] - Successfully inserted/updated 50 insider flow records
2025-03-07 23:15:57,631 - httpx - INFO - [_client.py:1025] - HTTP Request: POST https://xtvfaileukqrdnnfghui.supabase.co/rest/v1/insider_flow?columns=%22updated_at%22%2C%22avg_price%22%2C%22ticker%22%2C%22transactions%22%2C%22date%22%2C%22volume%22%2C%22buy_sell%22%2C%22created_at%22%2C%22premium%22%2C%22unique_insiders%22 "HTTP/2 201 Created"
2025-03-07 23:15:57,632 - insider_trades_fetcher - INFO - [insider_trades_fetcher.py:283] - Successfully inserted/updated 50 insider flow records
2025-03-07 23:15:58,210 - httpx - INFO - [_client.py:1025] - HTTP Request: POST https://xtvfaileukqrdnnfghui.supabase.co/rest/v1/insider_flow?columns=%22updated_at%22%2C%22avg_price%22%2C%22ticker%22%2C%22transactions%22%2C%22date%22%2C%22volume%22%2C%22buy_sell%22%2C%22created_at%22%2C%22premium%22%2C%22unique_insiders%22 "HTTP/2 201 Created"
2025-03-07 23:15:58,211 - insider_trades_fetcher - INFO - [insider_trades_fetcher.py:283] - Successfully inserted/updated 50 insider flow records
2025-03-07 23:15:58,797 - httpx - INFO - [_client.py:1025] - HTTP Request: POST https://xtvfaileukqrdnnfghui.supabase.co/rest/v1/insider_flow?columns=%22updated_at%22%2C%22avg_price%22%2C%22ticker%22%2C%22transactions%22%2C%22date%22%2C%22volume%22%2C%22buy_sell%22%2C%22created_at%22%2C%22premium%22%2C%22unique_insiders%22 "HTTP/2 201 Created"
2025-03-07 23:15:58,798 - insider_trades_fetcher - INFO - [insider_trades_fetcher.py:283] - Successfully inserted/updated 50 insider flow records
2025-03-07 23:15:59,374 - httpx - INFO - [_client.py:1025] - HTTP Request: POST https://xtvfaileukqrdnnfghui.supabase.co/rest/v1/insider_flow?columns=%22updated_at%22%2C%22avg_price%22%2C%22ticker%22%2C%22transactions%22%2C%22date%22%2C%22volume%22%2C%22buy_sell%22%2C%22created_at%22%2C%22premium%22%2C%22unique_insiders%22 "HTTP/2 201 Created"
2025-03-07 23:15:59,375 - insider_trades_fetcher - INFO - [insider_trades_fetcher.py:283] - Successfully inserted/updated 7 insider flow records
2025-03-07 23:15:59,454 - httpx - INFO - [_client.py:1025] - HTTP Request: POST https://xtvfaileukqrdnnfghui.supabase.co/rest/v1/insiders?columns=%22updated_at%22%2C%22ticker%22%2C%22insider_id%22%2C%22social_links%22%2C%22logo_url%22%2C%22is_person%22%2C%22display_name%22%2C%22name_slug%22%2C%22name%22%2C%22created_at%22 "HTTP/2 201 Created"
2025-03-07 23:15:59,454 - insider_trades_fetcher - INFO - [insider_trades_fetcher.py:303] - Successfully inserted/updated 50 insiders
2025-03-07 23:16:00,037 - httpx - INFO - [_client.py:1025] - HTTP Request: POST https://xtvfaileukqrdnnfghui.supabase.co/rest/v1/insiders?columns=%22updated_at%22%2C%22ticker%22%2C%22insider_id%22%2C%22social_links%22%2C%22logo_url%22%2C%22is_person%22%2C%22display_name%22%2C%22name_slug%22%2C%22name%22%2C%22created_at%22 "HTTP/2 201 Created"
2025-03-07 23:16:00,037 - insider_trades_fetcher - INFO - [insider_trades_fetcher.py:303] - Successfully inserted/updated 50 insiders
2025-03-07 23:16:00,668 - httpx - INFO - [_client.py:1025] - HTTP Request: POST https://xtvfaileukqrdnnfghui.supabase.co/rest/v1/insiders?columns=%22updated_at%22%2C%22ticker%22%2C%22insider_id%22%2C%22social_links%22%2C%22logo_url%22%2C%22is_person%22%2C%22display_name%22%2C%22name_slug%22%2C%22name%22%2C%22created_at%22 "HTTP/2 201 Created"
2025-03-07 23:16:00,669 - insider_trades_fetcher - INFO - [insider_trades_fetcher.py:303] - Successfully inserted/updated 50 insiders
2025-03-07 23:16:01,308 - httpx - INFO - [_client.py:1025] - HTTP Request: POST https://xtvfaileukqrdnnfghui.supabase.co/rest/v1/insiders?columns=%22updated_at%22%2C%22ticker%22%2C%22insider_id%22%2C%22social_links%22%2C%22logo_url%22%2C%22is_person%22%2C%22display_name%22%2C%22name_slug%22%2C%22name%22%2C%22created_at%22 "HTTP/2 201 Created"
2025-03-07 23:16:01,309 - insider_trades_fetcher - INFO - [insider_trades_fetcher.py:303] - Successfully inserted/updated 50 insiders
2025-03-07 23:16:01,919 - httpx - INFO - [_client.py:1025] - HTTP Request: POST https://xtvfaileukqrdnnfghui.supabase.co/rest/v1/insiders?columns=%22updated_at%22%2C%22ticker%22%2C%22insider_id%22%2C%22social_links%22%2C%22logo_url%22%2C%22is_person%22%2C%22display_name%22%2C%22name_slug%22%2C%22name%22%2C%22created_at%22 "HTTP/2 201 Created"
2025-03-07 23:16:01,919 - insider_trades_fetcher - INFO - [insider_trades_fetcher.py:303] - Successfully inserted/updated 50 insiders
2025-03-07 23:16:02,495 - httpx - INFO - [_client.py:1025] - HTTP Request: POST https://xtvfaileukqrdnnfghui.supabase.co/rest/v1/insiders?columns=%22updated_at%22%2C%22ticker%22%2C%22insider_id%22%2C%22social_links%22%2C%22logo_url%22%2C%22is_person%22%2C%22display_name%22%2C%22name_slug%22%2C%22name%22%2C%22created_at%22 "HTTP/2 201 Created"
2025-03-07 23:16:02,496 - insider_trades_fetcher - INFO - [insider_trades_fetcher.py:303] - Successfully inserted/updated 50 insiders
2025-03-07 23:16:03,067 - httpx - INFO - [_client.py:1025] - HTTP Request: POST https://xtvfaileukqrdnnfghui.supabase.co/rest/v1/insiders?columns=%22updated_at%22%2C%22ticker%22%2C%22insider_id%22%2C%22social_links%22%2C%22logo_url%22%2C%22is_person%22%2C%22display_name%22%2C%22name_slug%22%2C%22name%22%2C%22created_at%22 "HTTP/2 201 Created"
2025-03-07 23:16:03,068 - insider_trades_fetcher - INFO - [insider_trades_fetcher.py:303] - Successfully inserted/updated 50 insiders
2025-03-07 23:16:03,652 - httpx - INFO - [_client.py:1025] - HTTP Request: POST https://xtvfaileukqrdnnfghui.supabase.co/rest/v1/insiders?columns=%22updated_at%22%2C%22ticker%22%2C%22insider_id%22%2C%22social_links%22%2C%22logo_url%22%2C%22is_person%22%2C%22display_name%22%2C%22name_slug%22%2C%22name%22%2C%22created_at%22 "HTTP/2 201 Created"
2025-03-07 23:16:03,653 - insider_trades_fetcher - INFO - [insider_trades_fetcher.py:303] - Successfully inserted/updated 50 insiders
2025-03-07 23:16:04,229 - httpx - INFO - [_client.py:1025] - HTTP Request: POST https://xtvfaileukqrdnnfghui.supabase.co/rest/v1/insiders?columns=%22updated_at%22%2C%22ticker%22%2C%22insider_id%22%2C%22social_links%22%2C%22logo_url%22%2C%22is_person%22%2C%22display_name%22%2C%22name_slug%22%2C%22name%22%2C%22created_at%22 "HTTP/2 201 Created"
2025-03-07 23:16:04,230 - insider_trades_fetcher - INFO - [insider_trades_fetcher.py:303] - Successfully inserted/updated 50 insiders
2025-03-07 23:16:04,867 - httpx - INFO - [_client.py:1025] - HTTP Request: POST https://xtvfaileukqrdnnfghui.supabase.co/rest/v1/insiders?columns=%22updated_at%22%2C%22ticker%22%2C%22insider_id%22%2C%22social_links%22%2C%22logo_url%22%2C%22is_person%22%2C%22display_name%22%2C%22name_slug%22%2C%22name%22%2C%22created_at%22 "HTTP/2 201 Created"
2025-03-07 23:16:04,868 - insider_trades_fetcher - INFO - [insider_trades_fetcher.py:303] - Successfully inserted/updated 21 insiders
2025-03-07 23:16:04,868 - insider_trades_fetcher - INFO - [insider_trades_fetcher.py:310] - Completed fetching insider flow data
2025-03-07 23:16:04,869 - insider_trades_fetcher - INFO - [insider_trades_fetcher.py:79] - Completed insider trades fetching process
✅ insider: Completed successfully in 30.75s
2025-03-07 23:16:04,869 - pipeline_runner - INFO - [run_pipeline.py:289] - ✅ insider: Completed successfully in 30.75s

================================================================================
           RUNNING ANALYST FETCHER: Analyst ratings and price targets           
================================================================================
2025-03-07 23:16:04,869 - pipeline_runner - INFO - [run_pipeline.py:119] - 
================================================================================
           RUNNING ANALYST FETCHER: Analyst ratings and price targets           
================================================================================
Importing fetch_analyst_ratings...
2025-03-07 23:16:04,869 - pipeline_runner - INFO - [run_pipeline.py:208] - Importing fetch_analyst_ratings...
2025-03-07 23:16:04,882 - analyst_ratings_fetcher - INFO - [fetch_analyst_ratings.py:46] - Successfully initialized Supabase client
✅ Module fetch_analyst_ratings imported successfully
2025-03-07 23:16:04,882 - pipeline_runner - INFO - [run_pipeline.py:212] - ✅ Module fetch_analyst_ratings imported successfully
✅ Class AnalystRatingsFetcher found in module
2025-03-07 23:16:04,882 - pipeline_runner - INFO - [run_pipeline.py:221] - ✅ Class AnalystRatingsFetcher found in module
Creating instance of AnalystRatingsFetcher...
2025-03-07 23:16:04,882 - pipeline_runner - INFO - [run_pipeline.py:228] - Creating instance of AnalystRatingsFetcher...
✅ Created instance of AnalystRatingsFetcher
2025-03-07 23:16:04,882 - pipeline_runner - INFO - [run_pipeline.py:238] - ✅ Created instance of AnalystRatingsFetcher
Running AnalystRatingsFetcher.run()...
2025-03-07 23:16:04,882 - pipeline_runner - INFO - [run_pipeline.py:269] - Running AnalystRatingsFetcher.run()...
2025-03-07 23:16:04,883 - analyst_ratings_fetcher - INFO - [fetch_analyst_ratings.py:173] - Starting Analyst Ratings Fetcher...
2025-03-07 23:16:04,883 - analyst_ratings_fetcher - INFO - [fetch_analyst_ratings.py:58] - Fetching analyst ratings for the past 14 days (limit: 500)...
2025-03-07 23:16:04,883 - unusual_whales_api - INFO - [unusual_whales_api.py:87] - Using cached data for screener/analysts
2025-03-07 23:16:04,885 - analyst_ratings_fetcher - INFO - [fetch_analyst_ratings.py:62] - Successfully fetched 500 analyst ratings
2025-03-07 23:16:04,885 - analyst_ratings_fetcher - INFO - [fetch_analyst_ratings.py:71] - Processing analyst ratings data...
2025-03-07 23:16:04,888 - analyst_ratings_fetcher - INFO - [fetch_analyst_ratings.py:83] - Processed 500 analyst ratings
2025-03-07 23:16:04,888 - analyst_ratings_fetcher - INFO - [fetch_analyst_ratings.py:92] - Storing 500 analyst ratings in Supabase...
2025-03-07 23:16:05,066 - httpx - INFO - [_client.py:1025] - HTTP Request: GET https://xtvfaileukqrdnnfghui.supabase.co/rest/v1/analyst_ratings?select=symbol%2Cfirm%2Crating_date%2Crating_change&rating_date=gte.2025-02-21 "HTTP/2 200 OK"
2025-03-07 23:16:05,068 - analyst_ratings_fetcher - INFO - [fetch_analyst_ratings.py:144] - Found 500 duplicate ratings
2025-03-07 23:16:05,068 - analyst_ratings_fetcher - INFO - [fetch_analyst_ratings.py:147] - No new ratings to insert
2025-03-07 23:16:05,068 - analyst_ratings_fetcher - INFO - [fetch_analyst_ratings.py:179] - Analyst Ratings Fetcher completed successfully
✅ analyst: Completed successfully in 0.20s
2025-03-07 23:16:05,068 - pipeline_runner - INFO - [run_pipeline.py:289] - ✅ analyst: Completed successfully in 0.20s

================================================================================
            RUNNING ECONOMIC FETCHER: Economic indicators and events            
================================================================================
2025-03-07 23:16:05,068 - pipeline_runner - INFO - [run_pipeline.py:119] - 
================================================================================
            RUNNING ECONOMIC FETCHER: Economic indicators and events            
================================================================================
Importing economic_indicators_fetcher...
2025-03-07 23:16:05,068 - pipeline_runner - INFO - [run_pipeline.py:208] - Importing economic_indicators_fetcher...
2025-03-07 23:16:05,306 - economic_indicators_fetcher - INFO - [economic_indicators_fetcher.py:58] - Successfully initialized Supabase client
✅ Module economic_indicators_fetcher imported successfully
2025-03-07 23:16:05,306 - pipeline_runner - INFO - [run_pipeline.py:212] - ✅ Module economic_indicators_fetcher imported successfully
✅ Class EconomicIndicatorFetcher found in module
2025-03-07 23:16:05,306 - pipeline_runner - INFO - [run_pipeline.py:221] - ✅ Class EconomicIndicatorFetcher found in module
Creating instance of EconomicIndicatorFetcher...
2025-03-07 23:16:05,306 - pipeline_runner - INFO - [run_pipeline.py:228] - Creating instance of EconomicIndicatorFetcher...
✅ Created instance of EconomicIndicatorFetcher
2025-03-07 23:16:05,306 - pipeline_runner - INFO - [run_pipeline.py:238] - ✅ Created instance of EconomicIndicatorFetcher
Running EconomicIndicatorFetcher.run()...
2025-03-07 23:16:05,306 - pipeline_runner - INFO - [run_pipeline.py:269] - Running EconomicIndicatorFetcher.run()...
2025-03-07 23:16:05,306 - economic_indicators_fetcher - INFO - [economic_indicators_fetcher.py:111] - Running economic indicator fetcher
2025-03-07 23:16:05,306 - economic_indicators_fetcher - INFO - [economic_indicators_fetcher.py:119] - Fetching economic indicators from Alpha Vantage
2025-03-07 23:16:05,306 - economic_indicators_fetcher - INFO - [economic_indicators_fetcher.py:674] - Fetching GDP data
2025-03-07 23:16:05,487 - economic_indicators_fetcher - WARNING - [economic_indicators_fetcher.py:684] - No GDP data available
