
================================================================================
                        STARTING FINANCIAL DATA PIPELINE                        
================================================================================
2025-03-07 22:39:33,457 - pipeline_runner - INFO - [run_pipeline.py:119] - 
================================================================================
                        STARTING FINANCIAL DATA PIPELINE                        
================================================================================
Pipeline configuration:
2025-03-07 22:39:33,457 - pipeline_runner - INFO - [run_pipeline.py:315] - Pipeline configuration:
- Components: institution
2025-03-07 22:39:33,457 - pipeline_runner - INFO - [run_pipeline.py:316] - - Components: institution
- Watchlist only: False
2025-03-07 22:39:33,457 - pipeline_runner - INFO - [run_pipeline.py:317] - - Watchlist only: False
- Days to fetch: 3
2025-03-07 22:39:33,457 - pipeline_runner - INFO - [run_pipeline.py:318] - - Days to fetch: 3
- Limit per request: 5
2025-03-07 22:39:33,457 - pipeline_runner - INFO - [run_pipeline.py:319] - - Limit per request: 5

================================================================================
        RUNNING INSTITUTION FETCHER: Institutional holdings and activity        
================================================================================
2025-03-07 22:39:33,457 - pipeline_runner - INFO - [run_pipeline.py:119] - 
================================================================================
        RUNNING INSTITUTION FETCHER: Institutional holdings and activity        
================================================================================
Importing hedge_fund_fetcher...
2025-03-07 22:39:33,457 - pipeline_runner - INFO - [run_pipeline.py:208] - Importing hedge_fund_fetcher...
2025-03-07 22:39:33,726 - hedge_fund_fetcher - INFO - [hedge_fund_fetcher.py:55] - Successfully initialized Supabase client
✅ Module hedge_fund_fetcher imported successfully
2025-03-07 22:39:33,727 - pipeline_runner - INFO - [run_pipeline.py:212] - ✅ Module hedge_fund_fetcher imported successfully
✅ Class HedgeFundTradesFetcher found in module
2025-03-07 22:39:33,727 - pipeline_runner - INFO - [run_pipeline.py:221] - ✅ Class HedgeFundTradesFetcher found in module
Creating instance of HedgeFundTradesFetcher...
2025-03-07 22:39:33,727 - pipeline_runner - INFO - [run_pipeline.py:228] - Creating instance of HedgeFundTradesFetcher...
✅ Created instance of HedgeFundTradesFetcher
2025-03-07 22:39:33,727 - pipeline_runner - INFO - [run_pipeline.py:238] - ✅ Created instance of HedgeFundTradesFetcher
Running HedgeFundTradesFetcher.run()...
2025-03-07 22:39:33,727 - pipeline_runner - INFO - [run_pipeline.py:269] - Running HedgeFundTradesFetcher.run()...
2025-03-07 22:39:33,727 - hedge_fund_fetcher - INFO - [hedge_fund_fetcher.py:77] - Starting hedge fund trades fetching process
2025-03-07 22:39:33,727 - hedge_fund_fetcher - INFO - [hedge_fund_fetcher.py:95] - Fetching hedge fund trades from UnusualWhales API
2025-03-07 22:39:33,728 - unusual_whales_api - INFO - [unusual_whales_api.py:87] - Using cached data for institutions
2025-03-07 22:39:33,728 - unusual_whales_api - INFO - [unusual_whales_api.py:87] - Using cached data for institutions
2025-03-07 22:39:33,728 - hedge_fund_fetcher - INFO - [hedge_fund_fetcher.py:105] - Retrieved 173 hedge funds from UnusualWhales API
2025-03-07 22:39:33,729 - hedge_fund_fetcher - INFO - [hedge_fund_fetcher.py:198] - Saving 173 institutions to database
2025-03-07 22:39:34,059 - httpx - INFO - [_client.py:1025] - HTTP Request: POST https://xtvfaileukqrdnnfghui.supabase.co/rest/v1/institutions?on_conflict=name&columns=%22debt_holdings%22%2C%22logo_url%22%2C%22cik%22%2C%22share_holdings%22%2C%22filing_date%22%2C%22name%22%2C%22buy_value%22%2C%22people%22%2C%22total_holdings%22%2C%22warrant_holdings%22%2C%22pfd_holdings%22%2C%22timestamp%22%2C%22is_hedge_fund%22%2C%22short_name%22%2C%22website%22%2C%22founder_img_url%22%2C%22total_value%22%2C%22fund_value%22%2C%22call_value%22%2C%22put_value%22%2C%22pfd_value%22%2C%22sell_value%22%2C%22description%22%2C%22put_holdings%22%2C%22debt_value%22%2C%22fund_holdings%22%2C%22share_value%22%2C%22warrant_value%22%2C%22date%22%2C%22call_holdings%22%2C%22tags%22 "HTTP/2 400 Bad Request"
2025-03-07 22:39:34,060 - hedge_fund_fetcher - ERROR - [hedge_fund_fetcher.py:218] - Error saving institutions to database: {'code': 'PGRST204', 'details': None, 'hint': None, 'message': "Could not find the 'buy_value' column of 'institutions' in the schema cache"}
2025-03-07 22:39:34,060 - unusual_whales_api - INFO - [unusual_whales_api.py:87] - Using cached data for institutions/latest_filings
2025-03-07 22:39:34,060 - hedge_fund_fetcher - INFO - [hedge_fund_fetcher.py:126] - Processing 22 hedge funds (prioritizing 2 recent filers)
2025-03-07 22:39:34,060 - hedge_fund_fetcher - INFO - [hedge_fund_fetcher.py:148] - Processing fund: LEGAL & GENERAL GROUP PLC
2025-03-07 22:39:34,063 - unusual_whales_api - INFO - [unusual_whales_api.py:87] - Using cached data for institution/LEGAL & GENERAL GROUP PLC/holdings
2025-03-07 22:39:34,063 - hedge_fund_fetcher - INFO - [hedge_fund_fetcher.py:158] - Retrieved 500 holdings for LEGAL & GENERAL GROUP PLC
2025-03-07 22:39:34,064 - hedge_fund_fetcher - INFO - [hedge_fund_fetcher.py:232] - Saving 500 holdings for LEGAL & GENERAL GROUP PLC to database
2025-03-07 22:39:34,160 - httpx - INFO - [_client.py:1025] - HTTP Request: POST https://xtvfaileukqrdnnfghui.supabase.co/rest/v1/institution_holdings?columns=%22institution_name%22%2C%22security_type%22%2C%22value%22%2C%22shares_outstanding%22%2C%22close%22%2C%22full_name%22%2C%22sector%22%2C%22units%22%2C%22ticker%22%2C%22first_buy%22%2C%22units_change%22%2C%22avg_price%22%2C%22historical_units%22%2C%22price_first_buy%22%2C%22date%22%2C%22timestamp%22%2C%22put_call%22 "HTTP/2 400 Bad Request"
2025-03-07 22:39:34,160 - hedge_fund_fetcher - ERROR - [hedge_fund_fetcher.py:256] - Error saving holdings to database for LEGAL & GENERAL GROUP PLC: {'code': 'PGRST204', 'details': None, 'hint': None, 'message': "Could not find the 'avg_price' column of 'institution_holdings' in the schema cache"}
2025-03-07 22:39:34,162 - unusual_whales_api - INFO - [unusual_whales_api.py:87] - Using cached data for institution/LEGAL & GENERAL GROUP PLC/activity
2025-03-07 22:39:34,162 - hedge_fund_fetcher - INFO - [hedge_fund_fetcher.py:171] - Retrieved 200 activity records for LEGAL & GENERAL GROUP PLC
2025-03-07 22:39:34,162 - hedge_fund_fetcher - INFO - [hedge_fund_fetcher.py:270] - Saving 200 activity records for LEGAL & GENERAL GROUP PLC to database
2025-03-07 22:39:34,249 - httpx - INFO - [_client.py:1025] - HTTP Request: POST https://xtvfaileukqrdnnfghui.supabase.co/rest/v1/institution_activity?columns=%22institution_name%22%2C%22security_type%22%2C%22price_on_report%22%2C%22shares_outstanding%22%2C%22price_on_filing%22%2C%22report_date%22%2C%22close%22%2C%22timestamp%22%2C%22units%22%2C%22ticker%22%2C%22units_change%22%2C%22avg_price%22%2C%22buy_price%22%2C%22filing_date%22%2C%22put_call%22%2C%22sell_price%22 "HTTP/2 400 Bad Request"
2025-03-07 22:39:34,250 - hedge_fund_fetcher - ERROR - [hedge_fund_fetcher.py:294] - Error saving activity to database for LEGAL & GENERAL GROUP PLC: {'code': 'PGRST204', 'details': None, 'hint': None, 'message': "Could not find the 'avg_price' column of 'institution_activity' in the schema cache"}
2025-03-07 22:39:34,250 - hedge_fund_fetcher - INFO - [hedge_fund_fetcher.py:356] - Saving 200 hedge fund trades to database
2025-03-07 22:39:34,343 - httpx - INFO - [_client.py:1025] - HTTP Request: POST https://xtvfaileukqrdnnfghui.supabase.co/rest/v1/hedge_fund_trades?columns=%22action%22%2C%22institution_name%22%2C%22price%22%2C%22security_type%22%2C%22value%22%2C%22report_date%22%2C%22units%22%2C%22ticker%22%2C%22change_percent%22%2C%22filing_date%22%2C%22put_call%22 "HTTP/2 400 Bad Request"
2025-03-07 22:39:34,343 - hedge_fund_fetcher - ERROR - [hedge_fund_fetcher.py:376] - Error saving trades to database: {'code': 'PGRST204', 'details': None, 'hint': None, 'message': "Could not find the 'change_percent' column of 'hedge_fund_trades' in the schema cache"}
2025-03-07 22:39:34,845 - hedge_fund_fetcher - INFO - [hedge_fund_fetcher.py:148] - Processing fund: CTC LLC
2025-03-07 22:39:34,846 - unusual_whales_api - INFO - [unusual_whales_api.py:87] - Using cached data for institution/CTC LLC/holdings
2025-03-07 22:39:34,847 - hedge_fund_fetcher - INFO - [hedge_fund_fetcher.py:158] - Retrieved 77 holdings for CTC LLC
2025-03-07 22:39:34,848 - hedge_fund_fetcher - INFO - [hedge_fund_fetcher.py:232] - Saving 77 holdings for CTC LLC to database
2025-03-07 22:39:34,929 - httpx - INFO - [_client.py:1025] - HTTP Request: POST https://xtvfaileukqrdnnfghui.supabase.co/rest/v1/institution_holdings?columns=%22institution_name%22%2C%22security_type%22%2C%22value%22%2C%22shares_outstanding%22%2C%22close%22%2C%22full_name%22%2C%22sector%22%2C%22units%22%2C%22ticker%22%2C%22first_buy%22%2C%22units_change%22%2C%22avg_price%22%2C%22historical_units%22%2C%22price_first_buy%22%2C%22date%22%2C%22timestamp%22%2C%22put_call%22 "HTTP/2 400 Bad Request"
2025-03-07 22:39:34,931 - hedge_fund_fetcher - ERROR - [hedge_fund_fetcher.py:256] - Error saving holdings to database for CTC LLC: {'code': 'PGRST204', 'details': None, 'hint': None, 'message': "Could not find the 'avg_price' column of 'institution_holdings' in the schema cache"}
2025-03-07 22:39:34,932 - unusual_whales_api - INFO - [unusual_whales_api.py:87] - Using cached data for institution/CTC LLC/activity
2025-03-07 22:39:34,932 - hedge_fund_fetcher - INFO - [hedge_fund_fetcher.py:171] - Retrieved 200 activity records for CTC LLC
2025-03-07 22:39:34,933 - hedge_fund_fetcher - INFO - [hedge_fund_fetcher.py:270] - Saving 200 activity records for CTC LLC to database
2025-03-07 22:39:35,060 - httpx - INFO - [_client.py:1025] - HTTP Request: POST https://xtvfaileukqrdnnfghui.supabase.co/rest/v1/institution_activity?columns=%22institution_name%22%2C%22security_type%22%2C%22price_on_report%22%2C%22shares_outstanding%22%2C%22price_on_filing%22%2C%22report_date%22%2C%22close%22%2C%22timestamp%22%2C%22units%22%2C%22ticker%22%2C%22units_change%22%2C%22avg_price%22%2C%22buy_price%22%2C%22filing_date%22%2C%22put_call%22%2C%22sell_price%22 "HTTP/2 400 Bad Request"
2025-03-07 22:39:35,060 - hedge_fund_fetcher - ERROR - [hedge_fund_fetcher.py:294] - Error saving activity to database for CTC LLC: {'code': 'PGRST204', 'details': None, 'hint': None, 'message': "Could not find the 'avg_price' column of 'institution_activity' in the schema cache"}
2025-03-07 22:39:35,060 - hedge_fund_fetcher - INFO - [hedge_fund_fetcher.py:356] - Saving 200 hedge fund trades to database
2025-03-07 22:39:35,144 - httpx - INFO - [_client.py:1025] - HTTP Request: POST https://xtvfaileukqrdnnfghui.supabase.co/rest/v1/hedge_fund_trades?columns=%22action%22%2C%22institution_name%22%2C%22price%22%2C%22security_type%22%2C%22value%22%2C%22report_date%22%2C%22units%22%2C%22ticker%22%2C%22change_percent%22%2C%22filing_date%22%2C%22put_call%22 "HTTP/2 400 Bad Request"
2025-03-07 22:39:35,145 - hedge_fund_fetcher - ERROR - [hedge_fund_fetcher.py:376] - Error saving trades to database: {'code': 'PGRST204', 'details': None, 'hint': None, 'message': "Could not find the 'change_percent' column of 'hedge_fund_trades' in the schema cache"}
2025-03-07 22:39:35,646 - hedge_fund_fetcher - INFO - [hedge_fund_fetcher.py:148] - Processing fund: FARALLON CAPITAL MANAGEMENT LLC
2025-03-07 22:39:35,649 - unusual_whales_api - INFO - [unusual_whales_api.py:87] - Using cached data for institution/FARALLON CAPITAL MANAGEMENT LLC/holdings
2025-03-07 22:39:35,649 - hedge_fund_fetcher - INFO - [hedge_fund_fetcher.py:158] - Retrieved 149 holdings for FARALLON CAPITAL MANAGEMENT LLC
2025-03-07 22:39:35,649 - hedge_fund_fetcher - INFO - [hedge_fund_fetcher.py:232] - Saving 149 holdings for FARALLON CAPITAL MANAGEMENT LLC to database
2025-03-07 22:39:35,736 - httpx - INFO - [_client.py:1025] - HTTP Request: POST https://xtvfaileukqrdnnfghui.supabase.co/rest/v1/institution_holdings?columns=%22institution_name%22%2C%22security_type%22%2C%22value%22%2C%22shares_outstanding%22%2C%22close%22%2C%22full_name%22%2C%22sector%22%2C%22units%22%2C%22ticker%22%2C%22first_buy%22%2C%22units_change%22%2C%22avg_price%22%2C%22historical_units%22%2C%22price_first_buy%22%2C%22date%22%2C%22timestamp%22%2C%22put_call%22 "HTTP/2 400 Bad Request"
2025-03-07 22:39:35,737 - hedge_fund_fetcher - ERROR - [hedge_fund_fetcher.py:256] - Error saving holdings to database for FARALLON CAPITAL MANAGEMENT LLC: {'code': 'PGRST204', 'details': None, 'hint': None, 'message': "Could not find the 'avg_price' column of 'institution_holdings' in the schema cache"}
2025-03-07 22:39:35,738 - unusual_whales_api - INFO - [unusual_whales_api.py:87] - Using cached data for institution/FARALLON CAPITAL MANAGEMENT LLC/activity
2025-03-07 22:39:35,738 - hedge_fund_fetcher - INFO - [hedge_fund_fetcher.py:171] - Retrieved 200 activity records for FARALLON CAPITAL MANAGEMENT LLC
2025-03-07 22:39:35,740 - hedge_fund_fetcher - INFO - [hedge_fund_fetcher.py:270] - Saving 200 activity records for FARALLON CAPITAL MANAGEMENT LLC to database
2025-03-07 22:39:35,818 - httpx - INFO - [_client.py:1025] - HTTP Request: POST https://xtvfaileukqrdnnfghui.supabase.co/rest/v1/institution_activity?columns=%22institution_name%22%2C%22security_type%22%2C%22price_on_report%22%2C%22shares_outstanding%22%2C%22price_on_filing%22%2C%22report_date%22%2C%22close%22%2C%22timestamp%22%2C%22units%22%2C%22ticker%22%2C%22units_change%22%2C%22avg_price%22%2C%22buy_price%22%2C%22filing_date%22%2C%22put_call%22%2C%22sell_price%22 "HTTP/2 400 Bad Request"
2025-03-07 22:39:35,818 - hedge_fund_fetcher - ERROR - [hedge_fund_fetcher.py:294] - Error saving activity to database for FARALLON CAPITAL MANAGEMENT LLC: {'code': 'PGRST204', 'details': None, 'hint': None, 'message': "Could not find the 'avg_price' column of 'institution_activity' in the schema cache"}
2025-03-07 22:39:35,819 - hedge_fund_fetcher - INFO - [hedge_fund_fetcher.py:356] - Saving 200 hedge fund trades to database
2025-03-07 22:39:35,910 - httpx - INFO - [_client.py:1025] - HTTP Request: POST https://xtvfaileukqrdnnfghui.supabase.co/rest/v1/hedge_fund_trades?columns=%22action%22%2C%22institution_name%22%2C%22price%22%2C%22security_type%22%2C%22value%22%2C%22report_date%22%2C%22units%22%2C%22ticker%22%2C%22change_percent%22%2C%22filing_date%22%2C%22put_call%22 "HTTP/2 400 Bad Request"
2025-03-07 22:39:35,911 - hedge_fund_fetcher - ERROR - [hedge_fund_fetcher.py:376] - Error saving trades to database: {'code': 'PGRST204', 'details': None, 'hint': None, 'message': "Could not find the 'change_percent' column of 'hedge_fund_trades' in the schema cache"}
2025-03-07 22:39:36,413 - hedge_fund_fetcher - INFO - [hedge_fund_fetcher.py:148] - Processing fund: ICAHN CARL C
2025-03-07 22:39:36,414 - unusual_whales_api - INFO - [unusual_whales_api.py:87] - Using cached data for institution/ICAHN CARL C/holdings
2025-03-07 22:39:36,414 - hedge_fund_fetcher - INFO - [hedge_fund_fetcher.py:158] - Retrieved 14 holdings for ICAHN CARL C
2025-03-07 22:39:36,415 - hedge_fund_fetcher - INFO - [hedge_fund_fetcher.py:232] - Saving 14 holdings for ICAHN CARL C to database
2025-03-07 22:39:36,504 - httpx - INFO - [_client.py:1025] - HTTP Request: POST https://xtvfaileukqrdnnfghui.supabase.co/rest/v1/institution_holdings?columns=%22institution_name%22%2C%22security_type%22%2C%22value%22%2C%22shares_outstanding%22%2C%22close%22%2C%22full_name%22%2C%22sector%22%2C%22units%22%2C%22ticker%22%2C%22first_buy%22%2C%22units_change%22%2C%22avg_price%22%2C%22historical_units%22%2C%22price_first_buy%22%2C%22date%22%2C%22timestamp%22%2C%22put_call%22 "HTTP/2 400 Bad Request"
2025-03-07 22:39:36,505 - hedge_fund_fetcher - ERROR - [hedge_fund_fetcher.py:256] - Error saving holdings to database for ICAHN CARL C: {'code': 'PGRST204', 'details': None, 'hint': None, 'message': "Could not find the 'avg_price' column of 'institution_holdings' in the schema cache"}
2025-03-07 22:39:36,507 - unusual_whales_api - INFO - [unusual_whales_api.py:87] - Using cached data for institution/ICAHN CARL C/activity
2025-03-07 22:39:36,507 - hedge_fund_fetcher - INFO - [hedge_fund_fetcher.py:171] - Retrieved 200 activity records for ICAHN CARL C
2025-03-07 22:39:36,508 - hedge_fund_fetcher - INFO - [hedge_fund_fetcher.py:270] - Saving 200 activity records for ICAHN CARL C to database
2025-03-07 22:39:36,601 - httpx - INFO - [_client.py:1025] - HTTP Request: POST https://xtvfaileukqrdnnfghui.supabase.co/rest/v1/institution_activity?columns=%22institution_name%22%2C%22security_type%22%2C%22price_on_report%22%2C%22shares_outstanding%22%2C%22price_on_filing%22%2C%22report_date%22%2C%22close%22%2C%22timestamp%22%2C%22units%22%2C%22ticker%22%2C%22units_change%22%2C%22avg_price%22%2C%22buy_price%22%2C%22filing_date%22%2C%22put_call%22%2C%22sell_price%22 "HTTP/2 400 Bad Request"
2025-03-07 22:39:36,601 - hedge_fund_fetcher - ERROR - [hedge_fund_fetcher.py:294] - Error saving activity to database for ICAHN CARL C: {'code': 'PGRST204', 'details': None, 'hint': None, 'message': "Could not find the 'avg_price' column of 'institution_activity' in the schema cache"}
2025-03-07 22:39:36,601 - hedge_fund_fetcher - INFO - [hedge_fund_fetcher.py:356] - Saving 200 hedge fund trades to database
2025-03-07 22:39:36,662 - httpx - INFO - [_client.py:1025] - HTTP Request: POST https://xtvfaileukqrdnnfghui.supabase.co/rest/v1/hedge_fund_trades?columns=%22action%22%2C%22institution_name%22%2C%22price%22%2C%22security_type%22%2C%22value%22%2C%22report_date%22%2C%22units%22%2C%22ticker%22%2C%22change_percent%22%2C%22filing_date%22%2C%22put_call%22 "HTTP/2 400 Bad Request"
2025-03-07 22:39:36,663 - hedge_fund_fetcher - ERROR - [hedge_fund_fetcher.py:376] - Error saving trades to database: {'code': 'PGRST204', 'details': None, 'hint': None, 'message': "Could not find the 'change_percent' column of 'hedge_fund_trades' in the schema cache"}
2025-03-07 22:39:37,164 - hedge_fund_fetcher - INFO - [hedge_fund_fetcher.py:148] - Processing fund: TUDOR INVESTMENT CORP ET AL
2025-03-07 22:39:37,168 - unusual_whales_api - INFO - [unusual_whales_api.py:87] - Using cached data for institution/TUDOR INVESTMENT CORP ET AL/holdings
2025-03-07 22:39:37,169 - hedge_fund_fetcher - INFO - [hedge_fund_fetcher.py:158] - Retrieved 500 holdings for TUDOR INVESTMENT CORP ET AL
2025-03-07 22:39:37,171 - hedge_fund_fetcher - INFO - [hedge_fund_fetcher.py:232] - Saving 500 holdings for TUDOR INVESTMENT CORP ET AL to database
2025-03-07 22:39:37,263 - httpx - INFO - [_client.py:1025] - HTTP Request: POST https://xtvfaileukqrdnnfghui.supabase.co/rest/v1/institution_holdings?columns=%22institution_name%22%2C%22security_type%22%2C%22value%22%2C%22shares_outstanding%22%2C%22close%22%2C%22full_name%22%2C%22sector%22%2C%22units%22%2C%22ticker%22%2C%22first_buy%22%2C%22units_change%22%2C%22avg_price%22%2C%22historical_units%22%2C%22price_first_buy%22%2C%22date%22%2C%22timestamp%22%2C%22put_call%22 "HTTP/2 400 Bad Request"
2025-03-07 22:39:37,264 - hedge_fund_fetcher - ERROR - [hedge_fund_fetcher.py:256] - Error saving holdings to database for TUDOR INVESTMENT CORP ET AL: {'code': 'PGRST204', 'details': None, 'hint': None, 'message': "Could not find the 'avg_price' column of 'institution_holdings' in the schema cache"}
2025-03-07 22:39:37,264 - unusual_whales_api - INFO - [unusual_whales_api.py:87] - Using cached data for institution/TUDOR INVESTMENT CORP ET AL/activity
2025-03-07 22:39:37,264 - hedge_fund_fetcher - INFO - [hedge_fund_fetcher.py:171] - Retrieved 200 activity records for TUDOR INVESTMENT CORP ET AL
2025-03-07 22:39:37,265 - hedge_fund_fetcher - INFO - [hedge_fund_fetcher.py:270] - Saving 200 activity records for TUDOR INVESTMENT CORP ET AL to database
2025-03-07 22:39:37,317 - httpx - INFO - [_client.py:1025] - HTTP Request: POST https://xtvfaileukqrdnnfghui.supabase.co/rest/v1/institution_activity?columns=%22institution_name%22%2C%22security_type%22%2C%22price_on_report%22%2C%22shares_outstanding%22%2C%22price_on_filing%22%2C%22report_date%22%2C%22close%22%2C%22timestamp%22%2C%22units%22%2C%22ticker%22%2C%22units_change%22%2C%22avg_price%22%2C%22buy_price%22%2C%22filing_date%22%2C%22put_call%22%2C%22sell_price%22 "HTTP/2 400 Bad Request"
2025-03-07 22:39:37,317 - hedge_fund_fetcher - ERROR - [hedge_fund_fetcher.py:294] - Error saving activity to database for TUDOR INVESTMENT CORP ET AL: {'code': 'PGRST204', 'details': None, 'hint': None, 'message': "Could not find the 'avg_price' column of 'institution_activity' in the schema cache"}
2025-03-07 22:39:37,317 - hedge_fund_fetcher - INFO - [hedge_fund_fetcher.py:356] - Saving 200 hedge fund trades to database
2025-03-07 22:39:37,374 - httpx - INFO - [_client.py:1025] - HTTP Request: POST https://xtvfaileukqrdnnfghui.supabase.co/rest/v1/hedge_fund_trades?columns=%22action%22%2C%22institution_name%22%2C%22price%22%2C%22security_type%22%2C%22value%22%2C%22report_date%22%2C%22units%22%2C%22ticker%22%2C%22change_percent%22%2C%22filing_date%22%2C%22put_call%22 "HTTP/2 400 Bad Request"
2025-03-07 22:39:37,375 - hedge_fund_fetcher - ERROR - [hedge_fund_fetcher.py:376] - Error saving trades to database: {'code': 'PGRST204', 'details': None, 'hint': None, 'message': "Could not find the 'change_percent' column of 'hedge_fund_trades' in the schema cache"}
2025-03-07 22:39:37,877 - hedge_fund_fetcher - INFO - [hedge_fund_fetcher.py:148] - Processing fund: MAVERICK CAPITAL LTD
2025-03-07 22:39:37,882 - unusual_whales_api - INFO - [unusual_whales_api.py:87] - Using cached data for institution/MAVERICK CAPITAL LTD/holdings
2025-03-07 22:39:37,882 - hedge_fund_fetcher - INFO - [hedge_fund_fetcher.py:158] - Retrieved 303 holdings for MAVERICK CAPITAL LTD
2025-03-07 22:39:37,884 - hedge_fund_fetcher - INFO - [hedge_fund_fetcher.py:232] - Saving 303 holdings for MAVERICK CAPITAL LTD to database
2025-03-07 22:39:37,972 - httpx - INFO - [_client.py:1025] - HTTP Request: POST https://xtvfaileukqrdnnfghui.supabase.co/rest/v1/institution_holdings?columns=%22institution_name%22%2C%22security_type%22%2C%22value%22%2C%22shares_outstanding%22%2C%22close%22%2C%22full_name%22%2C%22sector%22%2C%22units%22%2C%22ticker%22%2C%22first_buy%22%2C%22units_change%22%2C%22avg_price%22%2C%22historical_units%22%2C%22price_first_buy%22%2C%22date%22%2C%22timestamp%22%2C%22put_call%22 "HTTP/2 400 Bad Request"
2025-03-07 22:39:37,972 - hedge_fund_fetcher - ERROR - [hedge_fund_fetcher.py:256] - Error saving holdings to database for MAVERICK CAPITAL LTD: {'code': 'PGRST204', 'details': None, 'hint': None, 'message': "Could not find the 'avg_price' column of 'institution_holdings' in the schema cache"}
2025-03-07 22:39:37,972 - unusual_whales_api - INFO - [unusual_whales_api.py:87] - Using cached data for institution/MAVERICK CAPITAL LTD/activity
2025-03-07 22:39:37,973 - hedge_fund_fetcher - INFO - [hedge_fund_fetcher.py:171] - Retrieved 200 activity records for MAVERICK CAPITAL LTD
2025-03-07 22:39:37,973 - hedge_fund_fetcher - INFO - [hedge_fund_fetcher.py:270] - Saving 200 activity records for MAVERICK CAPITAL LTD to database
2025-03-07 22:39:38,070 - httpx - INFO - [_client.py:1025] - HTTP Request: POST https://xtvfaileukqrdnnfghui.supabase.co/rest/v1/institution_activity?columns=%22institution_name%22%2C%22security_type%22%2C%22price_on_report%22%2C%22shares_outstanding%22%2C%22price_on_filing%22%2C%22report_date%22%2C%22close%22%2C%22timestamp%22%2C%22units%22%2C%22ticker%22%2C%22units_change%22%2C%22avg_price%22%2C%22buy_price%22%2C%22filing_date%22%2C%22put_call%22%2C%22sell_price%22 "HTTP/2 400 Bad Request"
2025-03-07 22:39:38,071 - hedge_fund_fetcher - ERROR - [hedge_fund_fetcher.py:294] - Error saving activity to database for MAVERICK CAPITAL LTD: {'code': 'PGRST204', 'details': None, 'hint': None, 'message': "Could not find the 'avg_price' column of 'institution_activity' in the schema cache"}
2025-03-07 22:39:38,072 - hedge_fund_fetcher - INFO - [hedge_fund_fetcher.py:356] - Saving 200 hedge fund trades to database
2025-03-07 22:39:38,130 - httpx - INFO - [_client.py:1025] - HTTP Request: POST https://xtvfaileukqrdnnfghui.supabase.co/rest/v1/hedge_fund_trades?columns=%22action%22%2C%22institution_name%22%2C%22price%22%2C%22security_type%22%2C%22value%22%2C%22report_date%22%2C%22units%22%2C%22ticker%22%2C%22change_percent%22%2C%22filing_date%22%2C%22put_call%22 "HTTP/2 400 Bad Request"
2025-03-07 22:39:38,131 - hedge_fund_fetcher - ERROR - [hedge_fund_fetcher.py:376] - Error saving trades to database: {'code': 'PGRST204', 'details': None, 'hint': None, 'message': "Could not find the 'change_percent' column of 'hedge_fund_trades' in the schema cache"}
2025-03-07 22:39:38,632 - hedge_fund_fetcher - INFO - [hedge_fund_fetcher.py:148] - Processing fund: ONTARIO TEACHERS PENSION PLAN BOARD
2025-03-07 22:39:38,634 - unusual_whales_api - INFO - [unusual_whales_api.py:87] - Using cached data for institution/ONTARIO TEACHERS PENSION PLAN BOARD/holdings
2025-03-07 22:39:38,634 - hedge_fund_fetcher - INFO - [hedge_fund_fetcher.py:158] - Retrieved 476 holdings for ONTARIO TEACHERS PENSION PLAN BOARD
2025-03-07 22:39:38,635 - hedge_fund_fetcher - INFO - [hedge_fund_fetcher.py:232] - Saving 476 holdings for ONTARIO TEACHERS PENSION PLAN BOARD to database
2025-03-07 22:39:38,725 - httpx - INFO - [_client.py:1025] - HTTP Request: POST https://xtvfaileukqrdnnfghui.supabase.co/rest/v1/institution_holdings?columns=%22institution_name%22%2C%22security_type%22%2C%22value%22%2C%22shares_outstanding%22%2C%22close%22%2C%22full_name%22%2C%22sector%22%2C%22units%22%2C%22ticker%22%2C%22first_buy%22%2C%22units_change%22%2C%22avg_price%22%2C%22historical_units%22%2C%22price_first_buy%22%2C%22date%22%2C%22timestamp%22%2C%22put_call%22 "HTTP/2 400 Bad Request"
2025-03-07 22:39:38,726 - hedge_fund_fetcher - ERROR - [hedge_fund_fetcher.py:256] - Error saving holdings to database for ONTARIO TEACHERS PENSION PLAN BOARD: {'code': 'PGRST204', 'details': None, 'hint': None, 'message': "Could not find the 'avg_price' column of 'institution_holdings' in the schema cache"}
2025-03-07 22:39:38,726 - unusual_whales_api - INFO - [unusual_whales_api.py:87] - Using cached data for institution/ONTARIO TEACHERS PENSION PLAN BOARD/activity
2025-03-07 22:39:38,726 - hedge_fund_fetcher - INFO - [hedge_fund_fetcher.py:171] - Retrieved 200 activity records for ONTARIO TEACHERS PENSION PLAN BOARD
2025-03-07 22:39:38,727 - hedge_fund_fetcher - INFO - [hedge_fund_fetcher.py:270] - Saving 200 activity records for ONTARIO TEACHERS PENSION PLAN BOARD to database
2025-03-07 22:39:38,818 - httpx - INFO - [_client.py:1025] - HTTP Request: POST https://xtvfaileukqrdnnfghui.supabase.co/rest/v1/institution_activity?columns=%22institution_name%22%2C%22security_type%22%2C%22price_on_report%22%2C%22shares_outstanding%22%2C%22price_on_filing%22%2C%22report_date%22%2C%22close%22%2C%22timestamp%22%2C%22units%22%2C%22ticker%22%2C%22units_change%22%2C%22avg_price%22%2C%22buy_price%22%2C%22filing_date%22%2C%22put_call%22%2C%22sell_price%22 "HTTP/2 400 Bad Request"
2025-03-07 22:39:38,819 - hedge_fund_fetcher - ERROR - [hedge_fund_fetcher.py:294] - Error saving activity to database for ONTARIO TEACHERS PENSION PLAN BOARD: {'code': 'PGRST204', 'details': None, 'hint': None, 'message': "Could not find the 'avg_price' column of 'institution_activity' in the schema cache"}
2025-03-07 22:39:38,819 - hedge_fund_fetcher - INFO - [hedge_fund_fetcher.py:356] - Saving 200 hedge fund trades to database
2025-03-07 22:39:38,882 - httpx - INFO - [_client.py:1025] - HTTP Request: POST https://xtvfaileukqrdnnfghui.supabase.co/rest/v1/hedge_fund_trades?columns=%22action%22%2C%22institution_name%22%2C%22price%22%2C%22security_type%22%2C%22value%22%2C%22report_date%22%2C%22units%22%2C%22ticker%22%2C%22change_percent%22%2C%22filing_date%22%2C%22put_call%22 "HTTP/2 400 Bad Request"
2025-03-07 22:39:38,883 - hedge_fund_fetcher - ERROR - [hedge_fund_fetcher.py:376] - Error saving trades to database: {'code': 'PGRST204', 'details': None, 'hint': None, 'message': "Could not find the 'change_percent' column of 'hedge_fund_trades' in the schema cache"}
2025-03-07 22:39:39,384 - hedge_fund_fetcher - INFO - [hedge_fund_fetcher.py:148] - Processing fund: DEERFIELD MANAGEMENT COMPANY, L.P. (SERIES C)
2025-03-07 22:39:39,387 - unusual_whales_api - INFO - [unusual_whales_api.py:87] - Using cached data for institution/DEERFIELD MANAGEMENT COMPANY, L.P. (SERIES C)/holdings
2025-03-07 22:39:39,387 - hedge_fund_fetcher - INFO - [hedge_fund_fetcher.py:158] - Retrieved 450 holdings for DEERFIELD MANAGEMENT COMPANY, L.P. (SERIES C)
2025-03-07 22:39:39,388 - hedge_fund_fetcher - INFO - [hedge_fund_fetcher.py:232] - Saving 450 holdings for DEERFIELD MANAGEMENT COMPANY, L.P. (SERIES C) to database
2025-03-07 22:39:39,458 - httpx - INFO - [_client.py:1025] - HTTP Request: POST https://xtvfaileukqrdnnfghui.supabase.co/rest/v1/institution_holdings?columns=%22institution_name%22%2C%22security_type%22%2C%22value%22%2C%22shares_outstanding%22%2C%22close%22%2C%22full_name%22%2C%22sector%22%2C%22units%22%2C%22ticker%22%2C%22first_buy%22%2C%22units_change%22%2C%22avg_price%22%2C%22historical_units%22%2C%22price_first_buy%22%2C%22date%22%2C%22timestamp%22%2C%22put_call%22 "HTTP/2 400 Bad Request"
2025-03-07 22:39:39,458 - hedge_fund_fetcher - ERROR - [hedge_fund_fetcher.py:256] - Error saving holdings to database for DEERFIELD MANAGEMENT COMPANY, L.P. (SERIES C): {'code': 'PGRST204', 'details': None, 'hint': None, 'message': "Could not find the 'avg_price' column of 'institution_holdings' in the schema cache"}
2025-03-07 22:39:39,459 - unusual_whales_api - INFO - [unusual_whales_api.py:87] - Using cached data for institution/DEERFIELD MANAGEMENT COMPANY, L.P. (SERIES C)/activity
2025-03-07 22:39:39,459 - hedge_fund_fetcher - INFO - [hedge_fund_fetcher.py:171] - Retrieved 200 activity records for DEERFIELD MANAGEMENT COMPANY, L.P. (SERIES C)
2025-03-07 22:39:39,459 - hedge_fund_fetcher - INFO - [hedge_fund_fetcher.py:270] - Saving 200 activity records for DEERFIELD MANAGEMENT COMPANY, L.P. (SERIES C) to database
2025-03-07 22:39:39,514 - httpx - INFO - [_client.py:1025] - HTTP Request: POST https://xtvfaileukqrdnnfghui.supabase.co/rest/v1/institution_activity?columns=%22institution_name%22%2C%22security_type%22%2C%22price_on_report%22%2C%22shares_outstanding%22%2C%22price_on_filing%22%2C%22report_date%22%2C%22close%22%2C%22timestamp%22%2C%22units%22%2C%22ticker%22%2C%22units_change%22%2C%22avg_price%22%2C%22buy_price%22%2C%22filing_date%22%2C%22put_call%22%2C%22sell_price%22 "HTTP/2 400 Bad Request"
2025-03-07 22:39:39,514 - hedge_fund_fetcher - ERROR - [hedge_fund_fetcher.py:294] - Error saving activity to database for DEERFIELD MANAGEMENT COMPANY, L.P. (SERIES C): {'code': 'PGRST204', 'details': None, 'hint': None, 'message': "Could not find the 'avg_price' column of 'institution_activity' in the schema cache"}
2025-03-07 22:39:39,514 - hedge_fund_fetcher - INFO - [hedge_fund_fetcher.py:356] - Saving 200 hedge fund trades to database
2025-03-07 22:39:39,586 - httpx - INFO - [_client.py:1025] - HTTP Request: POST https://xtvfaileukqrdnnfghui.supabase.co/rest/v1/hedge_fund_trades?columns=%22action%22%2C%22institution_name%22%2C%22price%22%2C%22security_type%22%2C%22value%22%2C%22report_date%22%2C%22units%22%2C%22ticker%22%2C%22change_percent%22%2C%22filing_date%22%2C%22put_call%22 "HTTP/2 400 Bad Request"
2025-03-07 22:39:39,586 - hedge_fund_fetcher - ERROR - [hedge_fund_fetcher.py:376] - Error saving trades to database: {'code': 'PGRST204', 'details': None, 'hint': None, 'message': "Could not find the 'change_percent' column of 'hedge_fund_trades' in the schema cache"}
2025-03-07 22:39:40,088 - hedge_fund_fetcher - INFO - [hedge_fund_fetcher.py:148] - Processing fund: SOROS FUND MANAGEMENT LLC
2025-03-07 22:39:40,090 - unusual_whales_api - INFO - [unusual_whales_api.py:87] - Using cached data for institution/SOROS FUND MANAGEMENT LLC/holdings
2025-03-07 22:39:40,090 - hedge_fund_fetcher - INFO - [hedge_fund_fetcher.py:158] - Retrieved 188 holdings for SOROS FUND MANAGEMENT LLC
2025-03-07 22:39:40,091 - hedge_fund_fetcher - INFO - [hedge_fund_fetcher.py:232] - Saving 188 holdings for SOROS FUND MANAGEMENT LLC to database
2025-03-07 22:39:40,197 - httpx - INFO - [_client.py:1025] - HTTP Request: POST https://xtvfaileukqrdnnfghui.supabase.co/rest/v1/institution_holdings?columns=%22institution_name%22%2C%22security_type%22%2C%22value%22%2C%22shares_outstanding%22%2C%22close%22%2C%22full_name%22%2C%22sector%22%2C%22units%22%2C%22ticker%22%2C%22first_buy%22%2C%22units_change%22%2C%22avg_price%22%2C%22historical_units%22%2C%22price_first_buy%22%2C%22date%22%2C%22timestamp%22%2C%22put_call%22 "HTTP/2 400 Bad Request"
2025-03-07 22:39:40,197 - hedge_fund_fetcher - ERROR - [hedge_fund_fetcher.py:256] - Error saving holdings to database for SOROS FUND MANAGEMENT LLC: {'code': 'PGRST204', 'details': None, 'hint': None, 'message': "Could not find the 'avg_price' column of 'institution_holdings' in the schema cache"}
2025-03-07 22:39:40,198 - unusual_whales_api - INFO - [unusual_whales_api.py:87] - Using cached data for institution/SOROS FUND MANAGEMENT LLC/activity
2025-03-07 22:39:40,198 - hedge_fund_fetcher - INFO - [hedge_fund_fetcher.py:171] - Retrieved 200 activity records for SOROS FUND MANAGEMENT LLC
2025-03-07 22:39:40,199 - hedge_fund_fetcher - INFO - [hedge_fund_fetcher.py:270] - Saving 200 activity records for SOROS FUND MANAGEMENT LLC to database
2025-03-07 22:39:40,261 - httpx - INFO - [_client.py:1025] - HTTP Request: POST https://xtvfaileukqrdnnfghui.supabase.co/rest/v1/institution_activity?columns=%22institution_name%22%2C%22security_type%22%2C%22price_on_report%22%2C%22shares_outstanding%22%2C%22price_on_filing%22%2C%22report_date%22%2C%22close%22%2C%22timestamp%22%2C%22units%22%2C%22ticker%22%2C%22units_change%22%2C%22avg_price%22%2C%22buy_price%22%2C%22filing_date%22%2C%22put_call%22%2C%22sell_price%22 "HTTP/2 400 Bad Request"
2025-03-07 22:39:40,261 - hedge_fund_fetcher - ERROR - [hedge_fund_fetcher.py:294] - Error saving activity to database for SOROS FUND MANAGEMENT LLC: {'code': 'PGRST204', 'details': None, 'hint': None, 'message': "Could not find the 'avg_price' column of 'institution_activity' in the schema cache"}
2025-03-07 22:39:40,262 - hedge_fund_fetcher - INFO - [hedge_fund_fetcher.py:356] - Saving 200 hedge fund trades to database
2025-03-07 22:39:40,335 - httpx - INFO - [_client.py:1025] - HTTP Request: POST https://xtvfaileukqrdnnfghui.supabase.co/rest/v1/hedge_fund_trades?columns=%22action%22%2C%22institution_name%22%2C%22price%22%2C%22security_type%22%2C%22value%22%2C%22report_date%22%2C%22units%22%2C%22ticker%22%2C%22change_percent%22%2C%22filing_date%22%2C%22put_call%22 "HTTP/2 400 Bad Request"
2025-03-07 22:39:40,336 - hedge_fund_fetcher - ERROR - [hedge_fund_fetcher.py:376] - Error saving trades to database: {'code': 'PGRST204', 'details': None, 'hint': None, 'message': "Could not find the 'change_percent' column of 'hedge_fund_trades' in the schema cache"}
2025-03-07 22:39:40,838 - hedge_fund_fetcher - INFO - [hedge_fund_fetcher.py:148] - Processing fund: PAULSON & CO. INC.
2025-03-07 22:39:40,839 - unusual_whales_api - INFO - [unusual_whales_api.py:87] - Using cached data for institution/PAULSON & CO. INC./holdings
2025-03-07 22:39:40,839 - hedge_fund_fetcher - INFO - [hedge_fund_fetcher.py:158] - Retrieved 17 holdings for PAULSON & CO. INC.
2025-03-07 22:39:40,839 - hedge_fund_fetcher - INFO - [hedge_fund_fetcher.py:232] - Saving 17 holdings for PAULSON & CO. INC. to database
2025-03-07 22:39:40,909 - httpx - INFO - [_client.py:1025] - HTTP Request: POST https://xtvfaileukqrdnnfghui.supabase.co/rest/v1/institution_holdings?columns=%22institution_name%22%2C%22security_type%22%2C%22value%22%2C%22shares_outstanding%22%2C%22close%22%2C%22full_name%22%2C%22sector%22%2C%22units%22%2C%22ticker%22%2C%22first_buy%22%2C%22units_change%22%2C%22avg_price%22%2C%22historical_units%22%2C%22price_first_buy%22%2C%22date%22%2C%22timestamp%22%2C%22put_call%22 "HTTP/2 400 Bad Request"
2025-03-07 22:39:40,909 - hedge_fund_fetcher - ERROR - [hedge_fund_fetcher.py:256] - Error saving holdings to database for PAULSON & CO. INC.: {'code': 'PGRST204', 'details': None, 'hint': None, 'message': "Could not find the 'avg_price' column of 'institution_holdings' in the schema cache"}
2025-03-07 22:39:40,910 - unusual_whales_api - INFO - [unusual_whales_api.py:87] - Using cached data for institution/PAULSON & CO. INC./activity
2025-03-07 22:39:40,910 - hedge_fund_fetcher - INFO - [hedge_fund_fetcher.py:171] - Retrieved 200 activity records for PAULSON & CO. INC.
2025-03-07 22:39:40,910 - hedge_fund_fetcher - INFO - [hedge_fund_fetcher.py:270] - Saving 200 activity records for PAULSON & CO. INC. to database
2025-03-07 22:39:41,002 - httpx - INFO - [_client.py:1025] - HTTP Request: POST https://xtvfaileukqrdnnfghui.supabase.co/rest/v1/institution_activity?columns=%22institution_name%22%2C%22security_type%22%2C%22price_on_report%22%2C%22shares_outstanding%22%2C%22price_on_filing%22%2C%22report_date%22%2C%22close%22%2C%22timestamp%22%2C%22units%22%2C%22ticker%22%2C%22units_change%22%2C%22avg_price%22%2C%22buy_price%22%2C%22filing_date%22%2C%22put_call%22%2C%22sell_price%22 "HTTP/2 400 Bad Request"
2025-03-07 22:39:41,003 - hedge_fund_fetcher - ERROR - [hedge_fund_fetcher.py:294] - Error saving activity to database for PAULSON & CO. INC.: {'code': 'PGRST204', 'details': None, 'hint': None, 'message': "Could not find the 'avg_price' column of 'institution_activity' in the schema cache"}
2025-03-07 22:39:41,004 - hedge_fund_fetcher - INFO - [hedge_fund_fetcher.py:356] - Saving 200 hedge fund trades to database
2025-03-07 22:39:41,058 - httpx - INFO - [_client.py:1025] - HTTP Request: POST https://xtvfaileukqrdnnfghui.supabase.co/rest/v1/hedge_fund_trades?columns=%22action%22%2C%22institution_name%22%2C%22price%22%2C%22security_type%22%2C%22value%22%2C%22report_date%22%2C%22units%22%2C%22ticker%22%2C%22change_percent%22%2C%22filing_date%22%2C%22put_call%22 "HTTP/2 400 Bad Request"
2025-03-07 22:39:41,059 - hedge_fund_fetcher - ERROR - [hedge_fund_fetcher.py:376] - Error saving trades to database: {'code': 'PGRST204', 'details': None, 'hint': None, 'message': "Could not find the 'change_percent' column of 'hedge_fund_trades' in the schema cache"}
2025-03-07 22:39:41,561 - hedge_fund_fetcher - INFO - [hedge_fund_fetcher.py:148] - Processing fund: THIRD POINT LLC
2025-03-07 22:39:41,561 - unusual_whales_api - INFO - [unusual_whales_api.py:87] - Using cached data for institution/THIRD POINT LLC/holdings
2025-03-07 22:39:41,562 - hedge_fund_fetcher - INFO - [hedge_fund_fetcher.py:158] - Retrieved 43 holdings for THIRD POINT LLC
2025-03-07 22:39:41,562 - hedge_fund_fetcher - INFO - [hedge_fund_fetcher.py:232] - Saving 43 holdings for THIRD POINT LLC to database
2025-03-07 22:39:41,615 - httpx - INFO - [_client.py:1025] - HTTP Request: POST https://xtvfaileukqrdnnfghui.supabase.co/rest/v1/institution_holdings?columns=%22institution_name%22%2C%22security_type%22%2C%22value%22%2C%22shares_outstanding%22%2C%22close%22%2C%22full_name%22%2C%22sector%22%2C%22units%22%2C%22ticker%22%2C%22first_buy%22%2C%22units_change%22%2C%22avg_price%22%2C%22historical_units%22%2C%22price_first_buy%22%2C%22date%22%2C%22timestamp%22%2C%22put_call%22 "HTTP/2 400 Bad Request"
2025-03-07 22:39:41,616 - hedge_fund_fetcher - ERROR - [hedge_fund_fetcher.py:256] - Error saving holdings to database for THIRD POINT LLC: {'code': 'PGRST204', 'details': None, 'hint': None, 'message': "Could not find the 'avg_price' column of 'institution_holdings' in the schema cache"}
2025-03-07 22:39:41,616 - unusual_whales_api - INFO - [unusual_whales_api.py:87] - Using cached data for institution/THIRD POINT LLC/activity
2025-03-07 22:39:41,616 - hedge_fund_fetcher - INFO - [hedge_fund_fetcher.py:171] - Retrieved 200 activity records for THIRD POINT LLC
2025-03-07 22:39:41,616 - hedge_fund_fetcher - INFO - [hedge_fund_fetcher.py:270] - Saving 200 activity records for THIRD POINT LLC to database
2025-03-07 22:39:41,688 - httpx - INFO - [_client.py:1025] - HTTP Request: POST https://xtvfaileukqrdnnfghui.supabase.co/rest/v1/institution_activity?columns=%22institution_name%22%2C%22security_type%22%2C%22price_on_report%22%2C%22shares_outstanding%22%2C%22price_on_filing%22%2C%22report_date%22%2C%22close%22%2C%22timestamp%22%2C%22units%22%2C%22ticker%22%2C%22units_change%22%2C%22avg_price%22%2C%22buy_price%22%2C%22filing_date%22%2C%22put_call%22%2C%22sell_price%22 "HTTP/2 400 Bad Request"
2025-03-07 22:39:41,688 - hedge_fund_fetcher - ERROR - [hedge_fund_fetcher.py:294] - Error saving activity to database for THIRD POINT LLC: {'code': 'PGRST204', 'details': None, 'hint': None, 'message': "Could not find the 'avg_price' column of 'institution_activity' in the schema cache"}
2025-03-07 22:39:41,689 - hedge_fund_fetcher - INFO - [hedge_fund_fetcher.py:356] - Saving 200 hedge fund trades to database
2025-03-07 22:39:41,749 - httpx - INFO - [_client.py:1025] - HTTP Request: POST https://xtvfaileukqrdnnfghui.supabase.co/rest/v1/hedge_fund_trades?columns=%22action%22%2C%22institution_name%22%2C%22price%22%2C%22security_type%22%2C%22value%22%2C%22report_date%22%2C%22units%22%2C%22ticker%22%2C%22change_percent%22%2C%22filing_date%22%2C%22put_call%22 "HTTP/2 400 Bad Request"
2025-03-07 22:39:41,750 - hedge_fund_fetcher - ERROR - [hedge_fund_fetcher.py:376] - Error saving trades to database: {'code': 'PGRST204', 'details': None, 'hint': None, 'message': "Could not find the 'change_percent' column of 'hedge_fund_trades' in the schema cache"}
2025-03-07 22:39:42,253 - hedge_fund_fetcher - INFO - [hedge_fund_fetcher.py:148] - Processing fund: ORBIMED ADVISORS LLC
2025-03-07 22:39:42,255 - unusual_whales_api - INFO - [unusual_whales_api.py:87] - Using cached data for institution/ORBIMED ADVISORS LLC/holdings
2025-03-07 22:39:42,255 - hedge_fund_fetcher - INFO - [hedge_fund_fetcher.py:158] - Retrieved 127 holdings for ORBIMED ADVISORS LLC
2025-03-07 22:39:42,257 - hedge_fund_fetcher - INFO - [hedge_fund_fetcher.py:232] - Saving 127 holdings for ORBIMED ADVISORS LLC to database
2025-03-07 22:39:42,317 - httpx - INFO - [_client.py:1025] - HTTP Request: POST https://xtvfaileukqrdnnfghui.supabase.co/rest/v1/institution_holdings?columns=%22institution_name%22%2C%22security_type%22%2C%22value%22%2C%22shares_outstanding%22%2C%22close%22%2C%22full_name%22%2C%22sector%22%2C%22units%22%2C%22ticker%22%2C%22first_buy%22%2C%22units_change%22%2C%22avg_price%22%2C%22historical_units%22%2C%22price_first_buy%22%2C%22date%22%2C%22timestamp%22%2C%22put_call%22 "HTTP/2 400 Bad Request"
2025-03-07 22:39:42,317 - hedge_fund_fetcher - ERROR - [hedge_fund_fetcher.py:256] - Error saving holdings to database for ORBIMED ADVISORS LLC: {'code': 'PGRST204', 'details': None, 'hint': None, 'message': "Could not find the 'avg_price' column of 'institution_holdings' in the schema cache"}
2025-03-07 22:39:42,317 - unusual_whales_api - INFO - [unusual_whales_api.py:87] - Using cached data for institution/ORBIMED ADVISORS LLC/activity
2025-03-07 22:39:42,317 - hedge_fund_fetcher - INFO - [hedge_fund_fetcher.py:171] - Retrieved 200 activity records for ORBIMED ADVISORS LLC
2025-03-07 22:39:42,318 - hedge_fund_fetcher - INFO - [hedge_fund_fetcher.py:270] - Saving 200 activity records for ORBIMED ADVISORS LLC to database
2025-03-07 22:39:42,375 - httpx - INFO - [_client.py:1025] - HTTP Request: POST https://xtvfaileukqrdnnfghui.supabase.co/rest/v1/institution_activity?columns=%22institution_name%22%2C%22security_type%22%2C%22price_on_report%22%2C%22shares_outstanding%22%2C%22price_on_filing%22%2C%22report_date%22%2C%22close%22%2C%22timestamp%22%2C%22units%22%2C%22ticker%22%2C%22units_change%22%2C%22avg_price%22%2C%22buy_price%22%2C%22filing_date%22%2C%22put_call%22%2C%22sell_price%22 "HTTP/2 400 Bad Request"
2025-03-07 22:39:42,376 - hedge_fund_fetcher - ERROR - [hedge_fund_fetcher.py:294] - Error saving activity to database for ORBIMED ADVISORS LLC: {'code': 'PGRST204', 'details': None, 'hint': None, 'message': "Could not find the 'avg_price' column of 'institution_activity' in the schema cache"}
2025-03-07 22:39:42,376 - hedge_fund_fetcher - INFO - [hedge_fund_fetcher.py:356] - Saving 200 hedge fund trades to database
2025-03-07 22:39:42,428 - httpx - INFO - [_client.py:1025] - HTTP Request: POST https://xtvfaileukqrdnnfghui.supabase.co/rest/v1/hedge_fund_trades?columns=%22action%22%2C%22institution_name%22%2C%22price%22%2C%22security_type%22%2C%22value%22%2C%22report_date%22%2C%22units%22%2C%22ticker%22%2C%22change_percent%22%2C%22filing_date%22%2C%22put_call%22 "HTTP/2 400 Bad Request"
2025-03-07 22:39:42,428 - hedge_fund_fetcher - ERROR - [hedge_fund_fetcher.py:376] - Error saving trades to database: {'code': 'PGRST204', 'details': None, 'hint': None, 'message': "Could not find the 'change_percent' column of 'hedge_fund_trades' in the schema cache"}
2025-03-07 22:39:42,930 - hedge_fund_fetcher - INFO - [hedge_fund_fetcher.py:148] - Processing fund: CANNELL CAPITAL LLC
2025-03-07 22:39:42,931 - unusual_whales_api - INFO - [unusual_whales_api.py:91] - Making request to https://api.unusualwhales.com/api/institution/CANNELL CAPITAL LLC/holdings with params {'security_types': ['Share'], 'order_direction': 'desc', 'limit': 500}
2025-03-07 22:39:43,210 - hedge_fund_fetcher - INFO - [hedge_fund_fetcher.py:158] - Retrieved 53 holdings for CANNELL CAPITAL LLC
2025-03-07 22:39:43,210 - hedge_fund_fetcher - INFO - [hedge_fund_fetcher.py:232] - Saving 53 holdings for CANNELL CAPITAL LLC to database
2025-03-07 22:39:43,265 - httpx - INFO - [_client.py:1025] - HTTP Request: POST https://xtvfaileukqrdnnfghui.supabase.co/rest/v1/institution_holdings?columns=%22institution_name%22%2C%22security_type%22%2C%22value%22%2C%22shares_outstanding%22%2C%22close%22%2C%22full_name%22%2C%22sector%22%2C%22units%22%2C%22ticker%22%2C%22first_buy%22%2C%22units_change%22%2C%22avg_price%22%2C%22historical_units%22%2C%22price_first_buy%22%2C%22date%22%2C%22timestamp%22%2C%22put_call%22 "HTTP/2 400 Bad Request"
2025-03-07 22:39:43,266 - hedge_fund_fetcher - ERROR - [hedge_fund_fetcher.py:256] - Error saving holdings to database for CANNELL CAPITAL LLC: {'code': 'PGRST204', 'details': None, 'hint': None, 'message': "Could not find the 'avg_price' column of 'institution_holdings' in the schema cache"}
2025-03-07 22:39:43,266 - unusual_whales_api - INFO - [unusual_whales_api.py:91] - Making request to https://api.unusualwhales.com/api/institution/CANNELL CAPITAL LLC/activity with params {'limit': 200}
2025-03-07 22:39:43,531 - hedge_fund_fetcher - INFO - [hedge_fund_fetcher.py:171] - Retrieved 200 activity records for CANNELL CAPITAL LLC
2025-03-07 22:39:43,532 - hedge_fund_fetcher - INFO - [hedge_fund_fetcher.py:270] - Saving 200 activity records for CANNELL CAPITAL LLC to database
2025-03-07 22:39:43,594 - httpx - INFO - [_client.py:1025] - HTTP Request: POST https://xtvfaileukqrdnnfghui.supabase.co/rest/v1/institution_activity?columns=%22institution_name%22%2C%22security_type%22%2C%22price_on_report%22%2C%22shares_outstanding%22%2C%22price_on_filing%22%2C%22report_date%22%2C%22close%22%2C%22timestamp%22%2C%22units%22%2C%22ticker%22%2C%22units_change%22%2C%22avg_price%22%2C%22buy_price%22%2C%22filing_date%22%2C%22put_call%22%2C%22sell_price%22 "HTTP/2 400 Bad Request"
2025-03-07 22:39:43,594 - hedge_fund_fetcher - ERROR - [hedge_fund_fetcher.py:294] - Error saving activity to database for CANNELL CAPITAL LLC: {'code': 'PGRST204', 'details': None, 'hint': None, 'message': "Could not find the 'avg_price' column of 'institution_activity' in the schema cache"}
2025-03-07 22:39:43,594 - hedge_fund_fetcher - INFO - [hedge_fund_fetcher.py:356] - Saving 200 hedge fund trades to database
2025-03-07 22:39:43,654 - httpx - INFO - [_client.py:1025] - HTTP Request: POST https://xtvfaileukqrdnnfghui.supabase.co/rest/v1/hedge_fund_trades?columns=%22action%22%2C%22institution_name%22%2C%22price%22%2C%22security_type%22%2C%22value%22%2C%22report_date%22%2C%22units%22%2C%22ticker%22%2C%22change_percent%22%2C%22filing_date%22%2C%22put_call%22 "HTTP/2 400 Bad Request"
2025-03-07 22:39:43,655 - hedge_fund_fetcher - ERROR - [hedge_fund_fetcher.py:376] - Error saving trades to database: {'code': 'PGRST204', 'details': None, 'hint': None, 'message': "Could not find the 'change_percent' column of 'hedge_fund_trades' in the schema cache"}
2025-03-07 22:39:44,157 - hedge_fund_fetcher - INFO - [hedge_fund_fetcher.py:148] - Processing fund: LONE PINE CAPITAL LLC
2025-03-07 22:39:44,157 - unusual_whales_api - INFO - [unusual_whales_api.py:91] - Making request to https://api.unusualwhales.com/api/institution/LONE PINE CAPITAL LLC/holdings with params {'security_types': ['Share'], 'order_direction': 'desc', 'limit': 500}
2025-03-07 22:39:44,273 - hedge_fund_fetcher - INFO - [hedge_fund_fetcher.py:158] - Retrieved 34 holdings for LONE PINE CAPITAL LLC
2025-03-07 22:39:44,273 - hedge_fund_fetcher - INFO - [hedge_fund_fetcher.py:232] - Saving 34 holdings for LONE PINE CAPITAL LLC to database
2025-03-07 22:39:44,336 - httpx - INFO - [_client.py:1025] - HTTP Request: POST https://xtvfaileukqrdnnfghui.supabase.co/rest/v1/institution_holdings?columns=%22institution_name%22%2C%22security_type%22%2C%22value%22%2C%22shares_outstanding%22%2C%22close%22%2C%22full_name%22%2C%22sector%22%2C%22units%22%2C%22ticker%22%2C%22first_buy%22%2C%22units_change%22%2C%22avg_price%22%2C%22historical_units%22%2C%22price_first_buy%22%2C%22date%22%2C%22timestamp%22%2C%22put_call%22 "HTTP/2 400 Bad Request"
2025-03-07 22:39:44,337 - hedge_fund_fetcher - ERROR - [hedge_fund_fetcher.py:256] - Error saving holdings to database for LONE PINE CAPITAL LLC: {'code': 'PGRST204', 'details': None, 'hint': None, 'message': "Could not find the 'avg_price' column of 'institution_holdings' in the schema cache"}
2025-03-07 22:39:44,338 - unusual_whales_api - INFO - [unusual_whales_api.py:91] - Making request to https://api.unusualwhales.com/api/institution/LONE PINE CAPITAL LLC/activity with params {'limit': 200}
2025-03-07 22:39:44,586 - hedge_fund_fetcher - INFO - [hedge_fund_fetcher.py:171] - Retrieved 200 activity records for LONE PINE CAPITAL LLC
2025-03-07 22:39:44,586 - hedge_fund_fetcher - INFO - [hedge_fund_fetcher.py:270] - Saving 200 activity records for LONE PINE CAPITAL LLC to database
2025-03-07 22:39:44,646 - httpx - INFO - [_client.py:1025] - HTTP Request: POST https://xtvfaileukqrdnnfghui.supabase.co/rest/v1/institution_activity?columns=%22institution_name%22%2C%22security_type%22%2C%22price_on_report%22%2C%22shares_outstanding%22%2C%22price_on_filing%22%2C%22report_date%22%2C%22close%22%2C%22timestamp%22%2C%22units%22%2C%22ticker%22%2C%22units_change%22%2C%22avg_price%22%2C%22buy_price%22%2C%22filing_date%22%2C%22put_call%22%2C%22sell_price%22 "HTTP/2 400 Bad Request"
2025-03-07 22:39:44,647 - hedge_fund_fetcher - ERROR - [hedge_fund_fetcher.py:294] - Error saving activity to database for LONE PINE CAPITAL LLC: {'code': 'PGRST204', 'details': None, 'hint': None, 'message': "Could not find the 'avg_price' column of 'institution_activity' in the schema cache"}
2025-03-07 22:39:44,647 - hedge_fund_fetcher - INFO - [hedge_fund_fetcher.py:356] - Saving 200 hedge fund trades to database
2025-03-07 22:39:44,710 - httpx - INFO - [_client.py:1025] - HTTP Request: POST https://xtvfaileukqrdnnfghui.supabase.co/rest/v1/hedge_fund_trades?columns=%22action%22%2C%22institution_name%22%2C%22price%22%2C%22security_type%22%2C%22value%22%2C%22report_date%22%2C%22units%22%2C%22ticker%22%2C%22change_percent%22%2C%22filing_date%22%2C%22put_call%22 "HTTP/2 400 Bad Request"
2025-03-07 22:39:44,711 - hedge_fund_fetcher - ERROR - [hedge_fund_fetcher.py:376] - Error saving trades to database: {'code': 'PGRST204', 'details': None, 'hint': None, 'message': "Could not find the 'change_percent' column of 'hedge_fund_trades' in the schema cache"}
2025-03-07 22:39:45,212 - hedge_fund_fetcher - INFO - [hedge_fund_fetcher.py:148] - Processing fund: BAUPOST GROUP LLC/MA
2025-03-07 22:39:45,213 - unusual_whales_api - INFO - [unusual_whales_api.py:91] - Making request to https://api.unusualwhales.com/api/institution/BAUPOST GROUP LLC/MA/holdings with params {'security_types': ['Share'], 'order_direction': 'desc', 'limit': 500}
2025-03-07 22:39:45,289 - unusual_whales_api - ERROR - [unusual_whales_api.py:102] - Error making request to https://api.unusualwhales.com/api/institution/BAUPOST GROUP LLC/MA/holdings: 404 Client Error: Not Found for url: https://api.unusualwhales.com/api/institution/BAUPOST%20GROUP%20LLC/MA/holdings?security_types=Share&order_direction=desc&limit=500
2025-03-07 22:39:45,292 - unusual_whales_api - ERROR - [unusual_whales_api.py:104] - Response content: Something went wrong
2025-03-07 22:39:47,297 - unusual_whales_api - INFO - [unusual_whales_api.py:91] - Making request to https://api.unusualwhales.com/api/institution/BAUPOST GROUP LLC/MA/holdings with params {'security_types': ['Share'], 'order_direction': 'desc', 'limit': 500}
2025-03-07 22:39:47,376 - unusual_whales_api - ERROR - [unusual_whales_api.py:102] - Error making request to https://api.unusualwhales.com/api/institution/BAUPOST GROUP LLC/MA/holdings: 404 Client Error: Not Found for url: https://api.unusualwhales.com/api/institution/BAUPOST%20GROUP%20LLC/MA/holdings?security_types=Share&order_direction=desc&limit=500
2025-03-07 22:39:47,376 - unusual_whales_api - ERROR - [unusual_whales_api.py:104] - Response content: Something went wrong
2025-03-07 22:39:49,382 - unusual_whales_api - INFO - [unusual_whales_api.py:91] - Making request to https://api.unusualwhales.com/api/institution/BAUPOST GROUP LLC/MA/holdings with params {'security_types': ['Share'], 'order_direction': 'desc', 'limit': 500}
2025-03-07 22:39:49,500 - unusual_whales_api - ERROR - [unusual_whales_api.py:102] - Error making request to https://api.unusualwhales.com/api/institution/BAUPOST GROUP LLC/MA/holdings: 404 Client Error: Not Found for url: https://api.unusualwhales.com/api/institution/BAUPOST%20GROUP%20LLC/MA/holdings?security_types=Share&order_direction=desc&limit=500
2025-03-07 22:39:49,500 - unusual_whales_api - ERROR - [unusual_whales_api.py:104] - Response content: Something went wrong
2025-03-07 22:39:49,500 - unusual_whales_api - ERROR - [unusual_whales_api.py:1036] - Failed to fetch institution holdings for BAUPOST GROUP LLC/MA: API request failed: 404 Client Error: Not Found for url: https://api.unusualwhales.com/api/institution/BAUPOST%20GROUP%20LLC/MA/holdings?security_types=Share&order_direction=desc&limit=500
2025-03-07 22:39:49,500 - hedge_fund_fetcher - WARNING - [hedge_fund_fetcher.py:182] - No holdings found for BAUPOST GROUP LLC/MA
2025-03-07 22:39:50,001 - hedge_fund_fetcher - INFO - [hedge_fund_fetcher.py:148] - Processing fund: BERKSHIRE HATHAWAY INC
2025-03-07 22:39:50,002 - unusual_whales_api - INFO - [unusual_whales_api.py:91] - Making request to https://api.unusualwhales.com/api/institution/BERKSHIRE HATHAWAY INC/holdings with params {'security_types': ['Share'], 'order_direction': 'desc', 'limit': 500}
2025-03-07 22:39:50,117 - hedge_fund_fetcher - INFO - [hedge_fund_fetcher.py:158] - Retrieved 39 holdings for BERKSHIRE HATHAWAY INC
2025-03-07 22:39:50,117 - hedge_fund_fetcher - INFO - [hedge_fund_fetcher.py:232] - Saving 39 holdings for BERKSHIRE HATHAWAY INC to database
2025-03-07 22:39:50,275 - httpx - INFO - [_client.py:1025] - HTTP Request: POST https://xtvfaileukqrdnnfghui.supabase.co/rest/v1/institution_holdings?columns=%22institution_name%22%2C%22security_type%22%2C%22value%22%2C%22shares_outstanding%22%2C%22close%22%2C%22full_name%22%2C%22sector%22%2C%22units%22%2C%22ticker%22%2C%22first_buy%22%2C%22units_change%22%2C%22avg_price%22%2C%22historical_units%22%2C%22price_first_buy%22%2C%22date%22%2C%22timestamp%22%2C%22put_call%22 "HTTP/2 400 Bad Request"
2025-03-07 22:39:50,275 - hedge_fund_fetcher - ERROR - [hedge_fund_fetcher.py:256] - Error saving holdings to database for BERKSHIRE HATHAWAY INC: {'code': 'PGRST204', 'details': None, 'hint': None, 'message': "Could not find the 'avg_price' column of 'institution_holdings' in the schema cache"}
2025-03-07 22:39:50,275 - unusual_whales_api - INFO - [unusual_whales_api.py:91] - Making request to https://api.unusualwhales.com/api/institution/BERKSHIRE HATHAWAY INC/activity with params {'limit': 200}
2025-03-07 22:39:50,574 - hedge_fund_fetcher - INFO - [hedge_fund_fetcher.py:171] - Retrieved 200 activity records for BERKSHIRE HATHAWAY INC
2025-03-07 22:39:50,575 - hedge_fund_fetcher - INFO - [hedge_fund_fetcher.py:270] - Saving 200 activity records for BERKSHIRE HATHAWAY INC to database
2025-03-07 22:39:50,635 - httpx - INFO - [_client.py:1025] - HTTP Request: POST https://xtvfaileukqrdnnfghui.supabase.co/rest/v1/institution_activity?columns=%22institution_name%22%2C%22security_type%22%2C%22price_on_report%22%2C%22shares_outstanding%22%2C%22price_on_filing%22%2C%22report_date%22%2C%22close%22%2C%22timestamp%22%2C%22units%22%2C%22ticker%22%2C%22units_change%22%2C%22avg_price%22%2C%22buy_price%22%2C%22filing_date%22%2C%22put_call%22%2C%22sell_price%22 "HTTP/2 400 Bad Request"
2025-03-07 22:39:50,636 - hedge_fund_fetcher - ERROR - [hedge_fund_fetcher.py:294] - Error saving activity to database for BERKSHIRE HATHAWAY INC: {'code': 'PGRST204', 'details': None, 'hint': None, 'message': "Could not find the 'avg_price' column of 'institution_activity' in the schema cache"}
2025-03-07 22:39:50,637 - hedge_fund_fetcher - INFO - [hedge_fund_fetcher.py:356] - Saving 200 hedge fund trades to database
2025-03-07 22:39:50,685 - httpx - INFO - [_client.py:1025] - HTTP Request: POST https://xtvfaileukqrdnnfghui.supabase.co/rest/v1/hedge_fund_trades?columns=%22action%22%2C%22institution_name%22%2C%22price%22%2C%22security_type%22%2C%22value%22%2C%22report_date%22%2C%22units%22%2C%22ticker%22%2C%22change_percent%22%2C%22filing_date%22%2C%22put_call%22 "HTTP/2 400 Bad Request"
2025-03-07 22:39:50,686 - hedge_fund_fetcher - ERROR - [hedge_fund_fetcher.py:376] - Error saving trades to database: {'code': 'PGRST204', 'details': None, 'hint': None, 'message': "Could not find the 'change_percent' column of 'hedge_fund_trades' in the schema cache"}
2025-03-07 22:39:51,187 - hedge_fund_fetcher - INFO - [hedge_fund_fetcher.py:148] - Processing fund: VIKING GLOBAL INVESTORS LP
2025-03-07 22:39:51,188 - unusual_whales_api - INFO - [unusual_whales_api.py:91] - Making request to https://api.unusualwhales.com/api/institution/VIKING GLOBAL INVESTORS LP/holdings with params {'security_types': ['Share'], 'order_direction': 'desc', 'limit': 500}
2025-03-07 22:39:51,338 - hedge_fund_fetcher - INFO - [hedge_fund_fetcher.py:158] - Retrieved 104 holdings for VIKING GLOBAL INVESTORS LP
2025-03-07 22:39:51,338 - hedge_fund_fetcher - INFO - [hedge_fund_fetcher.py:232] - Saving 104 holdings for VIKING GLOBAL INVESTORS LP to database
2025-03-07 22:39:51,409 - httpx - INFO - [_client.py:1025] - HTTP Request: POST https://xtvfaileukqrdnnfghui.supabase.co/rest/v1/institution_holdings?columns=%22institution_name%22%2C%22security_type%22%2C%22value%22%2C%22shares_outstanding%22%2C%22close%22%2C%22full_name%22%2C%22sector%22%2C%22units%22%2C%22ticker%22%2C%22first_buy%22%2C%22units_change%22%2C%22avg_price%22%2C%22historical_units%22%2C%22price_first_buy%22%2C%22date%22%2C%22timestamp%22%2C%22put_call%22 "HTTP/2 400 Bad Request"
2025-03-07 22:39:51,409 - hedge_fund_fetcher - ERROR - [hedge_fund_fetcher.py:256] - Error saving holdings to database for VIKING GLOBAL INVESTORS LP: {'code': 'PGRST204', 'details': None, 'hint': None, 'message': "Could not find the 'avg_price' column of 'institution_holdings' in the schema cache"}
2025-03-07 22:39:51,409 - unusual_whales_api - INFO - [unusual_whales_api.py:91] - Making request to https://api.unusualwhales.com/api/institution/VIKING GLOBAL INVESTORS LP/activity with params {'limit': 200}
2025-03-07 22:39:51,717 - hedge_fund_fetcher - INFO - [hedge_fund_fetcher.py:171] - Retrieved 200 activity records for VIKING GLOBAL INVESTORS LP
2025-03-07 22:39:51,717 - hedge_fund_fetcher - INFO - [hedge_fund_fetcher.py:270] - Saving 200 activity records for VIKING GLOBAL INVESTORS LP to database
2025-03-07 22:39:51,774 - httpx - INFO - [_client.py:1025] - HTTP Request: POST https://xtvfaileukqrdnnfghui.supabase.co/rest/v1/institution_activity?columns=%22institution_name%22%2C%22security_type%22%2C%22price_on_report%22%2C%22shares_outstanding%22%2C%22price_on_filing%22%2C%22report_date%22%2C%22close%22%2C%22timestamp%22%2C%22units%22%2C%22ticker%22%2C%22units_change%22%2C%22avg_price%22%2C%22buy_price%22%2C%22filing_date%22%2C%22put_call%22%2C%22sell_price%22 "HTTP/2 400 Bad Request"
2025-03-07 22:39:51,774 - hedge_fund_fetcher - ERROR - [hedge_fund_fetcher.py:294] - Error saving activity to database for VIKING GLOBAL INVESTORS LP: {'code': 'PGRST204', 'details': None, 'hint': None, 'message': "Could not find the 'avg_price' column of 'institution_activity' in the schema cache"}
2025-03-07 22:39:51,775 - hedge_fund_fetcher - INFO - [hedge_fund_fetcher.py:356] - Saving 200 hedge fund trades to database
2025-03-07 22:39:51,829 - httpx - INFO - [_client.py:1025] - HTTP Request: POST https://xtvfaileukqrdnnfghui.supabase.co/rest/v1/hedge_fund_trades?columns=%22action%22%2C%22institution_name%22%2C%22price%22%2C%22security_type%22%2C%22value%22%2C%22report_date%22%2C%22units%22%2C%22ticker%22%2C%22change_percent%22%2C%22filing_date%22%2C%22put_call%22 "HTTP/2 400 Bad Request"
2025-03-07 22:39:51,829 - hedge_fund_fetcher - ERROR - [hedge_fund_fetcher.py:376] - Error saving trades to database: {'code': 'PGRST204', 'details': None, 'hint': None, 'message': "Could not find the 'change_percent' column of 'hedge_fund_trades' in the schema cache"}
2025-03-07 22:39:52,330 - hedge_fund_fetcher - INFO - [hedge_fund_fetcher.py:148] - Processing fund: STADIUM CAPITAL MANAGEMENT LLC
2025-03-07 22:39:52,331 - unusual_whales_api - INFO - [unusual_whales_api.py:91] - Making request to https://api.unusualwhales.com/api/institution/STADIUM CAPITAL MANAGEMENT LLC/holdings with params {'security_types': ['Share'], 'order_direction': 'desc', 'limit': 500}
2025-03-07 22:39:52,457 - hedge_fund_fetcher - INFO - [hedge_fund_fetcher.py:158] - Retrieved 12 holdings for STADIUM CAPITAL MANAGEMENT LLC
2025-03-07 22:39:52,458 - hedge_fund_fetcher - INFO - [hedge_fund_fetcher.py:232] - Saving 12 holdings for STADIUM CAPITAL MANAGEMENT LLC to database
2025-03-07 22:39:52,604 - httpx - INFO - [_client.py:1025] - HTTP Request: POST https://xtvfaileukqrdnnfghui.supabase.co/rest/v1/institution_holdings?columns=%22institution_name%22%2C%22security_type%22%2C%22value%22%2C%22shares_outstanding%22%2C%22close%22%2C%22full_name%22%2C%22sector%22%2C%22units%22%2C%22ticker%22%2C%22first_buy%22%2C%22units_change%22%2C%22avg_price%22%2C%22historical_units%22%2C%22price_first_buy%22%2C%22date%22%2C%22timestamp%22%2C%22put_call%22 "HTTP/2 400 Bad Request"
2025-03-07 22:39:52,604 - hedge_fund_fetcher - ERROR - [hedge_fund_fetcher.py:256] - Error saving holdings to database for STADIUM CAPITAL MANAGEMENT LLC: {'code': 'PGRST204', 'details': None, 'hint': None, 'message': "Could not find the 'avg_price' column of 'institution_holdings' in the schema cache"}
2025-03-07 22:39:52,604 - unusual_whales_api - INFO - [unusual_whales_api.py:91] - Making request to https://api.unusualwhales.com/api/institution/STADIUM CAPITAL MANAGEMENT LLC/activity with params {'limit': 200}
2025-03-07 22:39:52,854 - hedge_fund_fetcher - INFO - [hedge_fund_fetcher.py:171] - Retrieved 200 activity records for STADIUM CAPITAL MANAGEMENT LLC
2025-03-07 22:39:52,854 - hedge_fund_fetcher - INFO - [hedge_fund_fetcher.py:270] - Saving 200 activity records for STADIUM CAPITAL MANAGEMENT LLC to database
2025-03-07 22:39:52,905 - httpx - INFO - [_client.py:1025] - HTTP Request: POST https://xtvfaileukqrdnnfghui.supabase.co/rest/v1/institution_activity?columns=%22institution_name%22%2C%22security_type%22%2C%22price_on_report%22%2C%22shares_outstanding%22%2C%22price_on_filing%22%2C%22report_date%22%2C%22close%22%2C%22timestamp%22%2C%22units%22%2C%22ticker%22%2C%22units_change%22%2C%22avg_price%22%2C%22buy_price%22%2C%22filing_date%22%2C%22put_call%22%2C%22sell_price%22 "HTTP/2 400 Bad Request"
2025-03-07 22:39:52,905 - hedge_fund_fetcher - ERROR - [hedge_fund_fetcher.py:294] - Error saving activity to database for STADIUM CAPITAL MANAGEMENT LLC: {'code': 'PGRST204', 'details': None, 'hint': None, 'message': "Could not find the 'avg_price' column of 'institution_activity' in the schema cache"}
2025-03-07 22:39:52,905 - hedge_fund_fetcher - INFO - [hedge_fund_fetcher.py:356] - Saving 200 hedge fund trades to database
2025-03-07 22:39:52,959 - httpx - INFO - [_client.py:1025] - HTTP Request: POST https://xtvfaileukqrdnnfghui.supabase.co/rest/v1/hedge_fund_trades?columns=%22action%22%2C%22institution_name%22%2C%22price%22%2C%22security_type%22%2C%22value%22%2C%22report_date%22%2C%22units%22%2C%22ticker%22%2C%22change_percent%22%2C%22filing_date%22%2C%22put_call%22 "HTTP/2 400 Bad Request"
2025-03-07 22:39:52,959 - hedge_fund_fetcher - ERROR - [hedge_fund_fetcher.py:376] - Error saving trades to database: {'code': 'PGRST204', 'details': None, 'hint': None, 'message': "Could not find the 'change_percent' column of 'hedge_fund_trades' in the schema cache"}
2025-03-07 22:39:53,461 - hedge_fund_fetcher - INFO - [hedge_fund_fetcher.py:148] - Processing fund: EMINENCE CAPITAL, LP
2025-03-07 22:39:53,462 - unusual_whales_api - INFO - [unusual_whales_api.py:91] - Making request to https://api.unusualwhales.com/api/institution/EMINENCE CAPITAL, LP/holdings with params {'security_types': ['Share'], 'order_direction': 'desc', 'limit': 500}
